#
# There is insufficient memory for the Java Runtime Environment to continue.
# Native memory allocation (malloc) failed to allocate 1524656 bytes for Chunk::new
# Possible reasons:
#   The system is out of physical RAM or swap space
#   The process is running with CompressedOops enabled, and the Java Heap may be blocking the growth of the native heap
# Possible solutions:
#   Reduce memory load on the system
#   Increase physical memory or swap space
#   Check if swap backing store is full
#   Decrease Java heap size (-Xmx/-Xms)
#   Decrease number of Java threads
#   Decrease Java thread stack sizes (-Xss)
#   Set larger code cache with -XX:ReservedCodeCacheSize=
#   JVM is running with Unscaled Compressed Oops mode in which the Java heap is
#     placed in the first 4GB address space. The Java Heap base address is the
#     maximum limit for the native heap growth. Please use -XX:HeapBaseMinAddress
#     to set the Java Heap base and to place the Java Heap above 4GB virtual address.
# This output file may be truncated or incomplete.
#
#  Out of Memory Error (arena.cpp:189), pid=26044, tid=17368
#
# JRE version: Java(TM) SE Runtime Environment (17.0.11+7) (build 17.0.11+7-LTS-207)
# Java VM: Java HotSpot(TM) 64-Bit Server VM (17.0.11+7-LTS-207, mixed mode, sharing, tiered, compressed oops, compressed class ptrs, g1 gc, windows-amd64)
# No core dump will be written. Minidumps are not enabled by default on client versions of Windows
#

---------------  S U M M A R Y ------------

Command Line: -XX:MaxMetaspaceSize=512m --add-opens=java.base/java.util=ALL-UNNAMED --add-opens=java.base/java.lang=ALL-UNNAMED --add-opens=java.base/java.lang.invoke=ALL-UNNAMED --add-opens=java.prefs/java.util.prefs=ALL-UNNAMED --add-exports=jdk.compiler/com.sun.tools.javac.api=ALL-UNNAMED --add-exports=jdk.compiler/com.sun.tools.javac.util=ALL-UNNAMED --add-opens=java.base/java.nio.charset=ALL-UNNAMED --add-opens=java.base/java.net=ALL-UNNAMED --add-opens=java.base/java.util.concurrent.atomic=ALL-UNNAMED -Xmx2048m -Dfile.encoding=utf8 -Duser.country=US -Duser.language=en -Duser.variant -javaagent:C:\Users\quoch\.gradle\wrapper\dists\gradle-8.10.2-all\7iv73wktx1xtkvlq19urqw1wm\gradle-8.10.2\lib\agents\gradle-instrumentation-agent-8.10.2.jar org.gradle.launcher.daemon.bootstrap.GradleDaemon 8.10.2

Host: 11th Gen Intel(R) Core(TM) i5-1135G7 @ 2.40GHz, 8 cores, 7G,  Windows 11 , 64 bit Build 26100 (10.0.26100.2454)
Time: Sun Dec  1 18:42:30 2024 SE Asia Standard Time elapsed time: 25.127004 seconds (0d 0h 0m 25s)

---------------  T H R E A D  ---------------

Current thread (0x000002e47eeb94a0):  JavaThread "C2 CompilerThread0" daemon [_thread_in_native, id=17368, stack(0x000000f31e900000,0x000000f31ea00000)]


Current CompileTask:
C2:  25127 7630       4       com.google.common.collect.ImmutableSet$RegularSetBuilderImpl::add (68 bytes)

Stack: [0x000000f31e900000,0x000000f31ea00000]
Native frames: (J=compiled Java code, j=interpreted, Vv=VM code, C=native code)
V  [jvm.dll+0x679cca]
V  [jvm.dll+0x7da13d]
V  [jvm.dll+0x7dba83]
V  [jvm.dll+0x7dc0f3]
V  [jvm.dll+0x2449af]
V  [jvm.dll+0xab83b]
V  [jvm.dll+0xabe1c]
V  [jvm.dll+0x36155f]
V  [jvm.dll+0x32bd61]
V  [jvm.dll+0x32b1fa]
V  [jvm.dll+0x2161df]
V  [jvm.dll+0x21560f]
V  [jvm.dll+0x1a2040]
V  [jvm.dll+0x225a2b]
V  [jvm.dll+0x223bcb]
V  [jvm.dll+0x7903ec]
V  [jvm.dll+0x78a85a]
V  [jvm.dll+0x678bb5]
C  [ucrtbase.dll+0x14ea0]
C  [KERNEL32.DLL+0x2e8d7]
C  [ntdll.dll+0xdfbcc]


---------------  P R O C E S S  ---------------

Threads class SMR info:
_java_thread_list=0x000002e4316fa820, length=68, elements={
0x000002e46fca1760, 0x000002e47ee99fd0, 0x000002e47ee9ddc0, 0x000002e47eeb3720,
0x000002e47eeb40f0, 0x000002e47eeb49c0, 0x000002e47eeb6970, 0x000002e47eeb94a0,
0x000002e47eec0330, 0x000002e47eec1b60, 0x000002e47f10d580, 0x000002e47f1e1c90,
0x000002e42eb9e210, 0x000002e47f34fce0, 0x000002e42ec4d050, 0x000002e47fb1d500,
0x000002e47fbd2330, 0x000002e47fbd3260, 0x000002e47fbcffc0, 0x000002e47fbd1910,
0x000002e47fbd3770, 0x000002e47fbd0ef0, 0x000002e47fbd2840, 0x000002e47fbd1400,
0x000002e47fbd04d0, 0x000002e47fbd09e0, 0x000002e47fbd2d50, 0x000002e47fbd1e20,
0x000002e42fe64060, 0x000002e42fe654a0, 0x000002e42fe64570, 0x000002e42fe64a80,
0x000002e42fe663d0, 0x000002e42fe63b50, 0x000002e42fe62c20, 0x000002e42fe63130,
0x000002e42fe668e0, 0x000002e42fe6a5a0, 0x000002e42fe68230, 0x000002e42fe67300,
0x000002e42fe69b80, 0x000002e42fe68740, 0x000002e42fe67d20, 0x000002e42fe6a090,
0x000002e42fe69160, 0x000002e42fe67810, 0x000002e4325600d0, 0x000002e432560af0,
0x000002e432561a20, 0x000002e432563880, 0x000002e432561510, 0x000002e432561000,
0x000002e432561f30, 0x000002e4325605e0, 0x000002e4325651d0, 0x000002e432564cc0,
0x000002e432563d90, 0x000002e4325642a0, 0x000002e4325656e0, 0x000002e432562e60,
0x000002e432565bf0, 0x000002e432562440, 0x000002e432563370, 0x000002e432566100,
0x000002e432562950, 0x000002e432566610, 0x000002e432567030, 0x000002e432838180
}

Java Threads: ( => current thread )
  0x000002e46fca1760 JavaThread "main" [_thread_blocked, id=1428, stack(0x000000f31dc00000,0x000000f31dd00000)]
  0x000002e47ee99fd0 JavaThread "Reference Handler" daemon [_thread_blocked, id=24344, stack(0x000000f31e300000,0x000000f31e400000)]
  0x000002e47ee9ddc0 JavaThread "Finalizer" daemon [_thread_blocked, id=23712, stack(0x000000f31e400000,0x000000f31e500000)]
  0x000002e47eeb3720 JavaThread "Signal Dispatcher" daemon [_thread_blocked, id=10812, stack(0x000000f31e500000,0x000000f31e600000)]
  0x000002e47eeb40f0 JavaThread "Attach Listener" daemon [_thread_blocked, id=14352, stack(0x000000f31e600000,0x000000f31e700000)]
  0x000002e47eeb49c0 JavaThread "Service Thread" daemon [_thread_blocked, id=14908, stack(0x000000f31e700000,0x000000f31e800000)]
  0x000002e47eeb6970 JavaThread "Monitor Deflation Thread" daemon [_thread_blocked, id=8448, stack(0x000000f31e800000,0x000000f31e900000)]
=>0x000002e47eeb94a0 JavaThread "C2 CompilerThread0" daemon [_thread_in_native, id=17368, stack(0x000000f31e900000,0x000000f31ea00000)]
  0x000002e47eec0330 JavaThread "C1 CompilerThread0" daemon [_thread_blocked, id=3880, stack(0x000000f31ea00000,0x000000f31eb00000)]
  0x000002e47eec1b60 JavaThread "Sweeper thread" daemon [_thread_blocked, id=4480, stack(0x000000f31eb00000,0x000000f31ec00000)]
  0x000002e47f10d580 JavaThread "Common-Cleaner" daemon [_thread_blocked, id=25340, stack(0x000000f31ec00000,0x000000f31ed00000)]
  0x000002e47f1e1c90 JavaThread "Notification Thread" daemon [_thread_blocked, id=13216, stack(0x000000f31ed00000,0x000000f31ee00000)]
  0x000002e42eb9e210 JavaThread "Daemon health stats" [_thread_blocked, id=14136, stack(0x000000f31f300000,0x000000f31f400000)]
  0x000002e47f34fce0 JavaThread "Incoming local TCP Connector on port 51130" [_thread_in_native, id=22800, stack(0x000000f31f400000,0x000000f31f500000)]
  0x000002e42ec4d050 JavaThread "Daemon periodic checks" [_thread_blocked, id=8940, stack(0x000000f31f500000,0x000000f31f600000)]
  0x000002e47fb1d500 JavaThread "Daemon" [_thread_blocked, id=10224, stack(0x000000f31f600000,0x000000f31f700000)]
  0x000002e47fbd2330 JavaThread "Handler for socket connection from /127.0.0.1:51130 to /127.0.0.1:51131" [_thread_in_native, id=15776, stack(0x000000f31f700000,0x000000f31f800000)]
  0x000002e47fbd3260 JavaThread "Cancel handler" [_thread_blocked, id=14020, stack(0x000000f31f800000,0x000000f31f900000)]
  0x000002e47fbcffc0 JavaThread "Daemon worker" [_thread_in_native, id=16616, stack(0x000000f31f900000,0x000000f31fa00000)]
  0x000002e47fbd1910 JavaThread "Asynchronous log dispatcher for DefaultDaemonConnection: socket connection from /127.0.0.1:51130 to /127.0.0.1:51131" [_thread_blocked, id=3004, stack(0x000000f31fa00000,0x000000f31fb00000)]
  0x000002e47fbd3770 JavaThread "Stdin handler" [_thread_blocked, id=9956, stack(0x000000f31fb00000,0x000000f31fc00000)]
  0x000002e47fbd0ef0 JavaThread "Daemon client event forwarder" [_thread_blocked, id=23380, stack(0x000000f31fc00000,0x000000f31fd00000)]
  0x000002e47fbd2840 JavaThread "Cache worker for journal cache (C:\Users\quoch\.gradle\caches\journal-1)" [_thread_blocked, id=7068, stack(0x000000f31fd00000,0x000000f31fe00000)]
  0x000002e47fbd1400 JavaThread "File lock request listener" [_thread_in_native, id=13536, stack(0x000000f31fe00000,0x000000f31ff00000)]
  0x000002e47fbd04d0 JavaThread "Cache worker for file hash cache (C:\Users\quoch\.gradle\caches\8.10.2\fileHashes)" [_thread_blocked, id=22932, stack(0x000000f31ff00000,0x000000f320000000)]
  0x000002e47fbd09e0 JavaThread "Cache worker for file hash cache (D:\FinalPJ\android\.gradle\8.10.2\fileHashes)" [_thread_blocked, id=9568, stack(0x000000f320300000,0x000000f320400000)]
  0x000002e47fbd2d50 JavaThread "Cache worker for Build Output Cleanup Cache (D:\FinalPJ\android\.gradle\buildOutputCleanup)" [_thread_blocked, id=6960, stack(0x000000f320400000,0x000000f320500000)]
  0x000002e47fbd1e20 JavaThread "File watcher server" daemon [_thread_in_native, id=12416, stack(0x000000f320600000,0x000000f320700000)]
  0x000002e42fe64060 JavaThread "File watcher consumer" daemon [_thread_blocked, id=16656, stack(0x000000f320700000,0x000000f320800000)]
  0x000002e42fe654a0 JavaThread "Cache worker for checksums cache (D:\FinalPJ\android\.gradle\8.10.2\checksums)" [_thread_blocked, id=25384, stack(0x000000f320800000,0x000000f320900000)]
  0x000002e42fe64570 JavaThread "Cache worker for file content cache (C:\Users\quoch\.gradle\caches\8.10.2\fileContent)" [_thread_blocked, id=20032, stack(0x000000f320900000,0x000000f320a00000)]
  0x000002e42fe64a80 JavaThread "Cache worker for cache directory md-rule (C:\Users\quoch\.gradle\caches\8.10.2\md-rule)" [_thread_blocked, id=16568, stack(0x000000f320a00000,0x000000f320b00000)]
  0x000002e42fe663d0 JavaThread "Cache worker for cache directory md-supplier (C:\Users\quoch\.gradle\caches\8.10.2\md-supplier)" [_thread_blocked, id=24032, stack(0x000000f320b00000,0x000000f320c00000)]
  0x000002e42fe63b50 JavaThread "jar transforms" [_thread_blocked, id=22748, stack(0x000000f320c00000,0x000000f320d00000)]
  0x000002e42fe62c20 JavaThread "jar transforms Thread 2" [_thread_blocked, id=20692, stack(0x000000f320d00000,0x000000f320e00000)]
  0x000002e42fe63130 JavaThread "jar transforms Thread 3" [_thread_blocked, id=16200, stack(0x000000f321200000,0x000000f321300000)]
  0x000002e42fe668e0 JavaThread "Cache worker for Build Output Cleanup Cache (D:\FinalPJ\node_modules\@react-native\gradle-plugin\.gradle\buildOutputCleanup)" [_thread_blocked, id=17232, stack(0x000000f321300000,0x000000f321400000)]
  0x000002e42fe6a5a0 JavaThread "Unconstrained build operations" [_thread_blocked, id=18280, stack(0x000000f320f00000,0x000000f321000000)]
  0x000002e42fe68230 JavaThread "Unconstrained build operations Thread 2" [_thread_blocked, id=15456, stack(0x000000f321400000,0x000000f321500000)]
  0x000002e42fe67300 JavaThread "Unconstrained build operations Thread 3" [_thread_blocked, id=17512, stack(0x000000f321500000,0x000000f321600000)]
  0x000002e42fe69b80 JavaThread "Unconstrained build operations Thread 4" [_thread_blocked, id=15688, stack(0x000000f321600000,0x000000f321700000)]
  0x000002e42fe68740 JavaThread "Unconstrained build operations Thread 5" [_thread_blocked, id=24684, stack(0x000000f321700000,0x000000f321800000)]
  0x000002e42fe67d20 JavaThread "Unconstrained build operations Thread 6" [_thread_blocked, id=22608, stack(0x000000f321800000,0x000000f321900000)]
  0x000002e42fe6a090 JavaThread "File lock release action executor" [_thread_blocked, id=18328, stack(0x000000f321a00000,0x000000f321b00000)]
  0x000002e42fe69160 JavaThread "Unconstrained build operations Thread 7" [_thread_blocked, id=22464, stack(0x000000f321900000,0x000000f321a00000)]
  0x000002e42fe67810 JavaThread "Unconstrained build operations Thread 8" [_thread_blocked, id=23060, stack(0x000000f321b00000,0x000000f321c00000)]
  0x000002e4325600d0 JavaThread "Unconstrained build operations Thread 9" [_thread_blocked, id=25832, stack(0x000000f321c00000,0x000000f321d00000)]
  0x000002e432560af0 JavaThread "Unconstrained build operations Thread 10" [_thread_blocked, id=3540, stack(0x000000f321d00000,0x000000f321e00000)]
  0x000002e432561a20 JavaThread "Unconstrained build operations Thread 11" [_thread_blocked, id=25008, stack(0x000000f321e00000,0x000000f321f00000)]
  0x000002e432563880 JavaThread "Unconstrained build operations Thread 12" [_thread_blocked, id=8580, stack(0x000000f321f00000,0x000000f322000000)]
  0x000002e432561510 JavaThread "Unconstrained build operations Thread 13" [_thread_blocked, id=24828, stack(0x000000f322000000,0x000000f322100000)]
  0x000002e432561000 JavaThread "Unconstrained build operations Thread 14" [_thread_blocked, id=26124, stack(0x000000f322100000,0x000000f322200000)]
  0x000002e432561f30 JavaThread "Unconstrained build operations Thread 15" [_thread_blocked, id=4508, stack(0x000000f322200000,0x000000f322300000)]
  0x000002e4325605e0 JavaThread "Unconstrained build operations Thread 16" [_thread_blocked, id=19380, stack(0x000000f322300000,0x000000f322400000)]
  0x000002e4325651d0 JavaThread "Unconstrained build operations Thread 17" [_thread_blocked, id=13400, stack(0x000000f322400000,0x000000f322500000)]
  0x000002e432564cc0 JavaThread "Unconstrained build operations Thread 18" [_thread_blocked, id=12788, stack(0x000000f322500000,0x000000f322600000)]
  0x000002e432563d90 JavaThread "Unconstrained build operations Thread 19" [_thread_blocked, id=14412, stack(0x000000f322600000,0x000000f322700000)]
  0x000002e4325642a0 JavaThread "Unconstrained build operations Thread 20" [_thread_blocked, id=23752, stack(0x000000f322700000,0x000000f322800000)]
  0x000002e4325656e0 JavaThread "Unconstrained build operations Thread 21" [_thread_blocked, id=24960, stack(0x000000f322800000,0x000000f322900000)]
  0x000002e432562e60 JavaThread "Unconstrained build operations Thread 22" [_thread_blocked, id=4704, stack(0x000000f322900000,0x000000f322a00000)]
  0x000002e432565bf0 JavaThread "Unconstrained build operations Thread 23" [_thread_blocked, id=22244, stack(0x000000f322a00000,0x000000f322b00000)]
  0x000002e432562440 JavaThread "Unconstrained build operations Thread 24" [_thread_blocked, id=9624, stack(0x000000f322b00000,0x000000f322c00000)]
  0x000002e432563370 JavaThread "Unconstrained build operations Thread 25" [_thread_blocked, id=3464, stack(0x000000f322c00000,0x000000f322d00000)]
  0x000002e432566100 JavaThread "Unconstrained build operations Thread 26" [_thread_blocked, id=25192, stack(0x000000f322d00000,0x000000f322e00000)]
  0x000002e432562950 JavaThread "Unconstrained build operations Thread 27" [_thread_blocked, id=25664, stack(0x000000f322e00000,0x000000f322f00000)]
  0x000002e432566610 JavaThread "Memory manager" [_thread_blocked, id=5024, stack(0x000000f322f00000,0x000000f323000000)]
  0x000002e432567030 JavaThread "build event listener" [_thread_blocked, id=7072, stack(0x000000f320e00000,0x000000f320f00000)]
  0x000002e432838180 JavaThread "C2 CompilerThread1" daemon [_thread_blocked, id=16672, stack(0x000000f323000000,0x000000f323100000)]

Other Threads:
  0x000002e47ee93300 VMThread "VM Thread" [stack: 0x000000f31e200000,0x000000f31e300000] [id=6116]
  0x000002e46fca24f0 WatcherThread [stack: 0x000000f31ee00000,0x000000f31ef00000] [id=10672]
  0x000002e46fcffce0 GCTaskThread "GC Thread#0" [stack: 0x000000f31dd00000,0x000000f31de00000] [id=17584]
  0x000002e47f84cb20 GCTaskThread "GC Thread#1" [stack: 0x000000f31ef00000,0x000000f31f000000] [id=18096]
  0x000002e47f2cf320 GCTaskThread "GC Thread#2" [stack: 0x000000f31f000000,0x000000f31f100000] [id=1472]
  0x000002e42e14fa40 GCTaskThread "GC Thread#3" [stack: 0x000000f31f100000,0x000000f31f200000] [id=2360]
  0x000002e47fb98bc0 GCTaskThread "GC Thread#4" [stack: 0x000000f31f200000,0x000000f31f300000] [id=13756]
  0x000002e42f477290 GCTaskThread "GC Thread#5" [stack: 0x000000f320000000,0x000000f320100000] [id=26136]
  0x000002e42f480820 GCTaskThread "GC Thread#6" [stack: 0x000000f320100000,0x000000f320200000] [id=1680]
  0x000002e42f638010 GCTaskThread "GC Thread#7" [stack: 0x000000f320200000,0x000000f320300000] [id=19404]
  0x000002e46fd11810 ConcurrentGCThread "G1 Main Marker" [stack: 0x000000f31de00000,0x000000f31df00000] [id=19328]
  0x000002e46fd128d0 ConcurrentGCThread "G1 Conc#0" [stack: 0x000000f31df00000,0x000000f31e000000] [id=25732]
  0x000002e42f46a840 ConcurrentGCThread "G1 Conc#1" [stack: 0x000000f320500000,0x000000f320600000] [id=23428]
  0x000002e47ed520c0 ConcurrentGCThread "G1 Refine#0" [stack: 0x000000f31e000000,0x000000f31e100000] [id=8344]
  0x000002e42fb82e40 ConcurrentGCThread "G1 Refine#1" [stack: 0x000000f321000000,0x000000f321100000] [id=14544]
  0x000002e42fb82280 ConcurrentGCThread "G1 Refine#2" [stack: 0x000000f321100000,0x000000f321200000] [id=9176]
  0x000002e47ed52a00 ConcurrentGCThread "G1 Service" [stack: 0x000000f31e100000,0x000000f31e200000] [id=7004]

Threads with active compile tasks:
C2 CompilerThread0    25183 7630       4       com.google.common.collect.ImmutableSet$RegularSetBuilderImpl::add (68 bytes)

VM state: not at safepoint (normal execution)

VM Mutex/Monitor currently owned by a thread: None

Heap address: 0x0000000080000000, size: 2048 MB, Compressed Oops mode: 32-bit

CDS archive(s) mapped at: [0x000002e40f000000-0x000002e40fbd0000-0x000002e40fbd0000), size 12386304, SharedBaseAddress: 0x000002e40f000000, ArchiveRelocationMode: 1.
Compressed class space mapped at: 0x000002e410000000-0x000002e42a000000, reserved size: 436207616
Narrow klass base: 0x000002e40f000000, Narrow klass shift: 0, Narrow klass range: 0x100000000

GC Precious Log:
 CPUs: 8 total, 8 available
 Memory: 7886M
 Large Page Support: Disabled
 NUMA Support: Disabled
 Compressed Oops: Enabled (32-bit)
 Heap Region Size: 1M
 Heap Min Capacity: 8M
 Heap Initial Capacity: 124M
 Heap Max Capacity: 2G
 Pre-touch: Disabled
 Parallel Workers: 8
 Concurrent Workers: 2
 Concurrent Refinement Workers: 8
 Periodic GC: Disabled

Heap:
 garbage-first heap   total 116736K, used 86417K [0x0000000080000000, 0x0000000100000000)
  region size 1024K, 23 young (23552K), 2 survivors (2048K)
 Metaspace       used 62683K, committed 63360K, reserved 491520K
  class space    used 8888K, committed 9216K, reserved 425984K

Heap Regions: E=young(eden), S=young(survivor), O=old, HS=humongous(starts), HC=humongous(continues), CS=collection set, F=free, OA=open archive, CA=closed archive, TAMS=top-at-mark-start (previous, next)
|   0|0x0000000080000000, 0x0000000080100000, 0x0000000080100000|100%| O|  |TAMS 0x0000000080100000, 0x0000000080000000| Untracked 
|   1|0x0000000080100000, 0x0000000080200000, 0x0000000080200000|100%| O|  |TAMS 0x0000000080200000, 0x0000000080100000| Untracked 
|   2|0x0000000080200000, 0x0000000080300000, 0x0000000080300000|100%|HS|  |TAMS 0x0000000080300000, 0x0000000080200000| Complete 
|   3|0x0000000080300000, 0x0000000080400000, 0x0000000080400000|100%|HC|  |TAMS 0x0000000080400000, 0x0000000080300000| Complete 
|   4|0x0000000080400000, 0x0000000080500000, 0x0000000080500000|100%|HC|  |TAMS 0x0000000080500000, 0x0000000080400000| Complete 
|   5|0x0000000080500000, 0x0000000080600000, 0x0000000080600000|100%|HC|  |TAMS 0x0000000080600000, 0x0000000080500000| Complete 
|   6|0x0000000080600000, 0x0000000080700000, 0x0000000080700000|100%| O|  |TAMS 0x0000000080700000, 0x0000000080600000| Untracked 
|   7|0x0000000080700000, 0x0000000080800000, 0x0000000080800000|100%| O|  |TAMS 0x0000000080800000, 0x0000000080700000| Untracked 
|   8|0x0000000080800000, 0x0000000080900000, 0x0000000080900000|100%| O|  |TAMS 0x0000000080900000, 0x0000000080800000| Untracked 
|   9|0x0000000080900000, 0x0000000080a00000, 0x0000000080a00000|100%|HS|  |TAMS 0x0000000080a00000, 0x0000000080900000| Complete 
|  10|0x0000000080a00000, 0x0000000080b00000, 0x0000000080b00000|100%| O|  |TAMS 0x0000000080b00000, 0x0000000080a00000| Untracked 
|  11|0x0000000080b00000, 0x0000000080c00000, 0x0000000080c00000|100%| O|  |TAMS 0x0000000080c00000, 0x0000000080b00000| Untracked 
|  12|0x0000000080c00000, 0x0000000080d00000, 0x0000000080d00000|100%| O|  |TAMS 0x0000000080d00000, 0x0000000080c00000| Untracked 
|  13|0x0000000080d00000, 0x0000000080e00000, 0x0000000080e00000|100%| O|  |TAMS 0x0000000080e00000, 0x0000000080d00000| Untracked 
|  14|0x0000000080e00000, 0x0000000080f00000, 0x0000000080f00000|100%| O|  |TAMS 0x0000000080f00000, 0x0000000080e00000| Untracked 
|  15|0x0000000080f00000, 0x0000000081000000, 0x0000000081000000|100%| O|  |TAMS 0x0000000081000000, 0x0000000080f00000| Untracked 
|  16|0x0000000081000000, 0x0000000081100000, 0x0000000081100000|100%| O|  |TAMS 0x0000000081100000, 0x0000000081000000| Untracked 
|  17|0x0000000081100000, 0x0000000081200000, 0x0000000081200000|100%| O|  |TAMS 0x0000000081200000, 0x0000000081100000| Untracked 
|  18|0x0000000081200000, 0x0000000081300000, 0x0000000081300000|100%| O|  |TAMS 0x0000000081300000, 0x0000000081200000| Untracked 
|  19|0x0000000081300000, 0x0000000081400000, 0x0000000081400000|100%| O|  |TAMS 0x0000000081400000, 0x0000000081300000| Untracked 
|  20|0x0000000081400000, 0x0000000081500000, 0x0000000081500000|100%| O|  |TAMS 0x0000000081500000, 0x0000000081400000| Untracked 
|  21|0x0000000081500000, 0x0000000081600000, 0x0000000081600000|100%| O|  |TAMS 0x0000000081600000, 0x0000000081500000| Untracked 
|  22|0x0000000081600000, 0x0000000081700000, 0x0000000081700000|100%| O|  |TAMS 0x0000000081700000, 0x0000000081600000| Untracked 
|  23|0x0000000081700000, 0x0000000081800000, 0x0000000081800000|100%| O|  |TAMS 0x0000000081800000, 0x0000000081700000| Untracked 
|  24|0x0000000081800000, 0x0000000081900000, 0x0000000081900000|100%| O|  |TAMS 0x0000000081900000, 0x0000000081800000| Untracked 
|  25|0x0000000081900000, 0x0000000081900000, 0x0000000081a00000|  0%| F|  |TAMS 0x0000000081900000, 0x0000000081900000| Untracked 
|  26|0x0000000081a00000, 0x0000000081b00000, 0x0000000081b00000|100%| O|  |TAMS 0x0000000081b00000, 0x0000000081a00000| Untracked 
|  27|0x0000000081b00000, 0x0000000081c00000, 0x0000000081c00000|100%| O|  |TAMS 0x0000000081c00000, 0x0000000081b00000| Untracked 
|  28|0x0000000081c00000, 0x0000000081d00000, 0x0000000081d00000|100%| O|  |TAMS 0x0000000081d00000, 0x0000000081c00000| Untracked 
|  29|0x0000000081d00000, 0x0000000081e00000, 0x0000000081e00000|100%| O|  |TAMS 0x0000000081e00000, 0x0000000081d00000| Untracked 
|  30|0x0000000081e00000, 0x0000000081f00000, 0x0000000081f00000|100%| O|  |TAMS 0x0000000081f00000, 0x0000000081e00000| Complete 
|  31|0x0000000081f00000, 0x0000000082000000, 0x0000000082000000|100%| O|  |TAMS 0x0000000082000000, 0x0000000081f00000| Untracked 
|  32|0x0000000082000000, 0x0000000082100000, 0x0000000082100000|100%| O|  |TAMS 0x0000000082100000, 0x0000000082000000| Untracked 
|  33|0x0000000082100000, 0x0000000082200000, 0x0000000082200000|100%| O|  |TAMS 0x0000000082200000, 0x0000000082100000| Untracked 
|  34|0x0000000082200000, 0x0000000082300000, 0x0000000082300000|100%| O|  |TAMS 0x0000000082300000, 0x0000000082200000| Untracked 
|  35|0x0000000082300000, 0x0000000082400000, 0x0000000082400000|100%| O|  |TAMS 0x0000000082400000, 0x0000000082300000| Untracked 
|  36|0x0000000082400000, 0x0000000082500000, 0x0000000082500000|100%| O|  |TAMS 0x0000000082500000, 0x0000000082400000| Untracked 
|  37|0x0000000082500000, 0x0000000082600000, 0x0000000082600000|100%| O|  |TAMS 0x0000000082600000, 0x0000000082500000| Untracked 
|  38|0x0000000082600000, 0x0000000082700000, 0x0000000082700000|100%| O|  |TAMS 0x0000000082700000, 0x0000000082600000| Untracked 
|  39|0x0000000082700000, 0x0000000082800000, 0x0000000082800000|100%| O|  |TAMS 0x0000000082800000, 0x0000000082700000| Untracked 
|  40|0x0000000082800000, 0x0000000082900000, 0x0000000082900000|100%| O|  |TAMS 0x0000000082900000, 0x0000000082800000| Untracked 
|  41|0x0000000082900000, 0x0000000082a00000, 0x0000000082a00000|100%| O|  |TAMS 0x0000000082a00000, 0x0000000082900000| Untracked 
|  42|0x0000000082a00000, 0x0000000082b00000, 0x0000000082b00000|100%| O|  |TAMS 0x0000000082b00000, 0x0000000082a00000| Untracked 
|  43|0x0000000082b00000, 0x0000000082c00000, 0x0000000082c00000|100%| O|  |TAMS 0x0000000082c00000, 0x0000000082b00000| Untracked 
|  44|0x0000000082c00000, 0x0000000082d00000, 0x0000000082d00000|100%| O|  |TAMS 0x0000000082d00000, 0x0000000082c00000| Untracked 
|  45|0x0000000082d00000, 0x0000000082e00000, 0x0000000082e00000|100%| O|  |TAMS 0x0000000082e00000, 0x0000000082d00000| Untracked 
|  46|0x0000000082e00000, 0x0000000082f00000, 0x0000000082f00000|100%|HS|  |TAMS 0x0000000082f00000, 0x0000000082e00000| Complete 
|  47|0x0000000082f00000, 0x0000000083000000, 0x0000000083000000|100%|HC|  |TAMS 0x0000000083000000, 0x0000000082f00000| Complete 
|  48|0x0000000083000000, 0x0000000083100000, 0x0000000083100000|100%|HS|  |TAMS 0x0000000083100000, 0x0000000083000000| Complete 
|  49|0x0000000083100000, 0x0000000083200000, 0x0000000083200000|100%|HC|  |TAMS 0x0000000083200000, 0x0000000083100000| Complete 
|  50|0x0000000083200000, 0x0000000083300000, 0x0000000083300000|100%| O|  |TAMS 0x0000000083300000, 0x0000000083200000| Untracked 
|  51|0x0000000083300000, 0x0000000083400000, 0x0000000083400000|100%| O|  |TAMS 0x0000000083400000, 0x0000000083300000| Untracked 
|  52|0x0000000083400000, 0x0000000083500000, 0x0000000083500000|100%| O|  |TAMS 0x0000000083500000, 0x0000000083400000| Untracked 
|  53|0x0000000083500000, 0x0000000083600000, 0x0000000083600000|100%| O|  |TAMS 0x0000000083600000, 0x0000000083500000| Untracked 
|  54|0x0000000083600000, 0x0000000083700000, 0x0000000083700000|100%|HS|  |TAMS 0x0000000083700000, 0x0000000083600000| Complete 
|  55|0x0000000083700000, 0x0000000083800000, 0x0000000083800000|100%|HC|  |TAMS 0x0000000083800000, 0x0000000083700000| Complete 
|  56|0x0000000083800000, 0x0000000083900000, 0x0000000083900000|100%|HC|  |TAMS 0x0000000083900000, 0x0000000083800000| Complete 
|  57|0x0000000083900000, 0x0000000083a00000, 0x0000000083a00000|100%|HC|  |TAMS 0x0000000083a00000, 0x0000000083900000| Complete 
|  58|0x0000000083a00000, 0x0000000083b00000, 0x0000000083b00000|100%|HS|  |TAMS 0x0000000083b00000, 0x0000000083a00000| Complete 
|  59|0x0000000083b00000, 0x0000000083c00000, 0x0000000083c00000|100%|HC|  |TAMS 0x0000000083c00000, 0x0000000083b00000| Complete 
|  60|0x0000000083c00000, 0x0000000083d00000, 0x0000000083d00000|100%|HC|  |TAMS 0x0000000083d00000, 0x0000000083c00000| Complete 
|  61|0x0000000083d00000, 0x0000000083e00000, 0x0000000083e00000|100%|HC|  |TAMS 0x0000000083e00000, 0x0000000083d00000| Complete 
|  62|0x0000000083e00000, 0x0000000083f00000, 0x0000000083f00000|100%| O|  |TAMS 0x0000000083f00000, 0x0000000083e00000| Untracked 
|  63|0x0000000083f00000, 0x0000000083fe4600, 0x0000000084000000| 89%| O|  |TAMS 0x0000000083fe4600, 0x0000000083f00000| Untracked 
|  64|0x0000000084000000, 0x0000000084000000, 0x0000000084100000|  0%| F|  |TAMS 0x0000000084000000, 0x0000000084000000| Untracked 
|  65|0x0000000084100000, 0x0000000084100000, 0x0000000084200000|  0%| F|  |TAMS 0x0000000084100000, 0x0000000084100000| Untracked 
|  66|0x0000000084200000, 0x0000000084200000, 0x0000000084300000|  0%| F|  |TAMS 0x0000000084200000, 0x0000000084200000| Untracked 
|  67|0x0000000084300000, 0x0000000084300000, 0x0000000084400000|  0%| F|  |TAMS 0x0000000084300000, 0x0000000084300000| Untracked 
|  68|0x0000000084400000, 0x0000000084400000, 0x0000000084500000|  0%| F|  |TAMS 0x0000000084400000, 0x0000000084400000| Untracked 
|  69|0x0000000084500000, 0x0000000084500000, 0x0000000084600000|  0%| F|  |TAMS 0x0000000084500000, 0x0000000084500000| Untracked 
|  70|0x0000000084600000, 0x0000000084600000, 0x0000000084700000|  0%| F|  |TAMS 0x0000000084600000, 0x0000000084600000| Untracked 
|  71|0x0000000084700000, 0x0000000084700000, 0x0000000084800000|  0%| F|  |TAMS 0x0000000084700000, 0x0000000084700000| Untracked 
|  72|0x0000000084800000, 0x0000000084800000, 0x0000000084900000|  0%| F|  |TAMS 0x0000000084800000, 0x0000000084800000| Untracked 
|  73|0x0000000084900000, 0x0000000084900000, 0x0000000084a00000|  0%| F|  |TAMS 0x0000000084900000, 0x0000000084900000| Untracked 
|  74|0x0000000084a00000, 0x0000000084a00000, 0x0000000084b00000|  0%| F|  |TAMS 0x0000000084a00000, 0x0000000084a00000| Untracked 
|  75|0x0000000084b00000, 0x0000000084b00000, 0x0000000084c00000|  0%| F|  |TAMS 0x0000000084b00000, 0x0000000084b00000| Untracked 
|  76|0x0000000084c00000, 0x0000000084c00000, 0x0000000084d00000|  0%| F|  |TAMS 0x0000000084c00000, 0x0000000084c00000| Untracked 
|  77|0x0000000084d00000, 0x0000000084d00000, 0x0000000084e00000|  0%| F|  |TAMS 0x0000000084d00000, 0x0000000084d00000| Untracked 
|  78|0x0000000084e00000, 0x0000000084e00000, 0x0000000084f00000|  0%| F|  |TAMS 0x0000000084e00000, 0x0000000084e00000| Untracked 
|  79|0x0000000084f00000, 0x0000000084f00000, 0x0000000085000000|  0%| F|  |TAMS 0x0000000084f00000, 0x0000000084f00000| Untracked 
|  80|0x0000000085000000, 0x0000000085000000, 0x0000000085100000|  0%| F|  |TAMS 0x0000000085000000, 0x0000000085000000| Untracked 
|  81|0x0000000085100000, 0x0000000085180050, 0x0000000085200000| 50%| S|CS|TAMS 0x0000000085100000, 0x0000000085100000| Complete 
|  82|0x0000000085200000, 0x0000000085300000, 0x0000000085300000|100%| S|CS|TAMS 0x0000000085200000, 0x0000000085200000| Complete 
|  83|0x0000000085300000, 0x0000000085300000, 0x0000000085400000|  0%| F|  |TAMS 0x0000000085300000, 0x0000000085300000| Untracked 
|  84|0x0000000085400000, 0x0000000085400000, 0x0000000085500000|  0%| F|  |TAMS 0x0000000085400000, 0x0000000085400000| Untracked 
|  85|0x0000000085500000, 0x0000000085500000, 0x0000000085600000|  0%| F|  |TAMS 0x0000000085500000, 0x0000000085500000| Untracked 
|  86|0x0000000085600000, 0x0000000085600000, 0x0000000085700000|  0%| F|  |TAMS 0x0000000085600000, 0x0000000085600000| Untracked 
|  87|0x0000000085700000, 0x0000000085700000, 0x0000000085800000|  0%| F|  |TAMS 0x0000000085700000, 0x0000000085700000| Untracked 
|  88|0x0000000085800000, 0x0000000085800000, 0x0000000085900000|  0%| F|  |TAMS 0x0000000085800000, 0x0000000085800000| Untracked 
|  89|0x0000000085900000, 0x0000000085900000, 0x0000000085a00000|  0%| F|  |TAMS 0x0000000085900000, 0x0000000085900000| Untracked 
|  90|0x0000000085a00000, 0x0000000085a00000, 0x0000000085b00000|  0%| F|  |TAMS 0x0000000085a00000, 0x0000000085a00000| Untracked 
|  91|0x0000000085b00000, 0x0000000085b00000, 0x0000000085c00000|  0%| F|  |TAMS 0x0000000085b00000, 0x0000000085b00000| Untracked 
|  92|0x0000000085c00000, 0x0000000085c00000, 0x0000000085d00000|  0%| F|  |TAMS 0x0000000085c00000, 0x0000000085c00000| Untracked 
|  93|0x0000000085d00000, 0x0000000085de5118, 0x0000000085e00000| 89%| E|  |TAMS 0x0000000085d00000, 0x0000000085d00000| Complete 
|  94|0x0000000085e00000, 0x0000000085f00000, 0x0000000085f00000|100%| E|CS|TAMS 0x0000000085e00000, 0x0000000085e00000| Complete 
|  95|0x0000000085f00000, 0x0000000086000000, 0x0000000086000000|100%| E|CS|TAMS 0x0000000085f00000, 0x0000000085f00000| Complete 
|  96|0x0000000086000000, 0x0000000086100000, 0x0000000086100000|100%| E|CS|TAMS 0x0000000086000000, 0x0000000086000000| Complete 
|  97|0x0000000086100000, 0x0000000086200000, 0x0000000086200000|100%| E|CS|TAMS 0x0000000086100000, 0x0000000086100000| Complete 
|  98|0x0000000086200000, 0x0000000086300000, 0x0000000086300000|100%| E|CS|TAMS 0x0000000086200000, 0x0000000086200000| Complete 
|  99|0x0000000086300000, 0x0000000086400000, 0x0000000086400000|100%| E|CS|TAMS 0x0000000086300000, 0x0000000086300000| Complete 
| 100|0x0000000086400000, 0x0000000086500000, 0x0000000086500000|100%| E|CS|TAMS 0x0000000086400000, 0x0000000086400000| Complete 
| 101|0x0000000086500000, 0x0000000086600000, 0x0000000086600000|100%| E|CS|TAMS 0x0000000086500000, 0x0000000086500000| Complete 
| 102|0x0000000086600000, 0x0000000086700000, 0x0000000086700000|100%| E|CS|TAMS 0x0000000086600000, 0x0000000086600000| Complete 
| 103|0x0000000086700000, 0x0000000086800000, 0x0000000086800000|100%| E|CS|TAMS 0x0000000086700000, 0x0000000086700000| Complete 
| 104|0x0000000086800000, 0x0000000086900000, 0x0000000086900000|100%| E|CS|TAMS 0x0000000086800000, 0x0000000086800000| Complete 
| 105|0x0000000086900000, 0x0000000086a00000, 0x0000000086a00000|100%| E|CS|TAMS 0x0000000086900000, 0x0000000086900000| Complete 
| 106|0x0000000086a00000, 0x0000000086b00000, 0x0000000086b00000|100%| E|CS|TAMS 0x0000000086a00000, 0x0000000086a00000| Complete 
| 107|0x0000000086b00000, 0x0000000086c00000, 0x0000000086c00000|100%| E|CS|TAMS 0x0000000086b00000, 0x0000000086b00000| Complete 
| 108|0x0000000086c00000, 0x0000000086d00000, 0x0000000086d00000|100%| E|CS|TAMS 0x0000000086c00000, 0x0000000086c00000| Complete 
| 109|0x0000000086d00000, 0x0000000086e00000, 0x0000000086e00000|100%| E|CS|TAMS 0x0000000086d00000, 0x0000000086d00000| Complete 
| 110|0x0000000086e00000, 0x0000000086f00000, 0x0000000086f00000|100%| E|CS|TAMS 0x0000000086e00000, 0x0000000086e00000| Complete 
| 111|0x0000000086f00000, 0x0000000087000000, 0x0000000087000000|100%| E|CS|TAMS 0x0000000086f00000, 0x0000000086f00000| Complete 
| 112|0x0000000087000000, 0x0000000087100000, 0x0000000087100000|100%| E|CS|TAMS 0x0000000087000000, 0x0000000087000000| Complete 
| 123|0x0000000087b00000, 0x0000000087c00000, 0x0000000087c00000|100%| E|CS|TAMS 0x0000000087b00000, 0x0000000087b00000| Complete 

Card table byte_map: [0x000002e477ca0000,0x000002e4780a0000] _byte_map_base: 0x000002e4778a0000

Marking Bits (Prev, Next): (CMBitMap*) 0x000002e46fd00250, (CMBitMap*) 0x000002e46fd00210
 Prev Bits: [0x000002e47a4a0000, 0x000002e47c4a0000)
 Next Bits: [0x000002e4784a0000, 0x000002e47a4a0000)

Polling page: 0x000002e46f3c0000

Metaspace:

Usage:
  Non-class:     52.54 MB used.
      Class:      8.68 MB used.
       Both:     61.23 MB used.

Virtual space:
  Non-class space:       64.00 MB reserved,      52.94 MB ( 83%) committed,  1 nodes.
      Class space:      416.00 MB reserved,       9.00 MB (  2%) committed,  1 nodes.
             Both:      480.00 MB reserved,      61.94 MB ( 13%) committed. 

Chunk freelists:
   Non-Class:  10.48 MB
       Class:  6.92 MB
        Both:  17.41 MB

MaxMetaspaceSize: 512.00 MB
CompressedClassSpaceSize: 416.00 MB
Initial GC threshold: 21.00 MB
Current GC threshold: 101.56 MB
CDS: on
MetaspaceReclaimPolicy: balanced
 - commit_granule_bytes: 65536.
 - commit_granule_words: 8192.
 - virtual_space_node_default_size: 8388608.
 - enlarge_chunks_in_place: 1.
 - new_chunks_are_fully_committed: 0.
 - uncommit_free_chunks: 1.
 - use_allocation_guard: 0.
 - handle_deallocations: 1.


Internal statistics:

num_allocs_failed_limit: 6.
num_arena_births: 870.
num_arena_deaths: 0.
num_vsnodes_births: 2.
num_vsnodes_deaths: 0.
num_space_committed: 991.
num_space_uncommitted: 0.
num_chunks_returned_to_freelist: 6.
num_chunks_taken_from_freelist: 3529.
num_chunk_merges: 6.
num_chunk_splits: 2276.
num_chunks_enlarged: 1470.
num_inconsistent_stats: 0.

CodeHeap 'non-profiled nmethods': size=120000Kb used=4039Kb max_used=4039Kb free=115960Kb
 bounds [0x000002e407ad0000, 0x000002e407ed0000, 0x000002e40f000000]
CodeHeap 'profiled nmethods': size=120000Kb used=13262Kb max_used=13262Kb free=106737Kb
 bounds [0x000002e400000000, 0x000002e400d00000, 0x000002e407530000]
CodeHeap 'non-nmethods': size=5760Kb used=2382Kb max_used=2435Kb free=3377Kb
 bounds [0x000002e407530000, 0x000002e4077a0000, 0x000002e407ad0000]
 total_blobs=7745 nmethods=6847 adapters=810
 compilation: enabled
              stopped_count=0, restarted_count=0
 full_count=0

Compilation events (20 events):
Event: 24.081 Thread 0x000002e47eec0330 7652       1       org.gradle.api.internal.DefaultCollectionCallbackActionDecorator$BuildOperationEmittingAction::access$000 (5 bytes)
Event: 24.081 Thread 0x000002e432838180 nmethod 7647 0x000002e407ebcd90 code [0x000002e407ebcf00, 0x000002e407ebcf98]
Event: 24.081 Thread 0x000002e47eec0330 nmethod 7652 0x000002e407ebd090 code [0x000002e407ebd220, 0x000002e407ebd2d8]
Event: 24.081 Thread 0x000002e432838180 7656       4       java.io.ObjectOutputStream::writeString (74 bytes)
Event: 24.087 Thread 0x000002e47eec0330 7658       3       org.gradle.api.internal.artifacts.configurations.DefaultConfiguration$$Lambda$721/0x000002e4105a0d30::validateMutation (9 bytes)
Event: 24.087 Thread 0x000002e47eec0330 nmethod 7658 0x000002e400ce8e90 code [0x000002e400ce9040, 0x000002e400ce9188]
Event: 24.087 Thread 0x000002e47eec0330 7659       3       org.gradle.api.internal.artifacts.configurations.DefaultConfiguration::validateParentMutation (62 bytes)
Event: 24.088 Thread 0x000002e47eec0330 nmethod 7659 0x000002e400ce9290 code [0x000002e400ce95e0, 0x000002e400cea9a8]
Event: 24.088 Thread 0x000002e47eec0330 7660       3       org.gradle.internal.operations.DefaultBuildOperationRunner::run (13 bytes)
Event: 24.089 Thread 0x000002e47eec0330 nmethod 7660 0x000002e400ceaf90 code [0x000002e400ceb160, 0x000002e400ceb678]
Event: 24.089 Thread 0x000002e47eec0330 7661       3       org.gradle.internal.operations.DefaultBuildOperationRunner$1::execute (10 bytes)
Event: 24.089 Thread 0x000002e47eec0330 nmethod 7661 0x000002e400ceb890 code [0x000002e400ceba40, 0x000002e400cebda8]
Event: 24.110 Thread 0x000002e432838180 nmethod 7656 0x000002e407ebd390 code [0x000002e407ebd560, 0x000002e407ebe388]
Event: 24.111 Thread 0x000002e432838180 7657   !   4       java.util.concurrent.ConcurrentHashMap::putVal (432 bytes)
Event: 24.120 Thread 0x000002e47eec0330 7662       3       org.gradle.api.internal.DefaultNamedDomainObjectCollection::findByName (61 bytes)
Event: 24.121 Thread 0x000002e47eec0330 nmethod 7662 0x000002e400cebf10 code [0x000002e400cec160, 0x000002e400cecba8]
Event: 25.078 Thread 0x000002e47eec0330 7663       3       java.lang.invoke.DirectMethodHandle$Holder::invokeStatic (21 bytes)
Event: 25.079 Thread 0x000002e47eec0330 nmethod 7663 0x000002e400cece90 code [0x000002e400ced060, 0x000002e400ced578]
Event: 25.079 Thread 0x000002e47eec0330 7664       3       java.lang.StringConcatHelper::prepend (22 bytes)
Event: 25.079 Thread 0x000002e47eec0330 nmethod 7664 0x000002e400ced690 code [0x000002e400ced840, 0x000002e400ced9d8]

GC Heap History (20 events):
Event: 17.871 GC heap before
{Heap before GC invocations=13 (full 0):
 garbage-first heap   total 92160K, used 74424K [0x0000000080000000, 0x0000000100000000)
  region size 1024K, 37 young (37888K), 4 survivors (4096K)
 Metaspace       used 48098K, committed 48640K, reserved 491520K
  class space    used 6737K, committed 6976K, reserved 425984K
}
Event: 17.875 GC heap after
{Heap after GC invocations=14 (full 0):
 garbage-first heap   total 92160K, used 40916K [0x0000000080000000, 0x0000000100000000)
  region size 1024K, 4 young (4096K), 4 survivors (4096K)
 Metaspace       used 48098K, committed 48640K, reserved 491520K
  class space    used 6737K, committed 6976K, reserved 425984K
}
Event: 18.924 GC heap before
{Heap before GC invocations=14 (full 0):
 garbage-first heap   total 92160K, used 73684K [0x0000000080000000, 0x0000000100000000)
  region size 1024K, 36 young (36864K), 4 survivors (4096K)
 Metaspace       used 51528K, committed 52160K, reserved 491520K
  class space    used 7291K, committed 7616K, reserved 425984K
}
Event: 18.932 GC heap after
{Heap after GC invocations=15 (full 0):
 garbage-first heap   total 92160K, used 43076K [0x0000000080000000, 0x0000000100000000)
  region size 1024K, 4 young (4096K), 4 survivors (4096K)
 Metaspace       used 51528K, committed 52160K, reserved 491520K
  class space    used 7291K, committed 7616K, reserved 425984K
}
Event: 20.306 GC heap before
{Heap before GC invocations=15 (full 0):
 garbage-first heap   total 92160K, used 72772K [0x0000000080000000, 0x0000000100000000)
  region size 1024K, 34 young (34816K), 4 survivors (4096K)
 Metaspace       used 53166K, committed 53824K, reserved 491520K
  class space    used 7507K, committed 7808K, reserved 425984K
}
Event: 20.315 GC heap after
{Heap after GC invocations=16 (full 0):
 garbage-first heap   total 92160K, used 46379K [0x0000000080000000, 0x0000000100000000)
  region size 1024K, 5 young (5120K), 5 survivors (5120K)
 Metaspace       used 53166K, committed 53824K, reserved 491520K
  class space    used 7507K, committed 7808K, reserved 425984K
}
Event: 21.357 GC heap before
{Heap before GC invocations=16 (full 0):
 garbage-first heap   total 92160K, used 73003K [0x0000000080000000, 0x0000000100000000)
  region size 1024K, 32 young (32768K), 5 survivors (5120K)
 Metaspace       used 55082K, committed 55616K, reserved 491520K
  class space    used 7805K, committed 8064K, reserved 425984K
}
Event: 21.365 GC heap after
{Heap after GC invocations=17 (full 0):
 garbage-first heap   total 92160K, used 48431K [0x0000000080000000, 0x0000000100000000)
  region size 1024K, 3 young (3072K), 3 survivors (3072K)
 Metaspace       used 55082K, committed 55616K, reserved 491520K
  class space    used 7805K, committed 8064K, reserved 425984K
}
Event: 22.211 GC heap before
{Heap before GC invocations=18 (full 0):
 garbage-first heap   total 92160K, used 78127K [0x0000000080000000, 0x0000000100000000)
  region size 1024K, 28 young (28672K), 3 survivors (3072K)
 Metaspace       used 56602K, committed 57280K, reserved 491520K
  class space    used 8086K, committed 8384K, reserved 425984K
}
Event: 22.216 GC heap after
{Heap after GC invocations=19 (full 0):
 garbage-first heap   total 92160K, used 53802K [0x0000000080000000, 0x0000000100000000)
  region size 1024K, 4 young (4096K), 4 survivors (4096K)
 Metaspace       used 56602K, committed 57280K, reserved 491520K
  class space    used 8086K, committed 8384K, reserved 425984K
}
Event: 22.241 GC heap before
{Heap before GC invocations=19 (full 0):
 garbage-first heap   total 92160K, used 54826K [0x0000000080000000, 0x0000000100000000)
  region size 1024K, 5 young (5120K), 4 survivors (4096K)
 Metaspace       used 56702K, committed 57344K, reserved 491520K
  class space    used 8100K, committed 8384K, reserved 425984K
}
Event: 22.245 GC heap after
{Heap after GC invocations=20 (full 0):
 garbage-first heap   total 92160K, used 54020K [0x0000000080000000, 0x0000000100000000)
  region size 1024K, 1 young (1024K), 1 survivors (1024K)
 Metaspace       used 56702K, committed 57344K, reserved 491520K
  class space    used 8100K, committed 8384K, reserved 425984K
}
Event: 22.677 GC heap before
{Heap before GC invocations=20 (full 0):
 garbage-first heap   total 92160K, used 65284K [0x0000000080000000, 0x0000000100000000)
  region size 1024K, 13 young (13312K), 1 survivors (1024K)
 Metaspace       used 58298K, committed 59008K, reserved 491520K
  class space    used 8313K, committed 8640K, reserved 425984K
}
Event: 22.680 GC heap after
{Heap after GC invocations=21 (full 0):
 garbage-first heap   total 92160K, used 54636K [0x0000000080000000, 0x0000000100000000)
  region size 1024K, 2 young (2048K), 2 survivors (2048K)
 Metaspace       used 58298K, committed 59008K, reserved 491520K
  class space    used 8313K, committed 8640K, reserved 425984K
}
Event: 23.210 GC heap before
{Heap before GC invocations=22 (full 0):
 garbage-first heap   total 109568K, used 84332K [0x0000000080000000, 0x0000000100000000)
  region size 1024K, 23 young (23552K), 2 survivors (2048K)
 Metaspace       used 59957K, committed 60608K, reserved 491520K
  class space    used 8520K, committed 8832K, reserved 425984K
}
Event: 23.214 GC heap after
{Heap after GC invocations=23 (full 0):
 garbage-first heap   total 109568K, used 64866K [0x0000000080000000, 0x0000000100000000)
  region size 1024K, 3 young (3072K), 3 survivors (3072K)
 Metaspace       used 59957K, committed 60608K, reserved 491520K
  class space    used 8520K, committed 8832K, reserved 425984K
}
Event: 23.258 GC heap before
{Heap before GC invocations=23 (full 0):
 garbage-first heap   total 109568K, used 66914K [0x0000000080000000, 0x0000000100000000)
  region size 1024K, 5 young (5120K), 3 survivors (3072K)
 Metaspace       used 60180K, committed 60800K, reserved 491520K
  class space    used 8557K, committed 8832K, reserved 425984K
}
Event: 23.262 GC heap after
{Heap after GC invocations=24 (full 0):
 garbage-first heap   total 109568K, used 64601K [0x0000000080000000, 0x0000000100000000)
  region size 1024K, 1 young (1024K), 1 survivors (1024K)
 Metaspace       used 60180K, committed 60800K, reserved 491520K
  class space    used 8557K, committed 8832K, reserved 425984K
}
Event: 23.712 GC heap before
{Heap before GC invocations=24 (full 0):
 garbage-first heap   total 109568K, used 87129K [0x0000000080000000, 0x0000000100000000)
  region size 1024K, 24 young (24576K), 1 survivors (1024K)
 Metaspace       used 61511K, committed 62208K, reserved 491520K
  class space    used 8738K, committed 9024K, reserved 425984K
}
Event: 23.717 GC heap after
{Heap after GC invocations=25 (full 0):
 garbage-first heap   total 109568K, used 65937K [0x0000000080000000, 0x0000000100000000)
  region size 1024K, 2 young (2048K), 2 survivors (2048K)
 Metaspace       used 61511K, committed 62208K, reserved 491520K
  class space    used 8738K, committed 9024K, reserved 425984K
}

Deoptimization events (20 events):
Event: 23.177 Thread 0x000002e47fbcffc0 DEOPT PACKING pc=0x000002e407dc6bdc sp=0x000000f31f9f4860
Event: 23.177 Thread 0x000002e47fbcffc0 DEOPT UNPACKING pc=0x000002e407585ba3 sp=0x000000f31f9f4770 mode 2
Event: 23.240 Thread 0x000002e47fbcffc0 Uncommon trap: trap_request=0xffffffde fr.pc=0x000002e407e8fac8 relative=0x0000000000000568
Event: 23.240 Thread 0x000002e47fbcffc0 Uncommon trap: reason=class_check action=maybe_recompile pc=0x000002e407e8fac8 method=kotlin.reflect.jvm.internal.impl.protobuf.CodedInputStream.tryRefillBuffer(I)Z @ 175 c2
Event: 23.240 Thread 0x000002e47fbcffc0 DEOPT PACKING pc=0x000002e407e8fac8 sp=0x000000f31f9f48e0
Event: 23.240 Thread 0x000002e47fbcffc0 DEOPT UNPACKING pc=0x000002e407585ba3 sp=0x000000f31f9f47c8 mode 2
Event: 23.243 Thread 0x000002e47fbcffc0 Uncommon trap: trap_request=0xffffffde fr.pc=0x000002e407e8fac8 relative=0x0000000000000568
Event: 23.243 Thread 0x000002e47fbcffc0 Uncommon trap: reason=class_check action=maybe_recompile pc=0x000002e407e8fac8 method=kotlin.reflect.jvm.internal.impl.protobuf.CodedInputStream.tryRefillBuffer(I)Z @ 175 c2
Event: 23.243 Thread 0x000002e47fbcffc0 DEOPT PACKING pc=0x000002e407e8fac8 sp=0x000000f31f9f48e0
Event: 23.243 Thread 0x000002e47fbcffc0 DEOPT UNPACKING pc=0x000002e407585ba3 sp=0x000000f31f9f47c8 mode 2
Event: 23.244 Thread 0x000002e47fbcffc0 Uncommon trap: trap_request=0xffffffde fr.pc=0x000002e407e8fac8 relative=0x0000000000000568
Event: 23.244 Thread 0x000002e47fbcffc0 Uncommon trap: reason=class_check action=maybe_recompile pc=0x000002e407e8fac8 method=kotlin.reflect.jvm.internal.impl.protobuf.CodedInputStream.tryRefillBuffer(I)Z @ 175 c2
Event: 23.244 Thread 0x000002e47fbcffc0 DEOPT PACKING pc=0x000002e407e8fac8 sp=0x000000f31f9f49d0
Event: 23.244 Thread 0x000002e47fbcffc0 DEOPT UNPACKING pc=0x000002e407585ba3 sp=0x000000f31f9f48b8 mode 2
Event: 23.245 Thread 0x000002e47fbcffc0 Uncommon trap: trap_request=0xffffffde fr.pc=0x000002e407e8fac8 relative=0x0000000000000568
Event: 23.245 Thread 0x000002e47fbcffc0 Uncommon trap: reason=class_check action=maybe_recompile pc=0x000002e407e8fac8 method=kotlin.reflect.jvm.internal.impl.protobuf.CodedInputStream.tryRefillBuffer(I)Z @ 175 c2
Event: 23.245 Thread 0x000002e47fbcffc0 DEOPT PACKING pc=0x000002e407e8fac8 sp=0x000000f31f9f49d0
Event: 23.245 Thread 0x000002e47fbcffc0 DEOPT UNPACKING pc=0x000002e407585ba3 sp=0x000000f31f9f48b8 mode 2
Event: 23.344 Thread 0x000002e47fbcffc0 DEOPT PACKING pc=0x000002e40028ed89 sp=0x000000f31f9f4fb0
Event: 23.344 Thread 0x000002e47fbcffc0 DEOPT UNPACKING pc=0x000002e4075866e3 sp=0x000000f31f9f4530 mode 0

Classes unloaded (0 events):
No events

Classes redefined (0 events):
No events

Internal exceptions (20 events):
Event: 21.872 Thread 0x000002e47fbd0ef0 Exception <a 'java/lang/NoSuchMethodError'{0x00000000848d5218}: static Lorg/gradle/internal/build/event/types/AbstractProjectConfigurationResult;.<clinit>()V> (0x00000000848d5218) 
thrown [s\open\src\hotspot\share\prims\jni.cpp, line 1112]
Event: 21.875 Thread 0x000002e47fbd0ef0 Exception <a 'java/lang/NoSuchMethodError'{0x00000000848e9ab0}: static Lorg/gradle/internal/build/event/types/DefaultPluginApplicationResult;.<clinit>()V> (0x00000000848e9ab0) 
thrown [s\open\src\hotspot\share\prims\jni.cpp, line 1112]
Event: 21.876 Thread 0x000002e47fbd0ef0 Exception <a 'java/lang/NoSuchMethodError'{0x00000000848f5038}: static Lorg/gradle/internal/build/event/types/DefaultBinaryPluginIdentifier;.<clinit>()V> (0x00000000848f5038) 
thrown [s\open\src\hotspot\share\prims\jni.cpp, line 1112]
Event: 21.885 Thread 0x000002e47fbd0ef0 Exception <a 'java/lang/NoSuchMethodError'{0x00000000847157f0}: static Lorg/gradle/internal/build/event/types/DefaultScriptPluginIdentifier;.<clinit>()V> (0x00000000847157f0) 
thrown [s\open\src\hotspot\share\prims\jni.cpp, line 1112]
Event: 21.968 Thread 0x000002e47fbcffc0 Implicit null exception at 0x000002e407d1560f to 0x000002e407d15cf4
Event: 22.247 Thread 0x000002e47fbcffc0 Exception <a 'java/lang/NoSuchMethodError'{0x0000000087b13d60}: static Lorg/jetbrains/kotlin/gradle/plugin/internal/DefaultConfigurationTimePropertiesAccessorVariantFactory;.<clinit>()V> (0x0000000087b13d60) 
thrown [s\open\src\hotspot\share\prims\jni.cpp, line 1112]
Event: 22.252 Thread 0x000002e47fbcffc0 Exception <a 'java/lang/NoSuchMethodError'{0x0000000087b37238}: static Lorg/jetbrains/kotlin/gradle/plugin/internal/DefaultProjectIsolationStartParameterAccessorVariantFactory;.<clinit>()V> (0x0000000087b37238) 
thrown [s\open\src\hotspot\share\prims\jni.cpp, line 1112]
Event: 22.255 Thread 0x000002e47fbcffc0 Exception <a 'java/lang/NoSuchMethodError'{0x0000000087b6bf38}: static Lorg/jetbrains/kotlin/gradle/plugin/internal/DefaultArtifactTypeAttributeAccessorVariantFactory;.<clinit>()V> (0x0000000087b6bf38) 
thrown [s\open\src\hotspot\share\prims\jni.cpp, line 1112]
Event: 22.259 Thread 0x000002e47fbcffc0 Exception <a 'java/lang/NoSuchMethodError'{0x0000000087b9e8a0}: static Lorg/jetbrains/kotlin/gradle/plugin/internal/DefaultCompatibilityConventionRegistrar$Factory;.<clinit>()V> (0x0000000087b9e8a0) 
thrown [s\open\src\hotspot\share\prims\jni.cpp, line 1112]
Event: 22.261 Thread 0x000002e47fbcffc0 Exception <a 'java/lang/NoSuchMethodError'{0x0000000087bc2b08}: static Lorg/jetbrains/kotlin/gradle/plugin/internal/DefaultJavaSourceSetsAccessorVariantFactory;.<clinit>()V> (0x0000000087bc2b08) 
thrown [s\open\src\hotspot\share\prims\jni.cpp, line 1112]
Event: 22.265 Thread 0x000002e47fbcffc0 Exception <a 'java/lang/NoSuchMethodError'{0x0000000087be6180}: static Lorg/jetbrains/kotlin/gradle/plugin/internal/DefaultIdeaSyncDetectorVariantFactory;.<clinit>()V> (0x0000000087be6180) 
thrown [s\open\src\hotspot\share\prims\jni.cpp, line 1112]
Event: 22.267 Thread 0x000002e47fbcffc0 Exception <a 'java/lang/NoSuchMethodError'{0x000000008570b2d8}: static Lorg/jetbrains/kotlin/gradle/plugin/internal/DefaultKotlinTestReportCompatibilityHelperVariantFactory;.<clinit>()V> (0x000000008570b2d8) 
thrown [s\open\src\hotspot\share\prims\jni.cpp, line 1112]
Event: 22.270 Thread 0x000002e47fbcffc0 Exception <a 'java/lang/NoSuchMethodError'{0x000000008572f830}: static Lorg/jetbrains/kotlin/gradle/plugin/internal/DefaultMppTestReportHelperVariantFactory;.<clinit>()V> (0x000000008572f830) 
thrown [s\open\src\hotspot\share\prims\jni.cpp, line 1112]
Event: 22.275 Thread 0x000002e47fbcffc0 Exception <a 'java/lang/NoSuchMethodError'{0x0000000085762a70}: static Lorg/jetbrains/kotlin/gradle/plugin/internal/DefaultConfigurationCacheStartParameterAccessorVariantFactory;.<clinit>()V> (0x0000000085762a70) 
thrown [s\open\src\hotspot\share\prims\jni.cpp, line 1112]
Event: 22.278 Thread 0x000002e47fbcffc0 Exception <a 'java/lang/NoSuchMethodError'{0x0000000085787c88}: static Lorg/jetbrains/kotlin/gradle/plugin/internal/MavenPluginConfigurator$DefaultMavenPluginConfiguratorVariantFactory;.<clinit>()V> (0x0000000085787c88) 
thrown [s\open\src\hotspot\share\prims\jni.cpp, line 1112]
Event: 22.283 Thread 0x000002e47fbcffc0 Exception <a 'java/lang/NoSuchMethodError'{0x00000000857ab350}: static Lorg/jetbrains/kotlin/gradle/targets/js/nodejs/DefaultUnameExecutorVariantFactory;.<clinit>()V> (0x00000000857ab350) 
thrown [s\open\src\hotspot\share\prims\jni.cpp, line 1112]
Event: 22.286 Thread 0x000002e47fbcffc0 Exception <a 'java/lang/NoSuchMethodError'{0x00000000857cf718}: static Lorg/jetbrains/kotlin/gradle/plugin/internal/DefaultBasePluginConfigurationVariantFactory;.<clinit>()V> (0x00000000857cf718) 
thrown [s\open\src\hotspot\share\prims\jni.cpp, line 1112]
Event: 22.339 Thread 0x000002e47fbcffc0 Exception <a 'java/lang/IncompatibleClassChangeError'{0x000000008569ca88}: Found class java.lang.Object, but interface was expected> (0x000000008569ca88) 
thrown [s\open\src\hotspot\share\interpreter\linkResolver.cpp, line 826]
Event: 22.797 Thread 0x000002e47fbcffc0 Implicit null exception at 0x000002e407dc6354 to 0x000002e407dc64f4
Event: 22.797 Thread 0x000002e47fbcffc0 Implicit null exception at 0x000002e407aedd99 to 0x000002e407aedf7c

VM Operations (20 events):
Event: 22.636 Executing VM operation: HandshakeAllThreads
Event: 22.636 Executing VM operation: HandshakeAllThreads done
Event: 22.677 Executing VM operation: G1TryInitiateConcMark
Event: 22.680 Executing VM operation: G1TryInitiateConcMark done
Event: 22.738 Executing VM operation: G1Concurrent
Event: 22.742 Executing VM operation: G1Concurrent done
Event: 22.767 Executing VM operation: G1Concurrent
Event: 22.768 Executing VM operation: G1Concurrent done
Event: 23.210 Executing VM operation: G1CollectForAllocation
Event: 23.214 Executing VM operation: G1CollectForAllocation done
Event: 23.258 Executing VM operation: G1CollectForAllocation
Event: 23.262 Executing VM operation: G1CollectForAllocation done
Event: 23.712 Executing VM operation: G1CollectForAllocation
Event: 23.717 Executing VM operation: G1CollectForAllocation done
Event: 23.776 Executing VM operation: G1Concurrent
Event: 23.783 Executing VM operation: G1Concurrent done
Event: 23.809 Executing VM operation: G1Concurrent
Event: 23.809 Executing VM operation: G1Concurrent done
Event: 24.809 Executing VM operation: Cleanup
Event: 24.810 Executing VM operation: Cleanup done

Events (20 events):
Event: 22.574 loading class java/time/format/DateTimeFormatterBuilder$WeekBasedFieldPrinterParser
Event: 22.575 loading class java/time/format/DateTimeFormatterBuilder$WeekBasedFieldPrinterParser done
Event: 22.606 loading class com/sun/jmx/mbeanserver/StandardMBeanSupport
Event: 22.606 loading class com/sun/jmx/mbeanserver/StandardMBeanSupport done
Event: 22.606 loading class com/sun/jmx/mbeanserver/StandardMBeanIntrospector
Event: 22.607 loading class com/sun/jmx/mbeanserver/StandardMBeanIntrospector done
Event: 22.632 Thread 0x000002e432567030 Thread added: 0x000002e432567030
Event: 22.794 loading class sun/reflect/misc/MethodUtil
Event: 22.795 loading class sun/reflect/misc/MethodUtil done
Event: 22.795 loading class sun/reflect/misc/MethodUtil$1
Event: 22.795 loading class sun/reflect/misc/MethodUtil$1 done
Event: 22.811 loading class java/nio/channels/Channels$1
Event: 22.811 loading class java/nio/channels/Channels$1 done
Event: 23.125 Thread 0x000002e431ef12c0 Thread added: 0x000002e431ef12c0
Event: 23.224 loading class java/lang/Override
Event: 23.225 loading class java/lang/Override done
Event: 23.276 Thread 0x000002e431ef12c0 Thread exited: 0x000002e431ef12c0
Event: 23.445 Thread 0x000002e432838180 Thread added: 0x000002e432838180
Event: 23.919 loading class java/util/regex/Pattern$1
Event: 23.921 loading class java/util/regex/Pattern$1 done


Dynamic libraries:
0x00007ff65f220000 - 0x00007ff65f230000 	C:\Program Files\Java\jdk-17\bin\java.exe
0x00007ffe061c0000 - 0x00007ffe06423000 	C:\WINDOWS\SYSTEM32\ntdll.dll
0x00007ffe05600000 - 0x00007ffe056c8000 	C:\WINDOWS\System32\KERNEL32.DLL
0x00007ffe03930000 - 0x00007ffe03ce2000 	C:\WINDOWS\System32\KERNELBASE.dll
0x00007ffe03590000 - 0x00007ffe036db000 	C:\WINDOWS\System32\ucrtbase.dll
0x00007ffde5b60000 - 0x00007ffde5b79000 	C:\Program Files\Java\jdk-17\bin\jli.dll
0x00007ffdcf800000 - 0x00007ffdcf81b000 	C:\Program Files\Java\jdk-17\bin\VCRUNTIME140.dll
0x00007ffe05ac0000 - 0x00007ffe05b74000 	C:\WINDOWS\System32\ADVAPI32.dll
0x00007ffe06020000 - 0x00007ffe060c9000 	C:\WINDOWS\System32\msvcrt.dll
0x00007ffe05a10000 - 0x00007ffe05ab6000 	C:\WINDOWS\System32\sechost.dll
0x00007ffe04c60000 - 0x00007ffe04d76000 	C:\WINDOWS\System32\RPCRT4.dll
0x00007ffe057c0000 - 0x00007ffe05988000 	C:\WINDOWS\System32\USER32.dll
0x00007ffe036e0000 - 0x00007ffe03707000 	C:\WINDOWS\System32\win32u.dll
0x00007ffe060d0000 - 0x00007ffe060fa000 	C:\WINDOWS\System32\GDI32.dll
0x00007ffdeb5a0000 - 0x00007ffdeb830000 	C:\WINDOWS\WinSxS\amd64_microsoft.windows.common-controls_6595b64144ccf1df_6.0.26100.2454_none_3e0b68a2e331ad60\COMCTL32.dll
0x00007ffe03da0000 - 0x00007ffe03ecb000 	C:\WINDOWS\System32\gdi32full.dll
0x00007ffe03cf0000 - 0x00007ffe03d93000 	C:\WINDOWS\System32\msvcp_win.dll
0x00007ffdf8e70000 - 0x00007ffdf8e7b000 	C:\WINDOWS\SYSTEM32\VERSION.dll
0x00007ffe04580000 - 0x00007ffe045af000 	C:\WINDOWS\System32\IMM32.DLL
0x00007ffdd0c70000 - 0x00007ffdd0c7c000 	C:\Program Files\Java\jdk-17\bin\vcruntime140_1.dll
0x00007ffd73220000 - 0x00007ffd732ae000 	C:\Program Files\Java\jdk-17\bin\msvcp140.dll
0x00007ffd61b50000 - 0x00007ffd62730000 	C:\Program Files\Java\jdk-17\bin\server\jvm.dll
0x00007ffe057b0000 - 0x00007ffe057b8000 	C:\WINDOWS\System32\PSAPI.DLL
0x00007ffdee6b0000 - 0x00007ffdee6e6000 	C:\WINDOWS\SYSTEM32\WINMM.dll
0x00007ffdfd0b0000 - 0x00007ffdfd0ba000 	C:\WINDOWS\SYSTEM32\WSOCK32.dll
0x00007ffe044e0000 - 0x00007ffe04554000 	C:\WINDOWS\System32\WS2_32.dll
0x00007ffe02390000 - 0x00007ffe023aa000 	C:\WINDOWS\SYSTEM32\kernel.appcore.dll
0x00007ffdcf9d0000 - 0x00007ffdcf9da000 	C:\Program Files\Java\jdk-17\bin\jimage.dll
0x00007ffe00db0000 - 0x00007ffe00ff1000 	C:\WINDOWS\SYSTEM32\DBGHELP.DLL
0x00007ffe04700000 - 0x00007ffe04a7e000 	C:\WINDOWS\System32\combase.dll
0x00007ffe045c0000 - 0x00007ffe04696000 	C:\WINDOWS\System32\OLEAUT32.dll
0x00007ffdfc4f0000 - 0x00007ffdfc529000 	C:\WINDOWS\SYSTEM32\dbgcore.DLL
0x00007ffe03890000 - 0x00007ffe03929000 	C:\WINDOWS\System32\bcryptPrimitives.dll
0x00007ffdce7f0000 - 0x00007ffdce7fe000 	C:\Program Files\Java\jdk-17\bin\instrument.dll
0x00007ffdb2150000 - 0x00007ffdb2175000 	C:\Program Files\Java\jdk-17\bin\java.dll
0x00007ffd6d4a0000 - 0x00007ffd6d577000 	C:\Program Files\Java\jdk-17\bin\jsvml.dll
0x00007ffe04ef0000 - 0x00007ffe055f0000 	C:\WINDOWS\System32\SHELL32.dll
0x00007ffe01260000 - 0x00007ffe01a91000 	C:\WINDOWS\SYSTEM32\windows.storage.dll
0x00007ffe04310000 - 0x00007ffe043ea000 	C:\WINDOWS\System32\SHCORE.dll
0x00007ffe04060000 - 0x00007ffe040bd000 	C:\WINDOWS\System32\shlwapi.dll
0x00007ffe034a0000 - 0x00007ffe034ce000 	C:\WINDOWS\SYSTEM32\profapi.dll
0x00007ffdb1f40000 - 0x00007ffdb1f58000 	C:\Program Files\Java\jdk-17\bin\zip.dll
0x00007ffdcf7e0000 - 0x00007ffdcf7f9000 	C:\Program Files\Java\jdk-17\bin\net.dll
0x00007ffdfc320000 - 0x00007ffdfc446000 	C:\WINDOWS\SYSTEM32\WINHTTP.dll
0x00007ffe02880000 - 0x00007ffe028e8000 	C:\WINDOWS\system32\mswsock.dll
0x00007ffdbdf80000 - 0x00007ffdbdf96000 	C:\Program Files\Java\jdk-17\bin\nio.dll
0x00007ffdcf770000 - 0x00007ffdcf780000 	C:\Program Files\Java\jdk-17\bin\verify.dll
0x00007ffd87f40000 - 0x00007ffd87f67000 	C:\Users\quoch\.gradle\native\c067742578af261105cb4f569cf0c3c89f3d7b1fecec35dd04571415982c5e48\windows-amd64\native-platform.dll
0x00007ffd64cc0000 - 0x00007ffd64e04000 	C:\Users\quoch\.gradle\native\100fb08df4bc3b14c8652ba06237920a3bd2aa13389f12d3474272988ae205f9\windows-amd64\native-platform-file-events.dll
0x00007ffdcf4f0000 - 0x00007ffdcf4fa000 	C:\Program Files\Java\jdk-17\bin\management.dll
0x00007ffdcee00000 - 0x00007ffdcee0b000 	C:\Program Files\Java\jdk-17\bin\management_ext.dll
0x00007ffe02b80000 - 0x00007ffe02b9c000 	C:\WINDOWS\SYSTEM32\CRYPTSP.dll
0x00007ffe022f0000 - 0x00007ffe02328000 	C:\WINDOWS\system32\rsaenh.dll
0x00007ffe02920000 - 0x00007ffe0294b000 	C:\WINDOWS\SYSTEM32\USERENV.dll
0x00007ffe02ec0000 - 0x00007ffe02ee6000 	C:\WINDOWS\SYSTEM32\bcrypt.dll
0x00007ffe02ba0000 - 0x00007ffe02bac000 	C:\WINDOWS\SYSTEM32\CRYPTBASE.dll
0x00007ffe01db0000 - 0x00007ffe01de2000 	C:\WINDOWS\SYSTEM32\IPHLPAPI.DLL
0x00007ffe04020000 - 0x00007ffe0402a000 	C:\WINDOWS\System32\NSI.dll
0x00007ffdff980000 - 0x00007ffdff99e000 	C:\WINDOWS\SYSTEM32\dhcpcsvc6.DLL
0x00007ffdff950000 - 0x00007ffdff975000 	C:\WINDOWS\SYSTEM32\dhcpcsvc.DLL
0x00007ffe01df0000 - 0x00007ffe01f15000 	C:\WINDOWS\SYSTEM32\DNSAPI.dll
0x00007ffdcd920000 - 0x00007ffdcd92e000 	C:\Program Files\Java\jdk-17\bin\sunmscapi.dll
0x00007ffe03710000 - 0x00007ffe03886000 	C:\WINDOWS\System32\CRYPT32.dll
0x00007ffe02e80000 - 0x00007ffe02eb0000 	C:\WINDOWS\SYSTEM32\ncrypt.dll
0x00007ffe02e30000 - 0x00007ffe02e6f000 	C:\WINDOWS\SYSTEM32\NTASN1.dll
0x00007ffde90e0000 - 0x00007ffde90e8000 	C:\WINDOWS\system32\wshunix.dll

dbghelp: loaded successfully - version: 4.0.5 - missing functions: none
symbol engine: initialized successfully - sym options: 0x614 - pdb path: .;C:\Program Files\Java\jdk-17\bin;C:\WINDOWS\SYSTEM32;C:\WINDOWS\WinSxS\amd64_microsoft.windows.common-controls_6595b64144ccf1df_6.0.26100.2454_none_3e0b68a2e331ad60;C:\Program Files\Java\jdk-17\bin\server;C:\Users\quoch\.gradle\native\c067742578af261105cb4f569cf0c3c89f3d7b1fecec35dd04571415982c5e48\windows-amd64;C:\Users\quoch\.gradle\native\100fb08df4bc3b14c8652ba06237920a3bd2aa13389f12d3474272988ae205f9\windows-amd64

VM Arguments:
jvm_args: -XX:MaxMetaspaceSize=512m --add-opens=java.base/java.util=ALL-UNNAMED --add-opens=java.base/java.lang=ALL-UNNAMED --add-opens=java.base/java.lang.invoke=ALL-UNNAMED --add-opens=java.prefs/java.util.prefs=ALL-UNNAMED --add-exports=jdk.compiler/com.sun.tools.javac.api=ALL-UNNAMED --add-exports=jdk.compiler/com.sun.tools.javac.util=ALL-UNNAMED --add-opens=java.base/java.nio.charset=ALL-UNNAMED --add-opens=java.base/java.net=ALL-UNNAMED --add-opens=java.base/java.util.concurrent.atomic=ALL-UNNAMED -Xmx2048m -Dfile.encoding=utf8 -Duser.country=US -Duser.language=en -Duser.variant -javaagent:C:\Users\quoch\.gradle\wrapper\dists\gradle-8.10.2-all\7iv73wktx1xtkvlq19urqw1wm\gradle-8.10.2\lib\agents\gradle-instrumentation-agent-8.10.2.jar 
java_command: org.gradle.launcher.daemon.bootstrap.GradleDaemon 8.10.2
java_class_path (initial): C:\Users\quoch\.gradle\wrapper\dists\gradle-8.10.2-all\7iv73wktx1xtkvlq19urqw1wm\gradle-8.10.2\lib\gradle-daemon-main-8.10.2.jar
Launcher Type: SUN_STANDARD

[Global flags]
     intx CICompilerCount                          = 4                                         {product} {ergonomic}
   size_t CompressedClassSpaceSize                 = 436207616                                 {product} {ergonomic}
     uint ConcGCThreads                            = 2                                         {product} {ergonomic}
     uint G1ConcRefinementThreads                  = 8                                         {product} {ergonomic}
   size_t G1HeapRegionSize                         = 1048576                                   {product} {ergonomic}
    uintx GCDrainStackTargetSize                   = 64                                        {product} {ergonomic}
   size_t InitialHeapSize                          = 130023424                                 {product} {ergonomic}
   size_t MarkStackSize                            = 4194304                                   {product} {ergonomic}
   size_t MaxHeapSize                              = 2147483648                                {product} {command line}
   size_t MaxMetaspaceSize                         = 536870912                                 {product} {command line}
   size_t MaxNewSize                               = 1287651328                                {product} {ergonomic}
   size_t MinHeapDeltaBytes                        = 1048576                                   {product} {ergonomic}
   size_t MinHeapSize                              = 8388608                                   {product} {ergonomic}
    uintx NonNMethodCodeHeapSize                   = 5839372                                {pd product} {ergonomic}
    uintx NonProfiledCodeHeapSize                  = 122909434                              {pd product} {ergonomic}
    uintx ProfiledCodeHeapSize                     = 122909434                              {pd product} {ergonomic}
    uintx ReservedCodeCacheSize                    = 251658240                              {pd product} {ergonomic}
     bool SegmentedCodeCache                       = true                                      {product} {ergonomic}
   size_t SoftMaxHeapSize                          = 2147483648                             {manageable} {ergonomic}
     bool UseCompressedClassPointers               = true                           {product lp64_product} {ergonomic}
     bool UseCompressedOops                        = true                           {product lp64_product} {ergonomic}
     bool UseG1GC                                  = true                                      {product} {ergonomic}
     bool UseLargePagesIndividualAllocation        = false                                  {pd product} {ergonomic}

Logging:
Log output configuration:
 #0: stdout all=warning uptime,level,tags
 #1: stderr all=off uptime,level,tags

Environment Variables:
JAVA_HOME=C:\Program Files\Java\jdk-17
PATH=C:\Program Files\Common Files\Oracle\Java\javapath;C:\WINDOWS\system32;C:\WINDOWS;C:\WINDOWS\System32\Wbem;C:\WINDOWS\System32\WindowsPowerShell\v1.0\;C:\WINDOWS\System32\OpenSSH\;C:\Program Files\Git\cmd;C:\Program Files\nodejs\;C:\Users\quoch\AppData\Local\Android\Sdk\platform-tools;C:\Users\quoch\AppData\Local\Android\Sdk\tools;C:\Users\quoch\AppData\Local\jdk-11.0.2\bin;C:\Users\quoch\AppData\Local\Microsoft\WindowsApps;C:\Users\quoch\AppData\Local\Programs\Microsoft VS Code\bin;C:\Users\quoch\AppData\Roaming\npm
USERNAME=quoch
OS=Windows_NT
PROCESSOR_IDENTIFIER=Intel64 Family 6 Model 140 Stepping 1, GenuineIntel



---------------  S Y S T E M  ---------------

OS:
 Windows 11 , 64 bit Build 26100 (10.0.26100.2454)
OS uptime: 0 days 8:23 hours
Hyper-V role detected

CPU: total 8 (initial active 8) (4 cores per cpu, 2 threads per core) family 6 model 140 stepping 1 microcode 0xa6, cx8, cmov, fxsr, ht, mmx, 3dnowpref, sse, sse2, sse3, ssse3, sse4.1, sse4.2, popcnt, lzcnt, tsc, tscinvbit, avx, avx2, aes, erms, clmul, bmi1, bmi2, adx, avx512f, avx512dq, avx512cd, avx512bw, avx512vl, sha, fma, vzeroupper, avx512_vpopcntdq, avx512_vpclmulqdq, avx512_vaes, avx512_vnni, clflush, clflushopt, clwb, avx512_vbmi2, avx512_vbmi, hv

Memory: 4k page, system-wide physical 7886M (407M free)
TotalPageFile size 24993M (AvailPageFile size 3M)
current process WorkingSet (physical memory assigned to process): 288M, peak: 288M
current process commit charge ("private bytes"): 357M, peak: 358M

vm_info: Java HotSpot(TM) 64-Bit Server VM (17.0.11+7-LTS-207) for windows-amd64 JRE (17.0.11+7-LTS-207), built on Mar 11 2024 19:01:50 by "mach5one" with MS VC++ 17.6 (VS2022)

END.
