#
# There is insufficient memory for the Java Runtime Environment to continue.
# Native memory allocation (malloc) failed to allocate 1178576 bytes for Chunk::new
# Possible reasons:
#   The system is out of physical RAM or swap space
#   The process is running with CompressedOops enabled, and the Java Heap may be blocking the growth of the native heap
# Possible solutions:
#   Reduce memory load on the system
#   Increase physical memory or swap space
#   Check if swap backing store is full
#   Decrease Java heap size (-Xmx/-Xms)
#   Decrease number of Java threads
#   Decrease Java thread stack sizes (-Xss)
#   Set larger code cache with -XX:ReservedCodeCacheSize=
#   JVM is running with Unscaled Compressed Oops mode in which the Java heap is
#     placed in the first 4GB address space. The Java Heap base address is the
#     maximum limit for the native heap growth. Please use -XX:HeapBaseMinAddress
#     to set the Java Heap base and to place the Java Heap above 4GB virtual address.
# This output file may be truncated or incomplete.
#
#  Out of Memory Error (arena.cpp:189), pid=2920, tid=23200
#
# JRE version: Java(TM) SE Runtime Environment (17.0.11+7) (build 17.0.11+7-LTS-207)
# Java VM: Java HotSpot(TM) 64-Bit Server VM (17.0.11+7-LTS-207, mixed mode, sharing, tiered, compressed oops, compressed class ptrs, g1 gc, windows-amd64)
# No core dump will be written. Minidumps are not enabled by default on client versions of Windows
#

---------------  S U M M A R Y ------------

Command Line: -XX:MaxMetaspaceSize=512m --add-opens=java.base/java.util=ALL-UNNAMED --add-opens=java.base/java.lang=ALL-UNNAMED --add-opens=java.base/java.lang.invoke=ALL-UNNAMED --add-opens=java.prefs/java.util.prefs=ALL-UNNAMED --add-exports=jdk.compiler/com.sun.tools.javac.api=ALL-UNNAMED --add-exports=jdk.compiler/com.sun.tools.javac.util=ALL-UNNAMED --add-opens=java.base/java.nio.charset=ALL-UNNAMED --add-opens=java.base/java.net=ALL-UNNAMED --add-opens=java.base/java.util.concurrent.atomic=ALL-UNNAMED -Xmx2048m -Dfile.encoding=utf8 -Duser.country=US -Duser.language=en -Duser.variant -javaagent:C:\Users\quoch\.gradle\wrapper\dists\gradle-8.10.2-all\7iv73wktx1xtkvlq19urqw1wm\gradle-8.10.2\lib\agents\gradle-instrumentation-agent-8.10.2.jar org.gradle.launcher.daemon.bootstrap.GradleDaemon 8.10.2

Host: 11th Gen Intel(R) Core(TM) i5-1135G7 @ 2.40GHz, 8 cores, 7G,  Windows 11 , 64 bit Build 26100 (10.0.26100.2454)
Time: Sun Dec  1 18:43:01 2024 SE Asia Standard Time elapsed time: 25.034015 seconds (0d 0h 0m 25s)

---------------  T H R E A D  ---------------

Current thread (0x0000029da5af78d0):  JavaThread "C2 CompilerThread0" daemon [_thread_in_native, id=23200, stack(0x000000a859000000,0x000000a859100000)]


Current CompileTask:
C2:  25034 10699   !   4       org.gradle.api.internal.attributes.DefaultImmutableAttributesFactory::doConcatIsolatable (128 bytes)

Stack: [0x000000a859000000,0x000000a859100000]
Native frames: (J=compiled Java code, j=interpreted, Vv=VM code, C=native code)
V  [jvm.dll+0x679cca]
V  [jvm.dll+0x7da13d]
V  [jvm.dll+0x7dba83]
V  [jvm.dll+0x7dc0f3]
V  [jvm.dll+0x2449af]
V  [jvm.dll+0xab83b]
V  [jvm.dll+0xabe1c]
V  [jvm.dll+0x2a9e6f]
V  [jvm.dll+0x5818d9]
V  [jvm.dll+0x21ed62]
V  [jvm.dll+0x21f13f]
V  [jvm.dll+0x218331]
V  [jvm.dll+0x215505]
V  [jvm.dll+0x1a2040]
V  [jvm.dll+0x225a2b]
V  [jvm.dll+0x223bcb]
V  [jvm.dll+0x7903ec]
V  [jvm.dll+0x78a85a]
V  [jvm.dll+0x678bb5]
C  [ucrtbase.dll+0x14ea0]
C  [KERNEL32.DLL+0x2e8d7]
C  [ntdll.dll+0xdfbcc]


---------------  P R O C E S S  ---------------

Threads class SMR info:
_java_thread_list=0x0000029dc73ccf10, length=133, elements={
0x0000029d878c7f10, 0x0000029da5ad9850, 0x0000029da5adc330, 0x0000029da5af24f0,
0x0000029da5af4ed0, 0x0000029da5af57a0, 0x0000029da5af6070, 0x0000029da5af78d0,
0x0000029da5af8290, 0x0000029da5afd370, 0x0000029da5ac8f50, 0x0000029dc51b4700,
0x0000029dc6b634c0, 0x0000029dc646abc0, 0x0000029dc6730cf0, 0x0000029dc6d78af0,
0x0000029dc6a48850, 0x0000029dc6a5b3e0, 0x0000029dc6a58b60, 0x0000029dc6a58140,
0x0000029dc6a5aed0, 0x0000029dc6a59fa0, 0x0000029dc6a5b8f0, 0x0000029dc6a58650,
0x0000029dc6a5a4b0, 0x0000029dc6a59070, 0x0000029dc6a5a9c0, 0x0000029dc6a59580,
0x0000029dc6a59a90, 0x0000029dc8f76970, 0x0000029dc8f740f0, 0x0000029dc8f75f50,
0x0000029dc8f74600, 0x0000029dc8f76460, 0x0000029dc8f77390, 0x0000029dc8f76e80,
0x0000029dc8f74b10, 0x0000029dc8f75020, 0x0000029dc94800c0, 0x0000029dc9481500,
0x0000029dc9480ff0, 0x0000029dc9483360, 0x0000029dc9480ae0, 0x0000029dc9481a10,
0x0000029dc9481f20, 0x0000029dc9482940, 0x0000029dc9484cb0, 0x0000029dc9482e50,
0x0000029dc9487530, 0x0000029dc94847a0, 0x0000029dc94856d0, 0x0000029dc9485be0,
0x0000029dc9487020, 0x0000029dc94860f0, 0x0000029dc9486600, 0x0000029dc9487a40,
0x0000029dc94851c0, 0x0000029dc50f42b0, 0x0000029dc50f1f40, 0x0000029dc50f1a30,
0x0000029dc50f47c0, 0x0000029dc50f3380, 0x0000029dc50f3890, 0x0000029dc50f2450,
0x0000029dc50f2960, 0x0000029dc50f4cd0, 0x0000029dc50f2e70, 0x0000029dc50f1520,
0x0000029dc50f7f70, 0x0000029dc50f7a60, 0x0000029dc50f6110, 0x0000029dc50f6620,
0x0000029dc50f8990, 0x0000029dc50f7040, 0x0000029dc50f51e0, 0x0000029dc50f8ea0,
0x0000029dc50f56f0, 0x0000029dc50f7550, 0x0000029dc976f2c0, 0x0000029dc976e8a0,
0x0000029dc976fce0, 0x0000029dc97701f0, 0x0000029dc976f7d0, 0x0000029dc9770700,
0x0000029dc976de80, 0x0000029dc9771120, 0x0000029dc9770c10, 0x0000029dc976e390,
0x0000029dc976d970, 0x0000029dc9771630, 0x0000029dc9771b40, 0x0000029dc9772050,
0x0000029dc9772560, 0x0000029dc976edb0, 0x0000029dc9774de0, 0x0000029dc9772a70,
0x0000029dc97752f0, 0x0000029dc9772f80, 0x0000029dc97739a0, 0x0000029dc9773490,
0x0000029dc9773eb0, 0x0000029dc97743c0, 0x0000029dc97748d0, 0x0000029dca200990,
0x0000029dca1ffa60, 0x0000029dca200ea0, 0x0000029dca2022e0, 0x0000029dca202d00,
0x0000029dca2027f0, 0x0000029dca2013b0, 0x0000029dca1fff70, 0x0000029dca2018c0,
0x0000029dca201dd0, 0x0000029dca1ff550, 0x0000029dca203210, 0x0000029dca200480,
0x0000029dca205fa0, 0x0000029dca205580, 0x0000029dca2064b0, 0x0000029dca2069c0,
0x0000029dca204650, 0x0000029dca205070, 0x0000029dca206ed0, 0x0000029dca204140,
0x0000029dca203720, 0x0000029dca203c30, 0x0000029dca204b60, 0x0000029dca205a90,
0x0000029dc8e3b070, 0x0000029dc8e3e820, 0x0000029dc8e3b580, 0x0000029dc8e3de00,
0x0000029dc8e3d8f0
}

Java Threads: ( => current thread )
  0x0000029d878c7f10 JavaThread "main" [_thread_blocked, id=2240, stack(0x000000a858300000,0x000000a858400000)]
  0x0000029da5ad9850 JavaThread "Reference Handler" daemon [_thread_blocked, id=21532, stack(0x000000a858a00000,0x000000a858b00000)]
  0x0000029da5adc330 JavaThread "Finalizer" daemon [_thread_blocked, id=18500, stack(0x000000a858b00000,0x000000a858c00000)]
  0x0000029da5af24f0 JavaThread "Signal Dispatcher" daemon [_thread_blocked, id=12796, stack(0x000000a858c00000,0x000000a858d00000)]
  0x0000029da5af4ed0 JavaThread "Attach Listener" daemon [_thread_blocked, id=17156, stack(0x000000a858d00000,0x000000a858e00000)]
  0x0000029da5af57a0 JavaThread "Service Thread" daemon [_thread_blocked, id=21144, stack(0x000000a858e00000,0x000000a858f00000)]
  0x0000029da5af6070 JavaThread "Monitor Deflation Thread" daemon [_thread_blocked, id=13500, stack(0x000000a858f00000,0x000000a859000000)]
=>0x0000029da5af78d0 JavaThread "C2 CompilerThread0" daemon [_thread_in_native, id=23200, stack(0x000000a859000000,0x000000a859100000)]
  0x0000029da5af8290 JavaThread "C1 CompilerThread0" daemon [_thread_blocked, id=21232, stack(0x000000a859100000,0x000000a859200000)]
  0x0000029da5afd370 JavaThread "Sweeper thread" daemon [_thread_blocked, id=8252, stack(0x000000a859200000,0x000000a859300000)]
  0x0000029da5ac8f50 JavaThread "Common-Cleaner" daemon [_thread_blocked, id=20856, stack(0x000000a859300000,0x000000a859400000)]
  0x0000029dc51b4700 JavaThread "Notification Thread" daemon [_thread_blocked, id=15092, stack(0x000000a859400000,0x000000a859500000)]
  0x0000029dc6b634c0 JavaThread "Daemon health stats" [_thread_blocked, id=12004, stack(0x000000a859b00000,0x000000a859c00000)]
  0x0000029dc646abc0 JavaThread "Incoming local TCP Connector on port 51189" [_thread_in_native, id=13248, stack(0x000000a859c00000,0x000000a859d00000)]
  0x0000029dc6730cf0 JavaThread "Daemon periodic checks" [_thread_blocked, id=23096, stack(0x000000a859d00000,0x000000a859e00000)]
  0x0000029dc6d78af0 JavaThread "Daemon" [_thread_blocked, id=26036, stack(0x000000a859e00000,0x000000a859f00000)]
  0x0000029dc6a48850 JavaThread "Handler for socket connection from /127.0.0.1:51189 to /127.0.0.1:51190" [_thread_in_native, id=17144, stack(0x000000a859f00000,0x000000a85a000000)]
  0x0000029dc6a5b3e0 JavaThread "Cancel handler" [_thread_blocked, id=12572, stack(0x000000a85a000000,0x000000a85a100000)]
  0x0000029dc6a58b60 JavaThread "Daemon worker" [_thread_blocked, id=2172, stack(0x000000a85a100000,0x000000a85a200000)]
  0x0000029dc6a58140 JavaThread "Asynchronous log dispatcher for DefaultDaemonConnection: socket connection from /127.0.0.1:51189 to /127.0.0.1:51190" [_thread_blocked, id=10956, stack(0x000000a85a200000,0x000000a85a300000)]
  0x0000029dc6a5aed0 JavaThread "Stdin handler" [_thread_blocked, id=13828, stack(0x000000a85a300000,0x000000a85a400000)]
  0x0000029dc6a59fa0 JavaThread "Daemon client event forwarder" [_thread_blocked, id=22992, stack(0x000000a85a400000,0x000000a85a500000)]
  0x0000029dc6a5b8f0 JavaThread "Cache worker for journal cache (C:\Users\quoch\.gradle\caches\journal-1)" [_thread_blocked, id=9180, stack(0x000000a85a500000,0x000000a85a600000)]
  0x0000029dc6a58650 JavaThread "File lock request listener" [_thread_in_native, id=25652, stack(0x000000a85a600000,0x000000a85a700000)]
  0x0000029dc6a5a4b0 JavaThread "Cache worker for file hash cache (C:\Users\quoch\.gradle\caches\8.10.2\fileHashes)" [_thread_blocked, id=17108, stack(0x000000a85a700000,0x000000a85a800000)]
  0x0000029dc6a59070 JavaThread "Cache worker for file hash cache (D:\FinalPJ\android\.gradle\8.10.2\fileHashes)" [_thread_blocked, id=19684, stack(0x000000a85ab00000,0x000000a85ac00000)]
  0x0000029dc6a5a9c0 JavaThread "Cache worker for Build Output Cleanup Cache (D:\FinalPJ\android\.gradle\buildOutputCleanup)" [_thread_blocked, id=24352, stack(0x000000a85ac00000,0x000000a85ad00000)]
  0x0000029dc6a59580 JavaThread "File watcher server" daemon [_thread_in_native, id=24128, stack(0x000000a85ae00000,0x000000a85af00000)]
  0x0000029dc6a59a90 JavaThread "File watcher consumer" daemon [_thread_blocked, id=20796, stack(0x000000a85af00000,0x000000a85b000000)]
  0x0000029dc8f76970 JavaThread "jar transforms" [_thread_blocked, id=14056, stack(0x000000a85b000000,0x000000a85b100000)]
  0x0000029dc8f740f0 JavaThread "jar transforms Thread 2" [_thread_blocked, id=17112, stack(0x000000a85b100000,0x000000a85b200000)]
  0x0000029dc8f75f50 JavaThread "jar transforms Thread 3" [_thread_blocked, id=15544, stack(0x000000a85b200000,0x000000a85b300000)]
  0x0000029dc8f74600 JavaThread "Cache worker for checksums cache (D:\FinalPJ\android\.gradle\8.10.2\checksums)" [_thread_blocked, id=13588, stack(0x000000a85b300000,0x000000a85b400000)]
  0x0000029dc8f76460 JavaThread "Cache worker for file content cache (C:\Users\quoch\.gradle\caches\8.10.2\fileContent)" [_thread_blocked, id=17536, stack(0x000000a85b400000,0x000000a85b500000)]
  0x0000029dc8f77390 JavaThread "Cache worker for cache directory md-rule (C:\Users\quoch\.gradle\caches\8.10.2\md-rule)" [_thread_blocked, id=21752, stack(0x000000a85b500000,0x000000a85b600000)]
  0x0000029dc8f76e80 JavaThread "Cache worker for cache directory md-supplier (C:\Users\quoch\.gradle\caches\8.10.2\md-supplier)" [_thread_blocked, id=25800, stack(0x000000a85b600000,0x000000a85b700000)]
  0x0000029dc8f74b10 JavaThread "jar transforms Thread 4" [_thread_blocked, id=7084, stack(0x000000a85b700000,0x000000a85b800000)]
  0x0000029dc8f75020 JavaThread "jar transforms Thread 5" [_thread_blocked, id=9232, stack(0x000000a85b800000,0x000000a85b900000)]
  0x0000029dc94800c0 JavaThread "jar transforms Thread 6" [_thread_blocked, id=2280, stack(0x000000a85b900000,0x000000a85ba00000)]
  0x0000029dc9481500 JavaThread "jar transforms Thread 7" [_thread_blocked, id=23908, stack(0x000000a85ba00000,0x000000a85bb00000)]
  0x0000029dc9480ff0 JavaThread "jar transforms Thread 8" [_thread_blocked, id=2648, stack(0x000000a85bb00000,0x000000a85bc00000)]
  0x0000029dc9483360 JavaThread "Cache worker for Build Output Cleanup Cache (D:\FinalPJ\node_modules\@react-native\gradle-plugin\.gradle\buildOutputCleanup)" [_thread_blocked, id=23812, stack(0x000000a85bc00000,0x000000a85bd00000)]
  0x0000029dc9480ae0 JavaThread "Unconstrained build operations" [_thread_blocked, id=20768, stack(0x000000a85bd00000,0x000000a85be00000)]
  0x0000029dc9481a10 JavaThread "Unconstrained build operations Thread 2" [_thread_blocked, id=17984, stack(0x000000a85be00000,0x000000a85bf00000)]
  0x0000029dc9481f20 JavaThread "Unconstrained build operations Thread 3" [_thread_blocked, id=10392, stack(0x000000a85bf00000,0x000000a85c000000)]
  0x0000029dc9482940 JavaThread "Unconstrained build operations Thread 4" [_thread_blocked, id=5944, stack(0x000000a85c000000,0x000000a85c100000)]
  0x0000029dc9484cb0 JavaThread "Unconstrained build operations Thread 5" [_thread_blocked, id=10188, stack(0x000000a85c100000,0x000000a85c200000)]
  0x0000029dc9482e50 JavaThread "Unconstrained build operations Thread 6" [_thread_blocked, id=19912, stack(0x000000a85c200000,0x000000a85c300000)]
  0x0000029dc9487530 JavaThread "File lock release action executor" [_thread_blocked, id=20152, stack(0x000000a85c300000,0x000000a85c400000)]
  0x0000029dc94847a0 JavaThread "Unconstrained build operations Thread 7" [_thread_blocked, id=17428, stack(0x000000a85c400000,0x000000a85c500000)]
  0x0000029dc94856d0 JavaThread "Unconstrained build operations Thread 8" [_thread_blocked, id=7936, stack(0x000000a85c500000,0x000000a85c600000)]
  0x0000029dc9485be0 JavaThread "Unconstrained build operations Thread 9" [_thread_blocked, id=6148, stack(0x000000a85c600000,0x000000a85c700000)]
  0x0000029dc9487020 JavaThread "Unconstrained build operations Thread 10" [_thread_blocked, id=21496, stack(0x000000a85c700000,0x000000a85c800000)]
  0x0000029dc94860f0 JavaThread "Unconstrained build operations Thread 11" [_thread_blocked, id=22568, stack(0x000000a85c800000,0x000000a85c900000)]
  0x0000029dc9486600 JavaThread "Unconstrained build operations Thread 12" [_thread_blocked, id=2484, stack(0x000000a85c900000,0x000000a85ca00000)]
  0x0000029dc9487a40 JavaThread "Unconstrained build operations Thread 13" [_thread_blocked, id=11320, stack(0x000000a85ca00000,0x000000a85cb00000)]
  0x0000029dc94851c0 JavaThread "Unconstrained build operations Thread 14" [_thread_blocked, id=2996, stack(0x000000a85cb00000,0x000000a85cc00000)]
  0x0000029dc50f42b0 JavaThread "Unconstrained build operations Thread 15" [_thread_blocked, id=21988, stack(0x000000a85cc00000,0x000000a85cd00000)]
  0x0000029dc50f1f40 JavaThread "Unconstrained build operations Thread 16" [_thread_blocked, id=15312, stack(0x000000a85cd00000,0x000000a85ce00000)]
  0x0000029dc50f1a30 JavaThread "Unconstrained build operations Thread 17" [_thread_blocked, id=23800, stack(0x000000a85ce00000,0x000000a85cf00000)]
  0x0000029dc50f47c0 JavaThread "Unconstrained build operations Thread 18" [_thread_blocked, id=14856, stack(0x000000a85cf00000,0x000000a85d000000)]
  0x0000029dc50f3380 JavaThread "Unconstrained build operations Thread 19" [_thread_blocked, id=7112, stack(0x000000a85d000000,0x000000a85d100000)]
  0x0000029dc50f3890 JavaThread "Unconstrained build operations Thread 20" [_thread_blocked, id=10564, stack(0x000000a85d100000,0x000000a85d200000)]
  0x0000029dc50f2450 JavaThread "Unconstrained build operations Thread 21" [_thread_blocked, id=20704, stack(0x000000a85d200000,0x000000a85d300000)]
  0x0000029dc50f2960 JavaThread "Unconstrained build operations Thread 22" [_thread_blocked, id=18316, stack(0x000000a85d300000,0x000000a85d400000)]
  0x0000029dc50f4cd0 JavaThread "Unconstrained build operations Thread 23" [_thread_blocked, id=15348, stack(0x000000a85d400000,0x000000a85d500000)]
  0x0000029dc50f2e70 JavaThread "Unconstrained build operations Thread 24" [_thread_blocked, id=25480, stack(0x000000a85d500000,0x000000a85d600000)]
  0x0000029dc50f1520 JavaThread "Unconstrained build operations Thread 25" [_thread_blocked, id=8888, stack(0x000000a85d600000,0x000000a85d700000)]
  0x0000029dc50f7f70 JavaThread "Unconstrained build operations Thread 26" [_thread_blocked, id=22552, stack(0x000000a85d700000,0x000000a85d800000)]
  0x0000029dc50f7a60 JavaThread "Unconstrained build operations Thread 27" [_thread_blocked, id=21100, stack(0x000000a85d800000,0x000000a85d900000)]
  0x0000029dc50f6110 JavaThread "Memory manager" [_thread_blocked, id=21436, stack(0x000000a85d900000,0x000000a85da00000)]
  0x0000029dc50f6620 JavaThread "build event listener" [_thread_blocked, id=3400, stack(0x000000a85da00000,0x000000a85db00000)]
  0x0000029dc50f8990 JavaThread "ForkJoinPool.commonPool-worker-1" daemon [_thread_blocked, id=1472, stack(0x000000a85db00000,0x000000a85dc00000)]
  0x0000029dc50f7040 JavaThread "ForkJoinPool.commonPool-worker-2" daemon [_thread_blocked, id=12776, stack(0x000000a85dc00000,0x000000a85dd00000)]
  0x0000029dc50f51e0 JavaThread "ForkJoinPool.commonPool-worker-3" daemon [_thread_blocked, id=2360, stack(0x000000a85dd00000,0x000000a85de00000)]
  0x0000029dc50f8ea0 JavaThread "ForkJoinPool.commonPool-worker-4" daemon [_thread_blocked, id=13756, stack(0x000000a85de00000,0x000000a85df00000)]
  0x0000029dc50f56f0 JavaThread "ForkJoinPool.commonPool-worker-5" daemon [_thread_blocked, id=14136, stack(0x000000a85df00000,0x000000a85e000000)]
  0x0000029dc50f7550 JavaThread "ForkJoinPool.commonPool-worker-6" daemon [_thread_blocked, id=22800, stack(0x000000a85e000000,0x000000a85e100000)]
  0x0000029dc976f2c0 JavaThread "ForkJoinPool.commonPool-worker-7" daemon [_thread_blocked, id=1428, stack(0x000000a85e100000,0x000000a85e200000)]
  0x0000029dc976e8a0 JavaThread "included builds" [_thread_in_native, id=2544, stack(0x000000a85e200000,0x000000a85e300000)]
  0x0000029dc976fce0 JavaThread "Execution worker" [_thread_blocked, id=14232, stack(0x000000a85e300000,0x000000a85e400000)]
  0x0000029dc97701f0 JavaThread "Execution worker Thread 2" [_thread_blocked, id=3944, stack(0x000000a85e400000,0x000000a85e500000)]
  0x0000029dc976f7d0 JavaThread "Execution worker Thread 3" [_thread_blocked, id=21748, stack(0x000000a85e500000,0x000000a85e600000)]
  0x0000029dc9770700 JavaThread "Execution worker Thread 4" [_thread_blocked, id=22172, stack(0x000000a85e600000,0x000000a85e700000)]
  0x0000029dc976de80 JavaThread "Execution worker Thread 5" [_thread_blocked, id=6888, stack(0x000000a85e700000,0x000000a85e800000)]
  0x0000029dc9771120 JavaThread "Execution worker Thread 6" [_thread_blocked, id=12580, stack(0x000000a85e800000,0x000000a85e900000)]
  0x0000029dc9770c10 JavaThread "Execution worker Thread 7" [_thread_blocked, id=22928, stack(0x000000a85e900000,0x000000a85ea00000)]
  0x0000029dc976e390 JavaThread "Cache worker for execution history cache (D:\FinalPJ\node_modules\@react-native\gradle-plugin\.gradle\8.10.2\executionHistory)" [_thread_blocked, id=19652, stack(0x000000a85ea00000,0x000000a85eb00000)]
  0x0000029dc976d970 JavaThread "Unconstrained build operations Thread 28" [_thread_blocked, id=19164, stack(0x000000a85eb00000,0x000000a85ec00000)]
  0x0000029dc9771630 JavaThread "Unconstrained build operations Thread 29" [_thread_blocked, id=26080, stack(0x000000a85ec00000,0x000000a85ed00000)]
  0x0000029dc9771b40 JavaThread "Unconstrained build operations Thread 30" [_thread_blocked, id=18360, stack(0x000000a85ed00000,0x000000a85ee00000)]
  0x0000029dc9772050 JavaThread "Unconstrained build operations Thread 31" [_thread_blocked, id=19200, stack(0x000000a85ee00000,0x000000a85ef00000)]
  0x0000029dc9772560 JavaThread "Unconstrained build operations Thread 32" [_thread_blocked, id=1424, stack(0x000000a85ef00000,0x000000a85f000000)]
  0x0000029dc976edb0 JavaThread "Unconstrained build operations Thread 33" [_thread_blocked, id=20872, stack(0x000000a85f000000,0x000000a85f100000)]
  0x0000029dc9774de0 JavaThread "Unconstrained build operations Thread 34" [_thread_blocked, id=4928, stack(0x000000a85f100000,0x000000a85f200000)]
  0x0000029dc9772a70 JavaThread "Unconstrained build operations Thread 35" [_thread_blocked, id=22920, stack(0x000000a85f200000,0x000000a85f300000)]
  0x0000029dc97752f0 JavaThread "Unconstrained build operations Thread 36" [_thread_blocked, id=23716, stack(0x000000a85f300000,0x000000a85f400000)]
  0x0000029dc9772f80 JavaThread "Unconstrained build operations Thread 37" [_thread_blocked, id=20660, stack(0x000000a85f400000,0x000000a85f500000)]
  0x0000029dc97739a0 JavaThread "Unconstrained build operations Thread 38" [_thread_blocked, id=23012, stack(0x000000a85f500000,0x000000a85f600000)]
  0x0000029dc9773490 JavaThread "Unconstrained build operations Thread 39" [_thread_blocked, id=18336, stack(0x000000a85f600000,0x000000a85f700000)]
  0x0000029dc9773eb0 JavaThread "Unconstrained build operations Thread 40" [_thread_blocked, id=16756, stack(0x000000a85f700000,0x000000a85f800000)]
  0x0000029dc97743c0 JavaThread "Unconstrained build operations Thread 41" [_thread_blocked, id=18952, stack(0x000000a85f800000,0x000000a85f900000)]
  0x0000029dc97748d0 JavaThread "Unconstrained build operations Thread 42" [_thread_blocked, id=8620, stack(0x000000a85f900000,0x000000a85fa00000)]
  0x0000029dca200990 JavaThread "Unconstrained build operations Thread 43" [_thread_blocked, id=3392, stack(0x000000a85fa00000,0x000000a85fb00000)]
  0x0000029dca1ffa60 JavaThread "Unconstrained build operations Thread 44" [_thread_blocked, id=24828, stack(0x000000a859800000,0x000000a859900000)]
  0x0000029dca200ea0 JavaThread "Unconstrained build operations Thread 45" [_thread_blocked, id=26124, stack(0x000000a85fb00000,0x000000a85fc00000)]
  0x0000029dca2022e0 JavaThread "Unconstrained build operations Thread 46" [_thread_blocked, id=4508, stack(0x000000a85fc00000,0x000000a85fd00000)]
  0x0000029dca202d00 JavaThread "Unconstrained build operations Thread 47" [_thread_blocked, id=19380, stack(0x000000a85fd00000,0x000000a85fe00000)]
  0x0000029dca2027f0 JavaThread "Unconstrained build operations Thread 48" [_thread_blocked, id=13400, stack(0x000000a85fe00000,0x000000a85ff00000)]
  0x0000029dca2013b0 JavaThread "Unconstrained build operations Thread 49" [_thread_blocked, id=12788, stack(0x000000a85ff00000,0x000000a860000000)]
  0x0000029dca1fff70 JavaThread "Unconstrained build operations Thread 50" [_thread_blocked, id=9624, stack(0x000000a860000000,0x000000a860100000)]
  0x0000029dca2018c0 JavaThread "Unconstrained build operations Thread 51" [_thread_blocked, id=14412, stack(0x000000a860100000,0x000000a860200000)]
  0x0000029dca201dd0 JavaThread "Unconstrained build operations Thread 52" [_thread_blocked, id=24960, stack(0x000000a860200000,0x000000a860300000)]
  0x0000029dca1ff550 JavaThread "Unconstrained build operations Thread 53" [_thread_blocked, id=4704, stack(0x000000a860300000,0x000000a860400000)]
  0x0000029dca203210 JavaThread "Unconstrained build operations Thread 54" [_thread_blocked, id=22244, stack(0x000000a860400000,0x000000a860500000)]
  0x0000029dca200480 JavaThread "Unconstrained build operations Thread 55" [_thread_blocked, id=25192, stack(0x000000a860500000,0x000000a860600000)]
  0x0000029dca205fa0 JavaThread "Unconstrained build operations Thread 56" [_thread_blocked, id=25664, stack(0x000000a860600000,0x000000a860700000)]
  0x0000029dca205580 JavaThread "Unconstrained build operations Thread 57" [_thread_blocked, id=5024, stack(0x000000a860700000,0x000000a860800000)]
  0x0000029dca2064b0 JavaThread "Unconstrained build operations Thread 58" [_thread_blocked, id=7072, stack(0x000000a860800000,0x000000a860900000)]
  0x0000029dca2069c0 JavaThread "Unconstrained build operations Thread 59" [_thread_blocked, id=22520, stack(0x000000a860900000,0x000000a860a00000)]
  0x0000029dca204650 JavaThread "Unconstrained build operations Thread 60" [_thread_blocked, id=5568, stack(0x000000a860a00000,0x000000a860b00000)]
  0x0000029dca205070 JavaThread "Unconstrained build operations Thread 61" [_thread_blocked, id=17272, stack(0x000000a860b00000,0x000000a860c00000)]
  0x0000029dca206ed0 JavaThread "Unconstrained build operations Thread 62" [_thread_blocked, id=7440, stack(0x000000a860c00000,0x000000a860d00000)]
  0x0000029dca204140 JavaThread "Unconstrained build operations Thread 63" [_thread_blocked, id=17368, stack(0x000000a860d00000,0x000000a860e00000)]
  0x0000029dca203720 JavaThread "Unconstrained build operations Thread 64" [_thread_blocked, id=17256, stack(0x000000a860e00000,0x000000a860f00000)]
  0x0000029dca203c30 JavaThread "Unconstrained build operations Thread 65" [_thread_blocked, id=19184, stack(0x000000a860f00000,0x000000a861000000)]
  0x0000029dca204b60 JavaThread "Unconstrained build operations Thread 66" [_thread_blocked, id=19056, stack(0x000000a861000000,0x000000a861100000)]
  0x0000029dca205a90 JavaThread "Unconstrained build operations Thread 67" [_thread_blocked, id=19984, stack(0x000000a861100000,0x000000a861200000)]
  0x0000029dc8e3b070 JavaThread "Unconstrained build operations Thread 68" [_thread_blocked, id=8720, stack(0x000000a861200000,0x000000a861300000)]
  0x0000029dc8e3e820 JavaThread "Unconstrained build operations Thread 69" [_thread_blocked, id=20496, stack(0x000000a861300000,0x000000a861400000)]
  0x0000029dc8e3b580 JavaThread "Unconstrained build operations Thread 70" [_thread_blocked, id=9408, stack(0x000000a861400000,0x000000a861500000)]
  0x0000029dc8e3de00 JavaThread "Unconstrained build operations Thread 71" [_thread_blocked, id=8208, stack(0x000000a861500000,0x000000a861600000)]
  0x0000029dc8e3d8f0 JavaThread "Unconstrained build operations Thread 72" [_thread_blocked, id=8072, stack(0x000000a861600000,0x000000a861700000)]

Other Threads:
  0x0000029da5ad5a60 VMThread "VM Thread" [stack: 0x000000a858900000,0x000000a858a00000] [id=20472]
  0x0000029d878c8ba0 WatcherThread [stack: 0x000000a859500000,0x000000a859600000] [id=24584]
  0x0000029d8583e8f0 GCTaskThread "GC Thread#0" [stack: 0x000000a858400000,0x000000a858500000] [id=26048]
  0x0000029dc58f50e0 GCTaskThread "GC Thread#1" [stack: 0x000000a859600000,0x000000a859700000] [id=21576]
  0x0000029dc555b190 GCTaskThread "GC Thread#2" [stack: 0x000000a859700000,0x000000a859800000] [id=24772]
  0x0000029dc5d5d840 GCTaskThread "GC Thread#3" [stack: 0x000000a859900000,0x000000a859a00000] [id=24908]
  0x0000029dc5d5db00 GCTaskThread "GC Thread#4" [stack: 0x000000a859a00000,0x000000a859b00000] [id=920]
  0x0000029dc716c710 GCTaskThread "GC Thread#5" [stack: 0x000000a85a800000,0x000000a85a900000] [id=10476]
  0x0000029dc7781260 GCTaskThread "GC Thread#6" [stack: 0x000000a85a900000,0x000000a85aa00000] [id=18564]
  0x0000029dc6f71c80 GCTaskThread "GC Thread#7" [stack: 0x000000a85aa00000,0x000000a85ab00000] [id=23480]
  0x0000029d87932f20 ConcurrentGCThread "G1 Main Marker" [stack: 0x000000a858500000,0x000000a858600000] [id=10684]
  0x0000029d87933fe0 ConcurrentGCThread "G1 Conc#0" [stack: 0x000000a858600000,0x000000a858700000] [id=1484]
  0x0000029dc5f0ed10 ConcurrentGCThread "G1 Conc#1" [stack: 0x000000a85ad00000,0x000000a85ae00000] [id=10604]
  0x0000029d8798e7c0 ConcurrentGCThread "G1 Refine#0" [stack: 0x000000a858700000,0x000000a858800000] [id=12564]
  0x0000029da5989160 ConcurrentGCThread "G1 Service" [stack: 0x000000a858800000,0x000000a858900000] [id=3156]

Threads with active compile tasks:
C2 CompilerThread0    25094 10699   !   4       org.gradle.api.internal.attributes.DefaultImmutableAttributesFactory::doConcatIsolatable (128 bytes)

VM state: not at safepoint (normal execution)

VM Mutex/Monitor currently owned by a thread: None

Heap address: 0x0000000080000000, size: 2048 MB, Compressed Oops mode: 32-bit

CDS archive(s) mapped at: [0x0000029da6000000-0x0000029da6bd0000-0x0000029da6bd0000), size 12386304, SharedBaseAddress: 0x0000029da6000000, ArchiveRelocationMode: 1.
Compressed class space mapped at: 0x0000029da7000000-0x0000029dc1000000, reserved size: 436207616
Narrow klass base: 0x0000029da6000000, Narrow klass shift: 0, Narrow klass range: 0x100000000

GC Precious Log:
 CPUs: 8 total, 8 available
 Memory: 7886M
 Large Page Support: Disabled
 NUMA Support: Disabled
 Compressed Oops: Enabled (32-bit)
 Heap Region Size: 1M
 Heap Min Capacity: 8M
 Heap Initial Capacity: 124M
 Heap Max Capacity: 2G
 Pre-touch: Disabled
 Parallel Workers: 8
 Concurrent Workers: 2
 Concurrent Refinement Workers: 8
 Periodic GC: Disabled

Heap:
 garbage-first heap   total 150528K, used 98267K [0x0000000080000000, 0x0000000100000000)
  region size 1024K, 20 young (20480K), 5 survivors (5120K)
 Metaspace       used 77000K, committed 78016K, reserved 557056K
  class space    used 10851K, committed 11328K, reserved 425984K

Heap Regions: E=young(eden), S=young(survivor), O=old, HS=humongous(starts), HC=humongous(continues), CS=collection set, F=free, OA=open archive, CA=closed archive, TAMS=top-at-mark-start (previous, next)
|   0|0x0000000080000000, 0x0000000080100000, 0x0000000080100000|100%| O|  |TAMS 0x0000000080100000, 0x0000000080000000| Untracked 
|   1|0x0000000080100000, 0x0000000080200000, 0x0000000080200000|100%| O|  |TAMS 0x0000000080200000, 0x0000000080100000| Untracked 
|   2|0x0000000080200000, 0x0000000080300000, 0x0000000080300000|100%|HS|  |TAMS 0x0000000080300000, 0x0000000080200000| Complete 
|   3|0x0000000080300000, 0x0000000080400000, 0x0000000080400000|100%|HC|  |TAMS 0x0000000080400000, 0x0000000080300000| Complete 
|   4|0x0000000080400000, 0x0000000080500000, 0x0000000080500000|100%|HC|  |TAMS 0x0000000080500000, 0x0000000080400000| Complete 
|   5|0x0000000080500000, 0x0000000080600000, 0x0000000080600000|100%|HC|  |TAMS 0x0000000080600000, 0x0000000080500000| Complete 
|   6|0x0000000080600000, 0x0000000080700000, 0x0000000080700000|100%| O|  |TAMS 0x0000000080700000, 0x0000000080600000| Untracked 
|   7|0x0000000080700000, 0x0000000080800000, 0x0000000080800000|100%| O|  |TAMS 0x0000000080800000, 0x0000000080700000| Untracked 
|   8|0x0000000080800000, 0x0000000080900000, 0x0000000080900000|100%| O|  |TAMS 0x0000000080900000, 0x0000000080800000| Untracked 
|   9|0x0000000080900000, 0x0000000080a00000, 0x0000000080a00000|100%|HS|  |TAMS 0x0000000080a00000, 0x0000000080900000| Complete 
|  10|0x0000000080a00000, 0x0000000080b00000, 0x0000000080b00000|100%| O|  |TAMS 0x0000000080b00000, 0x0000000080a00000| Untracked 
|  11|0x0000000080b00000, 0x0000000080c00000, 0x0000000080c00000|100%| O|  |TAMS 0x0000000080c00000, 0x0000000080b00000| Untracked 
|  12|0x0000000080c00000, 0x0000000080d00000, 0x0000000080d00000|100%| O|  |TAMS 0x0000000080d00000, 0x0000000080c00000| Untracked 
|  13|0x0000000080d00000, 0x0000000080e00000, 0x0000000080e00000|100%| O|  |TAMS 0x0000000080e00000, 0x0000000080d00000| Untracked 
|  14|0x0000000080e00000, 0x0000000080f00000, 0x0000000080f00000|100%| O|  |TAMS 0x0000000080f00000, 0x0000000080e00000| Untracked 
|  15|0x0000000080f00000, 0x0000000081000000, 0x0000000081000000|100%| O|  |TAMS 0x0000000081000000, 0x0000000080f00000| Untracked 
|  16|0x0000000081000000, 0x0000000081100000, 0x0000000081100000|100%| O|  |TAMS 0x0000000081100000, 0x0000000081000000| Untracked 
|  17|0x0000000081100000, 0x0000000081200000, 0x0000000081200000|100%| O|  |TAMS 0x0000000081200000, 0x0000000081100000| Untracked 
|  18|0x0000000081200000, 0x0000000081300000, 0x0000000081300000|100%| O|  |TAMS 0x0000000081300000, 0x0000000081200000| Untracked 
|  19|0x0000000081300000, 0x0000000081400000, 0x0000000081400000|100%| O|  |TAMS 0x0000000081400000, 0x0000000081300000| Untracked 
|  20|0x0000000081400000, 0x0000000081500000, 0x0000000081500000|100%| O|  |TAMS 0x0000000081500000, 0x0000000081400000| Untracked 
|  21|0x0000000081500000, 0x00000000815c4400, 0x0000000081600000| 76%| O|  |TAMS 0x00000000815c4400, 0x0000000081500000| Untracked 
|  22|0x0000000081600000, 0x0000000081700000, 0x0000000081700000|100%| O|  |TAMS 0x0000000081700000, 0x0000000081600000| Untracked 
|  23|0x0000000081700000, 0x0000000081800000, 0x0000000081800000|100%| O|  |TAMS 0x0000000081800000, 0x0000000081700000| Untracked 
|  24|0x0000000081800000, 0x0000000081900000, 0x0000000081900000|100%| O|  |TAMS 0x0000000081900000, 0x0000000081800000| Untracked 
|  25|0x0000000081900000, 0x0000000081a00000, 0x0000000081a00000|100%| O|  |TAMS 0x0000000081a00000, 0x0000000081900000| Untracked 
|  26|0x0000000081a00000, 0x0000000081b00000, 0x0000000081b00000|100%| O|  |TAMS 0x0000000081b00000, 0x0000000081a00000| Untracked 
|  27|0x0000000081b00000, 0x0000000081c00000, 0x0000000081c00000|100%| O|  |TAMS 0x0000000081c00000, 0x0000000081b00000| Untracked 
|  28|0x0000000081c00000, 0x0000000081d00000, 0x0000000081d00000|100%| O|  |TAMS 0x0000000081d00000, 0x0000000081c00000| Untracked 
|  29|0x0000000081d00000, 0x0000000081e00000, 0x0000000081e00000|100%| O|  |TAMS 0x0000000081e00000, 0x0000000081d00000| Untracked 
|  30|0x0000000081e00000, 0x0000000081f00000, 0x0000000081f00000|100%| O|  |TAMS 0x0000000081f00000, 0x0000000081e00000| Untracked 
|  31|0x0000000081f00000, 0x0000000082000000, 0x0000000082000000|100%| O|  |TAMS 0x0000000082000000, 0x0000000081f00000| Untracked 
|  32|0x0000000082000000, 0x0000000082100000, 0x0000000082100000|100%| O|  |TAMS 0x0000000082100000, 0x0000000082000000| Untracked 
|  33|0x0000000082100000, 0x0000000082200000, 0x0000000082200000|100%| O|  |TAMS 0x0000000082200000, 0x0000000082100000| Untracked 
|  34|0x0000000082200000, 0x0000000082300000, 0x0000000082300000|100%| O|  |TAMS 0x0000000082300000, 0x0000000082200000| Untracked 
|  35|0x0000000082300000, 0x0000000082400000, 0x0000000082400000|100%| O|  |TAMS 0x0000000082400000, 0x0000000082300000| Untracked 
|  36|0x0000000082400000, 0x0000000082500000, 0x0000000082500000|100%| O|  |TAMS 0x0000000082500000, 0x0000000082400000| Untracked 
|  37|0x0000000082500000, 0x0000000082600000, 0x0000000082600000|100%| O|  |TAMS 0x0000000082600000, 0x0000000082500000| Untracked 
|  38|0x0000000082600000, 0x0000000082700000, 0x0000000082700000|100%| O|  |TAMS 0x0000000082700000, 0x0000000082600000| Untracked 
|  39|0x0000000082700000, 0x0000000082800000, 0x0000000082800000|100%| O|  |TAMS 0x0000000082800000, 0x0000000082700000| Untracked 
|  40|0x0000000082800000, 0x0000000082900000, 0x0000000082900000|100%| O|  |TAMS 0x0000000082900000, 0x0000000082800000| Untracked 
|  41|0x0000000082900000, 0x0000000082a00000, 0x0000000082a00000|100%| O|  |TAMS 0x0000000082a00000, 0x0000000082900000| Untracked 
|  42|0x0000000082a00000, 0x0000000082b00000, 0x0000000082b00000|100%| O|  |TAMS 0x0000000082b00000, 0x0000000082a00000| Untracked 
|  43|0x0000000082b00000, 0x0000000082c00000, 0x0000000082c00000|100%| O|  |TAMS 0x0000000082c00000, 0x0000000082b00000| Untracked 
|  44|0x0000000082c00000, 0x0000000082c00000, 0x0000000082d00000|  0%| F|  |TAMS 0x0000000082c00000, 0x0000000082c00000| Untracked 
|  45|0x0000000082d00000, 0x0000000082e00000, 0x0000000082e00000|100%| O|  |TAMS 0x0000000082e00000, 0x0000000082d00000| Untracked 
|  46|0x0000000082e00000, 0x0000000082f00000, 0x0000000082f00000|100%| O|  |TAMS 0x0000000082f00000, 0x0000000082e00000| Untracked 
|  47|0x0000000082f00000, 0x0000000083000000, 0x0000000083000000|100%| O|  |TAMS 0x0000000083000000, 0x0000000082f00000| Complete 
|  48|0x0000000083000000, 0x0000000083100000, 0x0000000083100000|100%| O|  |TAMS 0x0000000083100000, 0x0000000083000000| Untracked 
|  49|0x0000000083100000, 0x0000000083200000, 0x0000000083200000|100%|HS|  |TAMS 0x0000000083200000, 0x0000000083100000| Complete 
|  50|0x0000000083200000, 0x0000000083300000, 0x0000000083300000|100%|HC|  |TAMS 0x0000000083300000, 0x0000000083200000| Complete 
|  51|0x0000000083300000, 0x0000000083400000, 0x0000000083400000|100%|HS|  |TAMS 0x0000000083400000, 0x0000000083300000| Complete 
|  52|0x0000000083400000, 0x0000000083500000, 0x0000000083500000|100%|HC|  |TAMS 0x0000000083500000, 0x0000000083400000| Complete 
|  53|0x0000000083500000, 0x0000000083500000, 0x0000000083600000|  0%| F|  |TAMS 0x0000000083500000, 0x0000000083500000| Untracked 
|  54|0x0000000083600000, 0x0000000083700000, 0x0000000083700000|100%|HS|  |TAMS 0x0000000083700000, 0x0000000083600000| Complete 
|  55|0x0000000083700000, 0x0000000083800000, 0x0000000083800000|100%|HC|  |TAMS 0x0000000083800000, 0x0000000083700000| Complete 
|  56|0x0000000083800000, 0x0000000083900000, 0x0000000083900000|100%|HC|  |TAMS 0x0000000083900000, 0x0000000083800000| Complete 
|  57|0x0000000083900000, 0x0000000083a00000, 0x0000000083a00000|100%|HC|  |TAMS 0x0000000083a00000, 0x0000000083900000| Complete 
|  58|0x0000000083a00000, 0x0000000083b00000, 0x0000000083b00000|100%|HS|  |TAMS 0x0000000083b00000, 0x0000000083a00000| Complete 
|  59|0x0000000083b00000, 0x0000000083c00000, 0x0000000083c00000|100%|HC|  |TAMS 0x0000000083c00000, 0x0000000083b00000| Complete 
|  60|0x0000000083c00000, 0x0000000083d00000, 0x0000000083d00000|100%|HC|  |TAMS 0x0000000083d00000, 0x0000000083c00000| Complete 
|  61|0x0000000083d00000, 0x0000000083e00000, 0x0000000083e00000|100%|HC|  |TAMS 0x0000000083e00000, 0x0000000083d00000| Complete 
|  62|0x0000000083e00000, 0x0000000083f00000, 0x0000000083f00000|100%| O|  |TAMS 0x0000000083f00000, 0x0000000083e00000| Untracked 
|  63|0x0000000083f00000, 0x0000000084000000, 0x0000000084000000|100%| O|  |TAMS 0x0000000084000000, 0x0000000083f00000| Untracked 
|  64|0x0000000084000000, 0x0000000084100000, 0x0000000084100000|100%| O|  |TAMS 0x0000000084100000, 0x0000000084000000| Untracked 
|  65|0x0000000084100000, 0x0000000084200000, 0x0000000084200000|100%| O|  |TAMS 0x0000000084200000, 0x0000000084100000| Untracked 
|  66|0x0000000084200000, 0x0000000084300000, 0x0000000084300000|100%| O|  |TAMS 0x0000000084300000, 0x0000000084200000| Untracked 
|  67|0x0000000084300000, 0x0000000084400000, 0x0000000084400000|100%| O|  |TAMS 0x0000000084400000, 0x0000000084300000| Untracked 
|  68|0x0000000084400000, 0x0000000084500000, 0x0000000084500000|100%| O|  |TAMS 0x0000000084500000, 0x0000000084400000| Untracked 
|  69|0x0000000084500000, 0x0000000084600000, 0x0000000084600000|100%| O|  |TAMS 0x0000000084600000, 0x0000000084500000| Untracked 
|  70|0x0000000084600000, 0x0000000084700000, 0x0000000084700000|100%| O|  |TAMS 0x0000000084700000, 0x0000000084600000| Untracked 
|  71|0x0000000084700000, 0x0000000084800000, 0x0000000084800000|100%| O|  |TAMS 0x0000000084800000, 0x0000000084700000| Untracked 
|  72|0x0000000084800000, 0x0000000084900000, 0x0000000084900000|100%| O|  |TAMS 0x0000000084900000, 0x0000000084800000| Untracked 
|  73|0x0000000084900000, 0x0000000084a00000, 0x0000000084a00000|100%| O|  |TAMS 0x0000000084a00000, 0x0000000084900000| Complete 
|  74|0x0000000084a00000, 0x0000000084b00000, 0x0000000084b00000|100%| O|  |TAMS 0x0000000084b00000, 0x0000000084a00000| Untracked 
|  75|0x0000000084b00000, 0x0000000084c00000, 0x0000000084c00000|100%| O|  |TAMS 0x0000000084c00000, 0x0000000084b00000| Untracked 
|  76|0x0000000084c00000, 0x0000000084d00000, 0x0000000084d00000|100%| O|  |TAMS 0x0000000084d00000, 0x0000000084c00000| Untracked 
|  77|0x0000000084d00000, 0x0000000084e00000, 0x0000000084e00000|100%| O|  |TAMS 0x0000000084e00000, 0x0000000084d00000| Untracked 
|  78|0x0000000084e00000, 0x0000000084f00000, 0x0000000084f00000|100%| O|  |TAMS 0x0000000084f00000, 0x0000000084e00000| Untracked 
|  79|0x0000000084f00000, 0x0000000085000000, 0x0000000085000000|100%| O|  |TAMS 0x0000000085000000, 0x0000000084f00000| Untracked 
|  80|0x0000000085000000, 0x000000008501c000, 0x0000000085100000| 10%| O|  |TAMS 0x000000008501c000, 0x0000000085000000| Untracked 
|  81|0x0000000085100000, 0x0000000085100000, 0x0000000085200000|  0%| F|  |TAMS 0x0000000085100000, 0x0000000085100000| Untracked 
|  82|0x0000000085200000, 0x0000000085200000, 0x0000000085300000|  0%| F|  |TAMS 0x0000000085200000, 0x0000000085200000| Untracked 
|  83|0x0000000085300000, 0x0000000085300000, 0x0000000085400000|  0%| F|  |TAMS 0x0000000085300000, 0x0000000085300000| Untracked 
|  84|0x0000000085400000, 0x0000000085400000, 0x0000000085500000|  0%| F|  |TAMS 0x0000000085400000, 0x0000000085400000| Untracked 
|  85|0x0000000085500000, 0x0000000085500000, 0x0000000085600000|  0%| F|  |TAMS 0x0000000085500000, 0x0000000085500000| Untracked 
|  86|0x0000000085600000, 0x0000000085600000, 0x0000000085700000|  0%| F|  |TAMS 0x0000000085600000, 0x0000000085600000| Untracked 
|  87|0x0000000085700000, 0x0000000085700000, 0x0000000085800000|  0%| F|  |TAMS 0x0000000085700000, 0x0000000085700000| Untracked 
|  88|0x0000000085800000, 0x0000000085800000, 0x0000000085900000|  0%| F|  |TAMS 0x0000000085800000, 0x0000000085800000| Untracked 
|  89|0x0000000085900000, 0x0000000085900000, 0x0000000085a00000|  0%| F|  |TAMS 0x0000000085900000, 0x0000000085900000| Untracked 
|  90|0x0000000085a00000, 0x0000000085a00000, 0x0000000085b00000|  0%| F|  |TAMS 0x0000000085a00000, 0x0000000085a00000| Untracked 
|  91|0x0000000085b00000, 0x0000000085b00000, 0x0000000085c00000|  0%| F|  |TAMS 0x0000000085b00000, 0x0000000085b00000| Untracked 
|  92|0x0000000085c00000, 0x0000000085c00000, 0x0000000085d00000|  0%| F|  |TAMS 0x0000000085c00000, 0x0000000085c00000| Untracked 
|  93|0x0000000085d00000, 0x0000000085d00000, 0x0000000085e00000|  0%| F|  |TAMS 0x0000000085d00000, 0x0000000085d00000| Untracked 
|  94|0x0000000085e00000, 0x0000000085e00000, 0x0000000085f00000|  0%| F|  |TAMS 0x0000000085e00000, 0x0000000085e00000| Untracked 
|  95|0x0000000085f00000, 0x0000000085f00000, 0x0000000086000000|  0%| F|  |TAMS 0x0000000085f00000, 0x0000000085f00000| Untracked 
|  96|0x0000000086000000, 0x0000000086000000, 0x0000000086100000|  0%| F|  |TAMS 0x0000000086000000, 0x0000000086000000| Untracked 
|  97|0x0000000086100000, 0x0000000086100000, 0x0000000086200000|  0%| F|  |TAMS 0x0000000086100000, 0x0000000086100000| Untracked 
|  98|0x0000000086200000, 0x0000000086200000, 0x0000000086300000|  0%| F|  |TAMS 0x0000000086200000, 0x0000000086200000| Untracked 
|  99|0x0000000086300000, 0x0000000086300000, 0x0000000086400000|  0%| F|  |TAMS 0x0000000086300000, 0x0000000086300000| Untracked 
| 100|0x0000000086400000, 0x0000000086400000, 0x0000000086500000|  0%| F|  |TAMS 0x0000000086400000, 0x0000000086400000| Untracked 
| 101|0x0000000086500000, 0x0000000086516938, 0x0000000086600000|  8%| S|CS|TAMS 0x0000000086500000, 0x0000000086500000| Complete 
| 102|0x0000000086600000, 0x0000000086700000, 0x0000000086700000|100%| S|CS|TAMS 0x0000000086600000, 0x0000000086600000| Complete 
| 103|0x0000000086700000, 0x0000000086800000, 0x0000000086800000|100%| S|CS|TAMS 0x0000000086700000, 0x0000000086700000| Complete 
| 104|0x0000000086800000, 0x0000000086900000, 0x0000000086900000|100%| S|CS|TAMS 0x0000000086800000, 0x0000000086800000| Complete 
| 105|0x0000000086900000, 0x0000000086a00000, 0x0000000086a00000|100%| S|CS|TAMS 0x0000000086900000, 0x0000000086900000| Complete 
| 106|0x0000000086a00000, 0x0000000086a00000, 0x0000000086b00000|  0%| F|  |TAMS 0x0000000086a00000, 0x0000000086a00000| Untracked 
| 107|0x0000000086b00000, 0x0000000086b00000, 0x0000000086c00000|  0%| F|  |TAMS 0x0000000086b00000, 0x0000000086b00000| Untracked 
| 108|0x0000000086c00000, 0x0000000086c00000, 0x0000000086d00000|  0%| F|  |TAMS 0x0000000086c00000, 0x0000000086c00000| Untracked 
| 109|0x0000000086d00000, 0x0000000086d00000, 0x0000000086e00000|  0%| F|  |TAMS 0x0000000086d00000, 0x0000000086d00000| Untracked 
| 110|0x0000000086e00000, 0x0000000086e00000, 0x0000000086f00000|  0%| F|  |TAMS 0x0000000086e00000, 0x0000000086e00000| Untracked 
| 111|0x0000000086f00000, 0x0000000086f00000, 0x0000000087000000|  0%| F|  |TAMS 0x0000000086f00000, 0x0000000086f00000| Untracked 
| 112|0x0000000087000000, 0x0000000087000000, 0x0000000087100000|  0%| F|  |TAMS 0x0000000087000000, 0x0000000087000000| Untracked 
| 113|0x0000000087100000, 0x0000000087100000, 0x0000000087200000|  0%| F|  |TAMS 0x0000000087100000, 0x0000000087100000| Untracked 
| 114|0x0000000087200000, 0x0000000087200000, 0x0000000087300000|  0%| F|  |TAMS 0x0000000087200000, 0x0000000087200000| Untracked 
| 115|0x0000000087300000, 0x0000000087300000, 0x0000000087400000|  0%| F|  |TAMS 0x0000000087300000, 0x0000000087300000| Untracked 
| 116|0x0000000087400000, 0x0000000087400000, 0x0000000087500000|  0%| F|  |TAMS 0x0000000087400000, 0x0000000087400000| Untracked 
| 117|0x0000000087500000, 0x0000000087500000, 0x0000000087600000|  0%| F|  |TAMS 0x0000000087500000, 0x0000000087500000| Untracked 
| 118|0x0000000087600000, 0x0000000087600000, 0x0000000087700000|  0%| F|  |TAMS 0x0000000087600000, 0x0000000087600000| Untracked 
| 119|0x0000000087700000, 0x0000000087700000, 0x0000000087800000|  0%| F|  |TAMS 0x0000000087700000, 0x0000000087700000| Untracked 
| 120|0x0000000087800000, 0x0000000087800000, 0x0000000087900000|  0%| F|  |TAMS 0x0000000087800000, 0x0000000087800000| Untracked 
| 121|0x0000000087900000, 0x0000000087900000, 0x0000000087a00000|  0%| F|  |TAMS 0x0000000087900000, 0x0000000087900000| Untracked 
| 122|0x0000000087a00000, 0x0000000087a00000, 0x0000000087b00000|  0%| F|  |TAMS 0x0000000087a00000, 0x0000000087a00000| Untracked 
| 123|0x0000000087b00000, 0x0000000087b00000, 0x0000000087c00000|  0%| F|  |TAMS 0x0000000087b00000, 0x0000000087b00000| Untracked 
| 124|0x0000000087c00000, 0x0000000087c00000, 0x0000000087d00000|  0%| F|  |TAMS 0x0000000087c00000, 0x0000000087c00000| Untracked 
| 125|0x0000000087d00000, 0x0000000087d00000, 0x0000000087e00000|  0%| F|  |TAMS 0x0000000087d00000, 0x0000000087d00000| Untracked 
| 126|0x0000000087e00000, 0x0000000087e00000, 0x0000000087f00000|  0%| F|  |TAMS 0x0000000087e00000, 0x0000000087e00000| Untracked 
| 127|0x0000000087f00000, 0x0000000087f00000, 0x0000000088000000|  0%| F|  |TAMS 0x0000000087f00000, 0x0000000087f00000| Untracked 
| 128|0x0000000088000000, 0x0000000088000000, 0x0000000088100000|  0%| F|  |TAMS 0x0000000088000000, 0x0000000088000000| Untracked 
| 129|0x0000000088100000, 0x0000000088100000, 0x0000000088200000|  0%| F|  |TAMS 0x0000000088100000, 0x0000000088100000| Untracked 
| 130|0x0000000088200000, 0x0000000088200000, 0x0000000088300000|  0%| F|  |TAMS 0x0000000088200000, 0x0000000088200000| Untracked 
| 131|0x0000000088300000, 0x0000000088300000, 0x0000000088400000|  0%| F|  |TAMS 0x0000000088300000, 0x0000000088300000| Untracked 
| 132|0x0000000088400000, 0x00000000884a1bd0, 0x0000000088500000| 63%| E|  |TAMS 0x0000000088400000, 0x0000000088400000| Complete 
| 133|0x0000000088500000, 0x0000000088600000, 0x0000000088600000|100%| E|CS|TAMS 0x0000000088500000, 0x0000000088500000| Complete 
| 134|0x0000000088600000, 0x0000000088700000, 0x0000000088700000|100%| E|CS|TAMS 0x0000000088600000, 0x0000000088600000| Complete 
| 135|0x0000000088700000, 0x0000000088800000, 0x0000000088800000|100%| E|CS|TAMS 0x0000000088700000, 0x0000000088700000| Complete 
| 136|0x0000000088800000, 0x0000000088900000, 0x0000000088900000|100%| E|CS|TAMS 0x0000000088800000, 0x0000000088800000| Complete 
| 137|0x0000000088900000, 0x0000000088a00000, 0x0000000088a00000|100%| E|CS|TAMS 0x0000000088900000, 0x0000000088900000| Complete 
| 138|0x0000000088a00000, 0x0000000088b00000, 0x0000000088b00000|100%| E|CS|TAMS 0x0000000088a00000, 0x0000000088a00000| Complete 
| 139|0x0000000088b00000, 0x0000000088c00000, 0x0000000088c00000|100%| E|CS|TAMS 0x0000000088b00000, 0x0000000088b00000| Complete 
| 140|0x0000000088c00000, 0x0000000088d00000, 0x0000000088d00000|100%| E|CS|TAMS 0x0000000088c00000, 0x0000000088c00000| Complete 
| 141|0x0000000088d00000, 0x0000000088e00000, 0x0000000088e00000|100%| E|CS|TAMS 0x0000000088d00000, 0x0000000088d00000| Complete 
| 142|0x0000000088e00000, 0x0000000088f00000, 0x0000000088f00000|100%| E|CS|TAMS 0x0000000088e00000, 0x0000000088e00000| Complete 
| 143|0x0000000088f00000, 0x0000000089000000, 0x0000000089000000|100%| E|CS|TAMS 0x0000000088f00000, 0x0000000088f00000| Complete 
| 144|0x0000000089000000, 0x0000000089100000, 0x0000000089100000|100%| E|CS|TAMS 0x0000000089000000, 0x0000000089000000| Complete 
| 145|0x0000000089100000, 0x0000000089200000, 0x0000000089200000|100%| E|CS|TAMS 0x0000000089100000, 0x0000000089100000| Complete 
| 146|0x0000000089200000, 0x0000000089300000, 0x0000000089300000|100%| E|CS|TAMS 0x0000000089200000, 0x0000000089200000| Complete 

Card table byte_map: [0x0000029d9e8b0000,0x0000029d9ecb0000] _byte_map_base: 0x0000029d9e4b0000

Marking Bits (Prev, Next): (CMBitMap*) 0x0000029d87921a80, (CMBitMap*) 0x0000029d87921ac0
 Prev Bits: [0x0000029d9f0b0000, 0x0000029da10b0000)
 Next Bits: [0x0000029da10b0000, 0x0000029da30b0000)

Polling page: 0x0000029d87050000

Metaspace:

Usage:
  Non-class:     64.60 MB used.
      Class:     10.60 MB used.
       Both:     75.20 MB used.

Virtual space:
  Non-class space:      128.00 MB reserved,      65.12 MB ( 51%) committed,  2 nodes.
      Class space:      416.00 MB reserved,      11.06 MB (  3%) committed,  1 nodes.
             Both:      544.00 MB reserved,      76.19 MB ( 14%) committed. 

Chunk freelists:
   Non-Class:  14.66 MB
       Class:  4.78 MB
        Both:  19.44 MB

MaxMetaspaceSize: 512.00 MB
CompressedClassSpaceSize: 416.00 MB
Initial GC threshold: 21.00 MB
Current GC threshold: 126.25 MB
CDS: on
MetaspaceReclaimPolicy: balanced
 - commit_granule_bytes: 65536.
 - commit_granule_words: 8192.
 - virtual_space_node_default_size: 8388608.
 - enlarge_chunks_in_place: 1.
 - new_chunks_are_fully_committed: 0.
 - uncommit_free_chunks: 1.
 - use_allocation_guard: 0.
 - handle_deallocations: 1.


Internal statistics:

num_allocs_failed_limit: 6.
num_arena_births: 1218.
num_arena_deaths: 0.
num_vsnodes_births: 3.
num_vsnodes_deaths: 0.
num_space_committed: 1219.
num_space_uncommitted: 0.
num_chunks_returned_to_freelist: 6.
num_chunks_taken_from_freelist: 4671.
num_chunk_merges: 6.
num_chunk_splits: 2926.
num_chunks_enlarged: 1780.
num_inconsistent_stats: 0.

CodeHeap 'non-profiled nmethods': size=120000Kb used=5260Kb max_used=5836Kb free=114739Kb
 bounds [0x0000029d96c50000, 0x0000029d97210000, 0x0000029d9e180000]
CodeHeap 'profiled nmethods': size=120000Kb used=18137Kb max_used=18813Kb free=101862Kb
 bounds [0x0000029d8f180000, 0x0000029d903f0000, 0x0000029d966b0000]
CodeHeap 'non-nmethods': size=5760Kb used=2399Kb max_used=2458Kb free=3360Kb
 bounds [0x0000029d966b0000, 0x0000029d96930000, 0x0000029d96c50000]
 total_blobs=10335 nmethods=9419 adapters=828
 compilation: enabled
              stopped_count=0, restarted_count=0
 full_count=0

Compilation events (20 events):
Event: 24.824 Thread 0x0000029da5af8290 nmethod 10879 0x0000029d8fb3e690 code [0x0000029d8fb3e840, 0x0000029d8fb3ea08]
Event: 24.824 Thread 0x0000029da5af8290 10880       3       org.gradle.api.internal.artifacts.ivyservice.ivyresolve.CachingModuleComponentRepository$LocateInCacheRepositoryAccess::estimateMetadataFetchingCost (191 bytes)
Event: 24.826 Thread 0x0000029da5af8290 nmethod 10880 0x0000029d8f53c690 code [0x0000029d8f53cb60, 0x0000029d8f53f478]
Event: 24.826 Thread 0x0000029da5af8290 10877       3       org.gradle.api.internal.artifacts.ivyservice.resolveengine.graph.conflicts.DefaultConflictHandler::registerCandidate (53 bytes)
Event: 24.826 Thread 0x0000029da5af8290 nmethod 10877 0x0000029d8fed6b90 code [0x0000029d8fed6dc0, 0x0000029d8fed7508]
Event: 24.826 Thread 0x0000029da5af8290 10882       3       org.gradle.internal.component.model.MultipleCandidateMatcher::matchCandidate (78 bytes)
Event: 24.827 Thread 0x0000029da5af8290 nmethod 10882 0x0000029d8f91d390 code [0x0000029d8f91d580, 0x0000029d8f91d9c8]
Event: 24.827 Thread 0x0000029da5af8290 10881       3       org.gradle.api.internal.attributes.DefaultImmutableAttributes::get (10 bytes)
Event: 24.827 Thread 0x0000029da5af8290 nmethod 10881 0x0000029d8fed6490 code [0x0000029d8fed6640, 0x0000029d8fed6808]
Event: 24.827 Thread 0x0000029da5af8290 10878       3       org.gradle.api.internal.artifacts.ivyservice.resolveengine.graph.conflicts.PotentialConflictFactory::potentialConflict (21 bytes)
Event: 24.827 Thread 0x0000029da5af8290 nmethod 10878 0x0000029d8f91ce90 code [0x0000029d8f91d040, 0x0000029d8f91d268]
Event: 24.827 Thread 0x0000029da5af8290 10883       3       org.gradle.internal.component.model.MultipleCandidateMatcher$$Lambda$1156/0x0000029da77fb258::apply (13 bytes)
Event: 24.827 Thread 0x0000029da5af8290 nmethod 10883 0x0000029d8f91c710 code [0x0000029d8f91c8e0, 0x0000029d8f91cc48]
Event: 24.827 Thread 0x0000029da5af8290 10884       3       org.gradle.internal.component.model.MultipleCandidateMatcher::lambda$disambiguateRequestedAttribute$0 (7 bytes)
Event: 24.827 Thread 0x0000029da5af8290 nmethod 10884 0x0000029d8fbf3310 code [0x0000029d8fbf34c0, 0x0000029d8fbf37a8]
Event: 24.828 Thread 0x0000029da5af8290 10885       3       org.gradle.api.internal.artifacts.ivyservice.ivyresolve.RepositoryChainComponentMetaDataResolver::findBestMatch (228 bytes)
Event: 25.023 Thread 0x0000029da5af8290 nmethod 10885 0x0000029d8f565c90 code [0x0000029d8f566140, 0x0000029d8f5689a8]
Event: 25.024 Thread 0x0000029da5af8290 10886       1       org.gradle.internal.component.local.model.DslOriginDependencyMetadataWrapper::getArtifacts (5 bytes)
Event: 25.024 Thread 0x0000029da5af8290 nmethod 10886 0x0000029d9709f310 code [0x0000029d9709f4a0, 0x0000029d9709f578]
Event: 25.025 Thread 0x0000029da5af8290 10888       3       org.gradle.api.internal.artifacts.ivyservice.resolveengine.ComponentResolversChain$ComponentMetaDataResolverChain::resolve (57 bytes)

GC Heap History (20 events):
Event: 15.787 GC heap before
{Heap before GC invocations=26 (full 0):
 garbage-first heap   total 114688K, used 89747K [0x0000000080000000, 0x0000000100000000)
  region size 1024K, 26 young (26624K), 3 survivors (3072K)
 Metaspace       used 62568K, committed 63296K, reserved 491520K
  class space    used 8853K, committed 9216K, reserved 425984K
}
Event: 15.791 GC heap after
{Heap after GC invocations=27 (full 0):
 garbage-first heap   total 114688K, used 68502K [0x0000000080000000, 0x0000000100000000)
  region size 1024K, 4 young (4096K), 4 survivors (4096K)
 Metaspace       used 62568K, committed 63296K, reserved 491520K
  class space    used 8853K, committed 9216K, reserved 425984K
}
Event: 16.189 GC heap before
{Heap before GC invocations=27 (full 0):
 garbage-first heap   total 114688K, used 92054K [0x0000000080000000, 0x0000000100000000)
  region size 1024K, 27 young (27648K), 4 survivors (4096K)
 Metaspace       used 63871K, committed 64640K, reserved 491520K
  class space    used 9033K, committed 9408K, reserved 425984K
}
Event: 16.193 GC heap after
{Heap after GC invocations=28 (full 0):
 garbage-first heap   total 114688K, used 70175K [0x0000000080000000, 0x0000000100000000)
  region size 1024K, 4 young (4096K), 4 survivors (4096K)
 Metaspace       used 63871K, committed 64640K, reserved 491520K
  class space    used 9033K, committed 9408K, reserved 425984K
}
Event: 16.614 GC heap before
{Heap before GC invocations=29 (full 0):
 garbage-first heap   total 124928K, used 93727K [0x0000000080000000, 0x0000000100000000)
  region size 1024K, 27 young (27648K), 4 survivors (4096K)
 Metaspace       used 65144K, committed 65920K, reserved 491520K
  class space    used 9202K, committed 9536K, reserved 425984K
}
Event: 16.617 GC heap after
{Heap after GC invocations=30 (full 0):
 garbage-first heap   total 124928K, used 70418K [0x0000000080000000, 0x0000000100000000)
  region size 1024K, 3 young (3072K), 3 survivors (3072K)
 Metaspace       used 65144K, committed 65920K, reserved 491520K
  class space    used 9202K, committed 9536K, reserved 425984K
}
Event: 17.252 GC heap before
{Heap before GC invocations=30 (full 0):
 garbage-first heap   total 124928K, used 99090K [0x0000000080000000, 0x0000000100000000)
  region size 1024K, 32 young (32768K), 3 survivors (3072K)
 Metaspace       used 66381K, committed 67200K, reserved 491520K
  class space    used 9377K, committed 9728K, reserved 425984K
}
Event: 17.260 GC heap after
{Heap after GC invocations=31 (full 0):
 garbage-first heap   total 150528K, used 73085K [0x0000000080000000, 0x0000000100000000)
  region size 1024K, 4 young (4096K), 4 survivors (4096K)
 Metaspace       used 66381K, committed 67200K, reserved 491520K
  class space    used 9377K, committed 9728K, reserved 425984K
}
Event: 18.449 GC heap before
{Heap before GC invocations=32 (full 0):
 garbage-first heap   total 150528K, used 116093K [0x0000000080000000, 0x0000000100000000)
  region size 1024K, 46 young (47104K), 4 survivors (4096K)
 Metaspace       used 68212K, committed 69056K, reserved 491520K
  class space    used 9647K, committed 10048K, reserved 425984K
}
Event: 18.456 GC heap after
{Heap after GC invocations=33 (full 0):
 garbage-first heap   total 150528K, used 76462K [0x0000000080000000, 0x0000000100000000)
  region size 1024K, 6 young (6144K), 6 survivors (6144K)
 Metaspace       used 68212K, committed 69056K, reserved 491520K
  class space    used 9647K, committed 10048K, reserved 425984K
}
Event: 18.492 GC heap before
{Heap before GC invocations=33 (full 0):
 garbage-first heap   total 150528K, used 77486K [0x0000000080000000, 0x0000000100000000)
  region size 1024K, 7 young (7168K), 6 survivors (6144K)
 Metaspace       used 68315K, committed 69184K, reserved 491520K
  class space    used 9665K, committed 10048K, reserved 425984K
}
Event: 18.497 GC heap after
{Heap after GC invocations=34 (full 0):
 garbage-first heap   total 150528K, used 76480K [0x0000000080000000, 0x0000000100000000)
  region size 1024K, 1 young (1024K), 1 survivors (1024K)
 Metaspace       used 68315K, committed 69184K, reserved 491520K
  class space    used 9665K, committed 10048K, reserved 425984K
}
Event: 19.888 GC heap before
{Heap before GC invocations=34 (full 0):
 garbage-first heap   total 150528K, used 117440K [0x0000000080000000, 0x0000000100000000)
  region size 1024K, 42 young (43008K), 1 survivors (1024K)
 Metaspace       used 71634K, committed 72512K, reserved 491520K
  class space    used 10196K, committed 10624K, reserved 425984K
}
Event: 19.894 GC heap after
{Heap after GC invocations=35 (full 0):
 garbage-first heap   total 150528K, used 78681K [0x0000000080000000, 0x0000000100000000)
  region size 1024K, 4 young (4096K), 4 survivors (4096K)
 Metaspace       used 71634K, committed 72512K, reserved 491520K
  class space    used 10196K, committed 10624K, reserved 425984K
}
Event: 21.800 GC heap before
{Heap before GC invocations=36 (full 0):
 garbage-first heap   total 150528K, used 118617K [0x0000000080000000, 0x0000000100000000)
  region size 1024K, 44 young (45056K), 4 survivors (4096K)
 Metaspace       used 74901K, committed 75840K, reserved 491520K
  class space    used 10614K, committed 11072K, reserved 425984K
}
Event: 21.806 GC heap after
{Heap after GC invocations=37 (full 0):
 garbage-first heap   total 150528K, used 81027K [0x0000000080000000, 0x0000000100000000)
  region size 1024K, 6 young (6144K), 6 survivors (6144K)
 Metaspace       used 74901K, committed 75840K, reserved 491520K
  class space    used 10614K, committed 11072K, reserved 425984K
}
Event: 21.815 GC heap before
{Heap before GC invocations=37 (full 0):
 garbage-first heap   total 150528K, used 82051K [0x0000000080000000, 0x0000000100000000)
  region size 1024K, 7 young (7168K), 6 survivors (6144K)
 Metaspace       used 74938K, committed 75840K, reserved 491520K
  class space    used 10614K, committed 11072K, reserved 425984K
}
Event: 21.821 GC heap after
{Heap after GC invocations=38 (full 0):
 garbage-first heap   total 150528K, used 80086K [0x0000000080000000, 0x0000000100000000)
  region size 1024K, 1 young (1024K), 1 survivors (1024K)
 Metaspace       used 74938K, committed 75840K, reserved 491520K
  class space    used 10614K, committed 11072K, reserved 425984K
}
Event: 23.564 GC heap before
{Heap before GC invocations=38 (full 0):
 garbage-first heap   total 150528K, used 120022K [0x0000000080000000, 0x0000000100000000)
  region size 1024K, 41 young (41984K), 1 survivors (1024K)
 Metaspace       used 76516K, committed 77504K, reserved 557056K
  class space    used 10827K, committed 11328K, reserved 425984K
}
Event: 23.570 GC heap after
{Heap after GC invocations=39 (full 0):
 garbage-first heap   total 150528K, used 83931K [0x0000000080000000, 0x0000000100000000)
  region size 1024K, 5 young (5120K), 5 survivors (5120K)
 Metaspace       used 76516K, committed 77504K, reserved 557056K
  class space    used 10827K, committed 11328K, reserved 425984K
}

Deoptimization events (20 events):
Event: 22.574 Thread 0x0000029dc6a58b60 Uncommon trap: trap_request=0xffffffc6 fr.pc=0x0000029d9703fc24 relative=0x00000000000002e4
Event: 22.574 Thread 0x0000029dc6a58b60 Uncommon trap: reason=bimorphic_or_optimized_type_check action=maybe_recompile pc=0x0000029d9703fc24 method=com.google.common.collect.ImmutableList.iterator()Ljava/util/Iterator; @ 1 c2
Event: 22.574 Thread 0x0000029dc6a58b60 DEOPT PACKING pc=0x0000029d9703fc24 sp=0x000000a85a1f8d60
Event: 22.574 Thread 0x0000029dc6a58b60 DEOPT UNPACKING pc=0x0000029d96705ba3 sp=0x000000a85a1f8d30 mode 2
Event: 22.809 Thread 0x0000029dc6a58b60 Uncommon trap: trap_request=0xffffff45 fr.pc=0x0000029d97197584 relative=0x0000000000000804
Event: 22.809 Thread 0x0000029dc6a58b60 Uncommon trap: reason=unstable_if action=reinterpret pc=0x0000029d97197584 method=org.apache.commons.io.FilenameUtils.doNormalize(Ljava/lang/String;CZ)Ljava/lang/String; @ 215 c2
Event: 22.809 Thread 0x0000029dc6a58b60 DEOPT PACKING pc=0x0000029d97197584 sp=0x000000a85a1f7b60
Event: 22.809 Thread 0x0000029dc6a58b60 DEOPT UNPACKING pc=0x0000029d96705ba3 sp=0x000000a85a1f7af8 mode 2
Event: 23.078 Thread 0x0000029dc6a58b60 Uncommon trap: trap_request=0xffffff45 fr.pc=0x0000029d96e74120 relative=0x0000000000001400
Event: 23.078 Thread 0x0000029dc6a58b60 Uncommon trap: reason=unstable_if action=reinterpret pc=0x0000029d96e74120 method=java.io.BufferedReader.readLine(Z[Z)Ljava/lang/String; @ 209 c2
Event: 23.078 Thread 0x0000029dc6a58b60 DEOPT PACKING pc=0x0000029d96e74120 sp=0x000000a85a1f77f0
Event: 23.078 Thread 0x0000029dc6a58b60 DEOPT UNPACKING pc=0x0000029d96705ba3 sp=0x000000a85a1f77c0 mode 2
Event: 23.506 Thread 0x0000029dc6a58b60 Uncommon trap: trap_request=0xffffffc6 fr.pc=0x0000029d96dcf7e0 relative=0x0000000000001240
Event: 23.506 Thread 0x0000029dc6a58b60 Uncommon trap: reason=bimorphic_or_optimized_type_check action=maybe_recompile pc=0x0000029d96dcf7e0 method=org.codehaus.groovy.runtime.metaclass.MetaMethodIndex.isOverridden(Lgroovy/lang/MetaMethod;Lgroovy/lang/MetaMethod;)Z @ 10 c2
Event: 23.506 Thread 0x0000029dc6a58b60 DEOPT PACKING pc=0x0000029d96dcf7e0 sp=0x000000a85a1f58e0
Event: 23.506 Thread 0x0000029dc6a58b60 DEOPT UNPACKING pc=0x0000029d96705ba3 sp=0x000000a85a1f5848 mode 2
Event: 23.725 Thread 0x0000029dc6a58b60 DEOPT PACKING pc=0x0000029d8f7db18d sp=0x000000a85a1f6690
Event: 23.725 Thread 0x0000029dc6a58b60 DEOPT UNPACKING pc=0x0000029d967066e3 sp=0x000000a85a1f5bc8 mode 0
Event: 24.774 Thread 0x0000029dc6a58b60 DEOPT PACKING pc=0x0000029d8f7db0e5 sp=0x000000a85a1f4b20
Event: 24.774 Thread 0x0000029dc6a58b60 DEOPT UNPACKING pc=0x0000029d967066e3 sp=0x000000a85a1f4058 mode 0

Classes unloaded (0 events):
No events

Classes redefined (0 events):
No events

Internal exceptions (20 events):
Event: 23.199 Thread 0x0000029dc6a58b60 Exception <a 'java/lang/ClassNotFoundException'{0x00000000873a4a20}: org/gradle/initialization/DefaultProjectDescriptorBeanInfo> (0x00000000873a4a20) 
thrown [s\open\src\hotspot\share\classfile\systemDictionary.cpp, line 256]
Event: 23.201 Thread 0x0000029dc6a58b60 Exception <a 'java/lang/ClassNotFoundException'{0x00000000873b62e0}: org/gradle/initialization/DefaultProjectDescriptorCustomizer> (0x00000000873b62e0) 
thrown [s\open\src\hotspot\share\classfile\systemDictionary.cpp, line 256]
Event: 23.469 Thread 0x0000029dc6a58b60 Exception <a 'java/lang/ClassNotFoundException'{0x00000000870c2b78}: build_9elal7e0p6d1xznmlcuayemx6BeanInfo> (0x00000000870c2b78) 
thrown [s\open\src\hotspot\share\classfile\systemDictionary.cpp, line 256]
Event: 23.469 Thread 0x0000029dc6a58b60 Exception <a 'java/lang/ClassNotFoundException'{0x00000000870cd6f8}: org/gradle/api/internal/project/ProjectScriptBeanInfo> (0x00000000870cd6f8) 
thrown [s\open\src\hotspot\share\classfile\systemDictionary.cpp, line 256]
Event: 23.470 Thread 0x0000029dc6a58b60 Exception <a 'java/lang/ClassNotFoundException'{0x00000000870d8328}: org/gradle/api/internal/project/ProjectScriptCustomizer> (0x00000000870d8328) 
thrown [s\open\src\hotspot\share\classfile\systemDictionary.cpp, line 256]
Event: 23.471 Thread 0x0000029dc6a58b60 Exception <a 'java/lang/ClassNotFoundException'{0x00000000870f0248}: build_9elal7e0p6d1xznmlcuayemx6Customizer> (0x00000000870f0248) 
thrown [s\open\src\hotspot\share\classfile\systemDictionary.cpp, line 256]
Event: 23.508 Thread 0x0000029dc6a58b60 Exception <a 'java/lang/ClassNotFoundException'{0x0000000086b26560}: org/gradle/api/internal/artifacts/dsl/DefaultRepositoryHandler_DecoratedBeanInfo> (0x0000000086b26560) 
thrown [s\open\src\hotspot\share\classfile\systemDictionary.cpp, line 256]
Event: 23.509 Thread 0x0000029dc6a58b60 Exception <a 'java/lang/ClassNotFoundException'{0x0000000086b3f190}: org/gradle/api/internal/artifacts/dsl/DefaultRepositoryHandlerBeanInfo> (0x0000000086b3f190) 
thrown [s\open\src\hotspot\share\classfile\systemDictionary.cpp, line 256]
Event: 23.511 Thread 0x0000029dc6a58b60 Exception <a 'java/lang/ClassNotFoundException'{0x0000000086b57fd0}: org/gradle/api/internal/artifacts/DefaultArtifactRepositoryContainerBeanInfo> (0x0000000086b57fd0) 
thrown [s\open\src\hotspot\share\classfile\systemDictionary.cpp, line 256]
Event: 23.512 Thread 0x0000029dc6a58b60 Exception <a 'java/lang/ClassNotFoundException'{0x0000000086b6dc38}: org/gradle/api/internal/DefaultNamedDomainObjectListBeanInfo> (0x0000000086b6dc38) 
thrown [s\open\src\hotspot\share\classfile\systemDictionary.cpp, line 256]
Event: 23.513 Thread 0x0000029dc6a58b60 Exception <a 'java/lang/ClassNotFoundException'{0x0000000086b83cc0}: org/gradle/api/internal/DefaultNamedDomainObjectCollectionBeanInfo> (0x0000000086b83cc0) 
thrown [s\open\src\hotspot\share\classfile\systemDictionary.cpp, line 256]
Event: 23.514 Thread 0x0000029dc6a58b60 Exception <a 'java/lang/ClassNotFoundException'{0x0000000086b99af0}: org/gradle/api/internal/DefaultNamedDomainObjectCollectionCustomizer> (0x0000000086b99af0) 
thrown [s\open\src\hotspot\share\classfile\systemDictionary.cpp, line 256]
Event: 23.524 Thread 0x0000029dc6a58b60 Exception <a 'java/lang/ClassNotFoundException'{0x0000000086bd86f0}: org/gradle/api/internal/DefaultNamedDomainObjectListCustomizer> (0x0000000086bd86f0) 
thrown [s\open\src\hotspot\share\classfile\systemDictionary.cpp, line 256]
Event: 23.528 Thread 0x0000029dc6a58b60 Exception <a 'java/lang/ClassNotFoundException'{0x0000000086a0f100}: org/gradle/api/internal/artifacts/DefaultArtifactRepositoryContainerCustomizer> (0x0000000086a0f100) 
thrown [s\open\src\hotspot\share\classfile\systemDictionary.cpp, line 256]
Event: 23.534 Thread 0x0000029dc6a58b60 Exception <a 'java/lang/ClassNotFoundException'{0x0000000086a3a988}: org/gradle/api/internal/artifacts/dsl/DefaultRepositoryHandlerCustomizer> (0x0000000086a3a988) 
thrown [s\open\src\hotspot\share\classfile\systemDictionary.cpp, line 256]
Event: 23.540 Thread 0x0000029dc6a58b60 Exception <a 'java/lang/ClassNotFoundException'{0x0000000086a753e0}: org/gradle/api/internal/artifacts/dsl/DefaultRepositoryHandler_DecoratedCustomizer> (0x0000000086a753e0) 
thrown [s\open\src\hotspot\share\classfile\systemDictionary.cpp, line 256]
Event: 23.583 Thread 0x0000029dc6a58b60 Exception <a 'java/lang/ClassNotFoundException'{0x0000000089238e48}: org/gradle/api/internal/artifacts/dsl/dependencies/DefaultDependencyHandler_DecoratedBeanInfo> (0x0000000089238e48) 
thrown [s\open\src\hotspot\share\classfile\systemDictionary.cpp, line 256]
Event: 23.585 Thread 0x0000029dc6a58b60 Exception <a 'java/lang/ClassNotFoundException'{0x0000000089252330}: org/gradle/api/internal/artifacts/dsl/dependencies/DefaultDependencyHandlerBeanInfo> (0x0000000089252330) 
thrown [s\open\src\hotspot\share\classfile\systemDictionary.cpp, line 256]
Event: 23.589 Thread 0x0000029dc6a58b60 Exception <a 'java/lang/ClassNotFoundException'{0x000000008926b7d8}: org/gradle/api/internal/artifacts/dsl/dependencies/DefaultDependencyHandlerCustomizer> (0x000000008926b7d8) 
thrown [s\open\src\hotspot\share\classfile\systemDictionary.cpp, line 256]
Event: 23.594 Thread 0x0000029dc6a58b60 Exception <a 'java/lang/ClassNotFoundException'{0x00000000892b2678}: org/gradle/api/internal/artifacts/dsl/dependencies/DefaultDependencyHandler_DecoratedCustomizer> (0x00000000892b2678) 
thrown [s\open\src\hotspot\share\classfile\systemDictionary.cpp, line 256]

VM Operations (20 events):
Event: 22.499 Executing VM operation: ICBufferFull
Event: 22.500 Executing VM operation: ICBufferFull done
Event: 22.726 Executing VM operation: HandshakeAllThreads
Event: 22.726 Executing VM operation: HandshakeAllThreads done
Event: 23.078 Executing VM operation: HandshakeAllThreads
Event: 23.078 Executing VM operation: HandshakeAllThreads done
Event: 23.149 Executing VM operation: HandshakeAllThreads
Event: 23.160 Executing VM operation: HandshakeAllThreads done
Event: 23.411 Executing VM operation: ICBufferFull
Event: 23.411 Executing VM operation: ICBufferFull done
Event: 23.563 Executing VM operation: G1CollectForAllocation
Event: 23.570 Executing VM operation: G1CollectForAllocation done
Event: 23.660 Executing VM operation: G1Concurrent
Event: 23.666 Executing VM operation: G1Concurrent done
Event: 23.672 Executing VM operation: HandshakeAllThreads
Event: 23.672 Executing VM operation: HandshakeAllThreads done
Event: 23.710 Executing VM operation: G1Concurrent
Event: 23.713 Executing VM operation: G1Concurrent done
Event: 24.714 Executing VM operation: Cleanup
Event: 24.714 Executing VM operation: Cleanup done

Events (20 events):
Event: 23.180 Thread 0x0000029da5afd370 flushing nmethod 0x0000029d90193510
Event: 23.181 Thread 0x0000029da5afd370 flushing nmethod 0x0000029d901ff910
Event: 23.181 Thread 0x0000029da5afd370 flushing nmethod 0x0000029d90294a10
Event: 23.181 Thread 0x0000029da5afd370 flushing nmethod 0x0000029d90296a90
Event: 23.181 Thread 0x0000029da5afd370 flushing nmethod 0x0000029d90297110
Event: 23.181 Thread 0x0000029da5afd370 flushing nmethod 0x0000029d902a3990
Event: 23.182 Thread 0x0000029da5afd370 flushing nmethod 0x0000029d902d3f10
Event: 23.182 Thread 0x0000029da5afd370 flushing nmethod 0x0000029d902e7b10
Event: 23.182 Thread 0x0000029da5afd370 flushing nmethod 0x0000029d902e7f10
Event: 23.182 Thread 0x0000029da5afd370 flushing nmethod 0x0000029d902e9510
Event: 23.182 Thread 0x0000029da5afd370 flushing nmethod 0x0000029d902eaa10
Event: 23.182 Thread 0x0000029da5afd370 flushing nmethod 0x0000029d902eb590
Event: 23.186 loading class java/util/AbstractMap$2
Event: 23.188 loading class java/util/AbstractMap$2 done
Event: 23.188 loading class java/util/AbstractMap$2$1
Event: 23.189 loading class java/util/AbstractMap$2$1 done
Event: 24.512 loading class java/util/Collections$ReverseComparator
Event: 24.514 loading class java/util/Collections$ReverseComparator done
Event: 24.514 loading class java/util/Collections$ReverseComparator2
Event: 24.514 loading class java/util/Collections$ReverseComparator2 done


Dynamic libraries:
0x00007ff65f220000 - 0x00007ff65f230000 	C:\Program Files\Java\jdk-17\bin\java.exe
0x00007ffe061c0000 - 0x00007ffe06423000 	C:\WINDOWS\SYSTEM32\ntdll.dll
0x00007ffe05600000 - 0x00007ffe056c8000 	C:\WINDOWS\System32\KERNEL32.DLL
0x00007ffe03930000 - 0x00007ffe03ce2000 	C:\WINDOWS\System32\KERNELBASE.dll
0x00007ffe03590000 - 0x00007ffe036db000 	C:\WINDOWS\System32\ucrtbase.dll
0x00007ffdcf800000 - 0x00007ffdcf81b000 	C:\Program Files\Java\jdk-17\bin\VCRUNTIME140.dll
0x00007ffde5b60000 - 0x00007ffde5b79000 	C:\Program Files\Java\jdk-17\bin\jli.dll
0x00007ffe05ac0000 - 0x00007ffe05b74000 	C:\WINDOWS\System32\ADVAPI32.dll
0x00007ffe06020000 - 0x00007ffe060c9000 	C:\WINDOWS\System32\msvcrt.dll
0x00007ffe05a10000 - 0x00007ffe05ab6000 	C:\WINDOWS\System32\sechost.dll
0x00007ffe04c60000 - 0x00007ffe04d76000 	C:\WINDOWS\System32\RPCRT4.dll
0x00007ffe057c0000 - 0x00007ffe05988000 	C:\WINDOWS\System32\USER32.dll
0x00007ffe036e0000 - 0x00007ffe03707000 	C:\WINDOWS\System32\win32u.dll
0x00007ffdeb5a0000 - 0x00007ffdeb830000 	C:\WINDOWS\WinSxS\amd64_microsoft.windows.common-controls_6595b64144ccf1df_6.0.26100.2454_none_3e0b68a2e331ad60\COMCTL32.dll
0x00007ffe060d0000 - 0x00007ffe060fa000 	C:\WINDOWS\System32\GDI32.dll
0x00007ffe03da0000 - 0x00007ffe03ecb000 	C:\WINDOWS\System32\gdi32full.dll
0x00007ffe03cf0000 - 0x00007ffe03d93000 	C:\WINDOWS\System32\msvcp_win.dll
0x00007ffdf8e70000 - 0x00007ffdf8e7b000 	C:\WINDOWS\SYSTEM32\VERSION.dll
0x00007ffe04580000 - 0x00007ffe045af000 	C:\WINDOWS\System32\IMM32.DLL
0x00007ffdd0c70000 - 0x00007ffdd0c7c000 	C:\Program Files\Java\jdk-17\bin\vcruntime140_1.dll
0x00007ffd73220000 - 0x00007ffd732ae000 	C:\Program Files\Java\jdk-17\bin\msvcp140.dll
0x00007ffd61b50000 - 0x00007ffd62730000 	C:\Program Files\Java\jdk-17\bin\server\jvm.dll
0x00007ffe057b0000 - 0x00007ffe057b8000 	C:\WINDOWS\System32\PSAPI.DLL
0x00007ffdfd0b0000 - 0x00007ffdfd0ba000 	C:\WINDOWS\SYSTEM32\WSOCK32.dll
0x00007ffdee6b0000 - 0x00007ffdee6e6000 	C:\WINDOWS\SYSTEM32\WINMM.dll
0x00007ffe044e0000 - 0x00007ffe04554000 	C:\WINDOWS\System32\WS2_32.dll
0x00007ffe02390000 - 0x00007ffe023aa000 	C:\WINDOWS\SYSTEM32\kernel.appcore.dll
0x00007ffdcf9d0000 - 0x00007ffdcf9da000 	C:\Program Files\Java\jdk-17\bin\jimage.dll
0x00007ffe00db0000 - 0x00007ffe00ff1000 	C:\WINDOWS\SYSTEM32\DBGHELP.DLL
0x00007ffe04700000 - 0x00007ffe04a7e000 	C:\WINDOWS\System32\combase.dll
0x00007ffe045c0000 - 0x00007ffe04696000 	C:\WINDOWS\System32\OLEAUT32.dll
0x00007ffdfc4f0000 - 0x00007ffdfc529000 	C:\WINDOWS\SYSTEM32\dbgcore.DLL
0x00007ffe03890000 - 0x00007ffe03929000 	C:\WINDOWS\System32\bcryptPrimitives.dll
0x00007ffdce7f0000 - 0x00007ffdce7fe000 	C:\Program Files\Java\jdk-17\bin\instrument.dll
0x00007ffdb2150000 - 0x00007ffdb2175000 	C:\Program Files\Java\jdk-17\bin\java.dll
0x00007ffd6d4a0000 - 0x00007ffd6d577000 	C:\Program Files\Java\jdk-17\bin\jsvml.dll
0x00007ffe04ef0000 - 0x00007ffe055f0000 	C:\WINDOWS\System32\SHELL32.dll
0x00007ffe01260000 - 0x00007ffe01a91000 	C:\WINDOWS\SYSTEM32\windows.storage.dll
0x00007ffe04310000 - 0x00007ffe043ea000 	C:\WINDOWS\System32\SHCORE.dll
0x00007ffe04060000 - 0x00007ffe040bd000 	C:\WINDOWS\System32\shlwapi.dll
0x00007ffe034a0000 - 0x00007ffe034ce000 	C:\WINDOWS\SYSTEM32\profapi.dll
0x00007ffdb1f40000 - 0x00007ffdb1f58000 	C:\Program Files\Java\jdk-17\bin\zip.dll
0x00007ffdcf7e0000 - 0x00007ffdcf7f9000 	C:\Program Files\Java\jdk-17\bin\net.dll
0x00007ffdfc320000 - 0x00007ffdfc446000 	C:\WINDOWS\SYSTEM32\WINHTTP.dll
0x00007ffe02880000 - 0x00007ffe028e8000 	C:\WINDOWS\system32\mswsock.dll
0x00007ffdbdf80000 - 0x00007ffdbdf96000 	C:\Program Files\Java\jdk-17\bin\nio.dll
0x00007ffdcf770000 - 0x00007ffdcf780000 	C:\Program Files\Java\jdk-17\bin\verify.dll
0x00007ffd87f40000 - 0x00007ffd87f67000 	C:\Users\quoch\.gradle\native\c067742578af261105cb4f569cf0c3c89f3d7b1fecec35dd04571415982c5e48\windows-amd64\native-platform.dll
0x00007ffd64cc0000 - 0x00007ffd64e04000 	C:\Users\quoch\.gradle\native\100fb08df4bc3b14c8652ba06237920a3bd2aa13389f12d3474272988ae205f9\windows-amd64\native-platform-file-events.dll
0x00007ffdcf4f0000 - 0x00007ffdcf4fa000 	C:\Program Files\Java\jdk-17\bin\management.dll
0x00007ffdcee00000 - 0x00007ffdcee0b000 	C:\Program Files\Java\jdk-17\bin\management_ext.dll
0x00007ffe02b80000 - 0x00007ffe02b9c000 	C:\WINDOWS\SYSTEM32\CRYPTSP.dll
0x00007ffe022f0000 - 0x00007ffe02328000 	C:\WINDOWS\system32\rsaenh.dll
0x00007ffe02920000 - 0x00007ffe0294b000 	C:\WINDOWS\SYSTEM32\USERENV.dll
0x00007ffe02ec0000 - 0x00007ffe02ee6000 	C:\WINDOWS\SYSTEM32\bcrypt.dll
0x00007ffe02ba0000 - 0x00007ffe02bac000 	C:\WINDOWS\SYSTEM32\CRYPTBASE.dll
0x00007ffe01db0000 - 0x00007ffe01de2000 	C:\WINDOWS\SYSTEM32\IPHLPAPI.DLL
0x00007ffe04020000 - 0x00007ffe0402a000 	C:\WINDOWS\System32\NSI.dll
0x00007ffdff980000 - 0x00007ffdff99e000 	C:\WINDOWS\SYSTEM32\dhcpcsvc6.DLL
0x00007ffdff950000 - 0x00007ffdff975000 	C:\WINDOWS\SYSTEM32\dhcpcsvc.DLL
0x00007ffe01df0000 - 0x00007ffe01f15000 	C:\WINDOWS\SYSTEM32\DNSAPI.dll
0x00007ffdcd920000 - 0x00007ffdcd92e000 	C:\Program Files\Java\jdk-17\bin\sunmscapi.dll
0x00007ffe03710000 - 0x00007ffe03886000 	C:\WINDOWS\System32\CRYPT32.dll
0x00007ffe02e80000 - 0x00007ffe02eb0000 	C:\WINDOWS\SYSTEM32\ncrypt.dll
0x00007ffe02e30000 - 0x00007ffe02e6f000 	C:\WINDOWS\SYSTEM32\NTASN1.dll
0x00007ffde90e0000 - 0x00007ffde90e8000 	C:\WINDOWS\system32\wshunix.dll
0x00007ffdfd080000 - 0x00007ffdfd098000 	C:\WINDOWS\system32\napinsp.dll
0x00007ffdf98e0000 - 0x00007ffdf98f2000 	C:\WINDOWS\System32\winrnr.dll
0x00007ffdbe420000 - 0x00007ffdbe442000 	C:\WINDOWS\system32\nlansp_c.dll
0x00007ffdc8720000 - 0x00007ffdc8736000 	C:\WINDOWS\system32\wshbth.dll
0x00007ffdf9fc0000 - 0x00007ffdf9fcb000 	C:\Windows\System32\rasadhlp.dll
0x00007ffdffaa0000 - 0x00007ffdffb25000 	C:\WINDOWS\System32\fwpuclnt.dll

dbghelp: loaded successfully - version: 4.0.5 - missing functions: none
symbol engine: initialized successfully - sym options: 0x614 - pdb path: .;C:\Program Files\Java\jdk-17\bin;C:\WINDOWS\SYSTEM32;C:\WINDOWS\WinSxS\amd64_microsoft.windows.common-controls_6595b64144ccf1df_6.0.26100.2454_none_3e0b68a2e331ad60;C:\Program Files\Java\jdk-17\bin\server;C:\Users\quoch\.gradle\native\c067742578af261105cb4f569cf0c3c89f3d7b1fecec35dd04571415982c5e48\windows-amd64;C:\Users\quoch\.gradle\native\100fb08df4bc3b14c8652ba06237920a3bd2aa13389f12d3474272988ae205f9\windows-amd64

VM Arguments:
jvm_args: -XX:MaxMetaspaceSize=512m --add-opens=java.base/java.util=ALL-UNNAMED --add-opens=java.base/java.lang=ALL-UNNAMED --add-opens=java.base/java.lang.invoke=ALL-UNNAMED --add-opens=java.prefs/java.util.prefs=ALL-UNNAMED --add-exports=jdk.compiler/com.sun.tools.javac.api=ALL-UNNAMED --add-exports=jdk.compiler/com.sun.tools.javac.util=ALL-UNNAMED --add-opens=java.base/java.nio.charset=ALL-UNNAMED --add-opens=java.base/java.net=ALL-UNNAMED --add-opens=java.base/java.util.concurrent.atomic=ALL-UNNAMED -Xmx2048m -Dfile.encoding=utf8 -Duser.country=US -Duser.language=en -Duser.variant -javaagent:C:\Users\quoch\.gradle\wrapper\dists\gradle-8.10.2-all\7iv73wktx1xtkvlq19urqw1wm\gradle-8.10.2\lib\agents\gradle-instrumentation-agent-8.10.2.jar 
java_command: org.gradle.launcher.daemon.bootstrap.GradleDaemon 8.10.2
java_class_path (initial): C:\Users\quoch\.gradle\wrapper\dists\gradle-8.10.2-all\7iv73wktx1xtkvlq19urqw1wm\gradle-8.10.2\lib\gradle-daemon-main-8.10.2.jar
Launcher Type: SUN_STANDARD

[Global flags]
     intx CICompilerCount                          = 4                                         {product} {ergonomic}
   size_t CompressedClassSpaceSize                 = 436207616                                 {product} {ergonomic}
     uint ConcGCThreads                            = 2                                         {product} {ergonomic}
     uint G1ConcRefinementThreads                  = 8                                         {product} {ergonomic}
   size_t G1HeapRegionSize                         = 1048576                                   {product} {ergonomic}
    uintx GCDrainStackTargetSize                   = 64                                        {product} {ergonomic}
   size_t InitialHeapSize                          = 130023424                                 {product} {ergonomic}
   size_t MarkStackSize                            = 4194304                                   {product} {ergonomic}
   size_t MaxHeapSize                              = 2147483648                                {product} {command line}
   size_t MaxMetaspaceSize                         = 536870912                                 {product} {command line}
   size_t MaxNewSize                               = 1287651328                                {product} {ergonomic}
   size_t MinHeapDeltaBytes                        = 1048576                                   {product} {ergonomic}
   size_t MinHeapSize                              = 8388608                                   {product} {ergonomic}
    uintx NonNMethodCodeHeapSize                   = 5839372                                {pd product} {ergonomic}
    uintx NonProfiledCodeHeapSize                  = 122909434                              {pd product} {ergonomic}
    uintx ProfiledCodeHeapSize                     = 122909434                              {pd product} {ergonomic}
    uintx ReservedCodeCacheSize                    = 251658240                              {pd product} {ergonomic}
     bool SegmentedCodeCache                       = true                                      {product} {ergonomic}
   size_t SoftMaxHeapSize                          = 2147483648                             {manageable} {ergonomic}
     bool UseCompressedClassPointers               = true                           {product lp64_product} {ergonomic}
     bool UseCompressedOops                        = true                           {product lp64_product} {ergonomic}
     bool UseG1GC                                  = true                                      {product} {ergonomic}
     bool UseLargePagesIndividualAllocation        = false                                  {pd product} {ergonomic}

Logging:
Log output configuration:
 #0: stdout all=warning uptime,level,tags
 #1: stderr all=off uptime,level,tags

Environment Variables:
JAVA_HOME=C:\Program Files\Java\jdk-17
PATH=C:\Program Files\Common Files\Oracle\Java\javapath;C:\WINDOWS\system32;C:\WINDOWS;C:\WINDOWS\System32\Wbem;C:\WINDOWS\System32\WindowsPowerShell\v1.0\;C:\WINDOWS\System32\OpenSSH\;C:\Program Files\Git\cmd;C:\Program Files\nodejs\;C:\Users\quoch\AppData\Local\Android\Sdk\platform-tools;C:\Users\quoch\AppData\Local\Android\Sdk\tools;C:\Users\quoch\AppData\Local\jdk-11.0.2\bin;C:\Users\quoch\AppData\Local\Microsoft\WindowsApps;C:\Users\quoch\AppData\Local\Programs\Microsoft VS Code\bin;C:\Users\quoch\AppData\Roaming\npm
USERNAME=quoch
OS=Windows_NT
PROCESSOR_IDENTIFIER=Intel64 Family 6 Model 140 Stepping 1, GenuineIntel



---------------  S Y S T E M  ---------------

OS:
 Windows 11 , 64 bit Build 26100 (10.0.26100.2454)
OS uptime: 0 days 8:24 hours
Hyper-V role detected

CPU: total 8 (initial active 8) (4 cores per cpu, 2 threads per core) family 6 model 140 stepping 1 microcode 0xa6, cx8, cmov, fxsr, ht, mmx, 3dnowpref, sse, sse2, sse3, ssse3, sse4.1, sse4.2, popcnt, lzcnt, tsc, tscinvbit, avx, avx2, aes, erms, clmul, bmi1, bmi2, adx, avx512f, avx512dq, avx512cd, avx512bw, avx512vl, sha, fma, vzeroupper, avx512_vpopcntdq, avx512_vpclmulqdq, avx512_vaes, avx512_vnni, clflush, clflushopt, clwb, avx512_vbmi2, avx512_vbmi, hv

Memory: 4k page, system-wide physical 7886M (269M free)
TotalPageFile size 24993M (AvailPageFile size 38M)
current process WorkingSet (physical memory assigned to process): 283M, peak: 343M
current process commit charge ("private bytes"): 431M, peak: 432M

vm_info: Java HotSpot(TM) 64-Bit Server VM (17.0.11+7-LTS-207) for windows-amd64 JRE (17.0.11+7-LTS-207), built on Mar 11 2024 19:01:50 by "mach5one" with MS VC++ 17.6 (VS2022)

END.
