#
# There is insufficient memory for the Java Runtime Environment to continue.
# Native memory allocation (malloc) failed to allocate 2356656 bytes for Chunk::new
# Possible reasons:
#   The system is out of physical RAM or swap space
#   The process is running with CompressedOops enabled, and the Java Heap may be blocking the growth of the native heap
# Possible solutions:
#   Reduce memory load on the system
#   Increase physical memory or swap space
#   Check if swap backing store is full
#   Decrease Java heap size (-Xmx/-Xms)
#   Decrease number of Java threads
#   Decrease Java thread stack sizes (-Xss)
#   Set larger code cache with -XX:ReservedCodeCacheSize=
#   JVM is running with Unscaled Compressed Oops mode in which the Java heap is
#     placed in the first 4GB address space. The Java Heap base address is the
#     maximum limit for the native heap growth. Please use -XX:HeapBaseMinAddress
#     to set the Java Heap base and to place the Java Heap above 4GB virtual address.
# This output file may be truncated or incomplete.
#
#  Out of Memory Error (arena.cpp:189), pid=26128, tid=24524
#
# JRE version: Java(TM) SE Runtime Environment (17.0.11+7) (build 17.0.11+7-LTS-207)
# Java VM: Java HotSpot(TM) 64-Bit Server VM (17.0.11+7-LTS-207, mixed mode, sharing, tiered, compressed oops, compressed class ptrs, g1 gc, windows-amd64)
# No core dump will be written. Minidumps are not enabled by default on client versions of Windows
#

---------------  S U M M A R Y ------------

Command Line: -XX:MaxMetaspaceSize=512m --add-opens=java.base/java.util=ALL-UNNAMED --add-opens=java.base/java.lang=ALL-UNNAMED --add-opens=java.base/java.lang.invoke=ALL-UNNAMED --add-opens=java.prefs/java.util.prefs=ALL-UNNAMED --add-exports=jdk.compiler/com.sun.tools.javac.api=ALL-UNNAMED --add-exports=jdk.compiler/com.sun.tools.javac.util=ALL-UNNAMED --add-opens=java.base/java.nio.charset=ALL-UNNAMED --add-opens=java.base/java.net=ALL-UNNAMED --add-opens=java.base/java.util.concurrent.atomic=ALL-UNNAMED -Xmx2048m -Dfile.encoding=windows-1252 -Duser.country=US -Duser.language=en -Duser.variant -javaagent:C:\Users\quoch\.gradle\wrapper\dists\gradle-8.10.2-all\7iv73wktx1xtkvlq19urqw1wm\gradle-8.10.2\lib\agents\gradle-instrumentation-agent-8.10.2.jar org.gradle.launcher.daemon.bootstrap.GradleDaemon 8.10.2

Host: 11th Gen Intel(R) Core(TM) i5-1135G7 @ 2.40GHz, 8 cores, 7G,  Windows 11 , 64 bit Build 26100 (10.0.26100.2454)
Time: Sun Dec  1 12:09:15 2024 SE Asia Standard Time elapsed time: 36.720123 seconds (0d 0h 0m 36s)

---------------  T H R E A D  ---------------

Current thread (0x000002bc96954860):  JavaThread "C2 CompilerThread0" daemon [_thread_in_native, id=24524, stack(0x000000c263800000,0x000000c263900000)]


Current CompileTask:
C2:  36720 14667       4       org.gradle.cache.internal.btree.FreeListBlockStore$FreeListBlock::alloc (240 bytes)

Stack: [0x000000c263800000,0x000000c263900000]
Native frames: (J=compiled Java code, j=interpreted, Vv=VM code, C=native code)
V  [jvm.dll+0x679cca]
V  [jvm.dll+0x7da13d]
V  [jvm.dll+0x7dba83]
V  [jvm.dll+0x7dc0f3]
V  [jvm.dll+0x2449af]
V  [jvm.dll+0xab83b]
V  [jvm.dll+0xabe1c]
V  [jvm.dll+0x3615ae]
V  [jvm.dll+0x32bd61]
V  [jvm.dll+0x32b1fa]
V  [jvm.dll+0x2161df]
V  [jvm.dll+0x21560f]
V  [jvm.dll+0x1a2040]
V  [jvm.dll+0x225a2b]
V  [jvm.dll+0x223bcb]
V  [jvm.dll+0x7903ec]
V  [jvm.dll+0x78a85a]
V  [jvm.dll+0x678bb5]
C  [ucrtbase.dll+0x14ea0]
C  [KERNEL32.DLL+0x2e8d7]
C  [ntdll.dll+0xdfbcc]


---------------  P R O C E S S  ---------------

Threads class SMR info:
_java_thread_list=0x000002bcbaadf550, length=142, elements={
0x000002bcf6724ff0, 0x000002bc9693a1f0, 0x000002bc9693acc0, 0x000002bc9694e120,
0x000002bc96950a00, 0x000002bc969512d0, 0x000002bc96951ba0, 0x000002bc96954860,
0x000002bc96960730, 0x000002bc96971c50, 0x000002bc96b9d870, 0x000002bc96c54310,
0x000002bcb76f7440, 0x000002bcb778a110, 0x000002bcb799f030, 0x000002bcb79d6860,
0x000002bcb79df290, 0x000002bcb6955010, 0x000002bcb69540e0, 0x000002bcb69545f0,
0x000002bcb6955520, 0x000002bcb6957380, 0x000002bcb6956960, 0x000002bcb6953bd0,
0x000002bcb7a4b060, 0x000002bcb7a4cec0, 0x000002bcb7a4d8e0, 0x000002bcb7a4c9b0,
0x000002bcb7a4ddf0, 0x000002bcb7a4e810, 0x000002bcb7a4bf90, 0x000002bcb7a4c4a0,
0x000002bcb6297a70, 0x000002bcb6296120, 0x000002bcb6295c10, 0x000002bcb6297050,
0x000002bcb6297560, 0x000002bcb6297f80, 0x000002bcb62947d0, 0x000002bcb6298eb0,
0x000002bcb6299de0, 0x000002bcb6298490, 0x000002bcb629b730, 0x000002bcb629b220,
0x000002bcb629ad10, 0x000002bcb629bc40, 0x000002bcb62989a0, 0x000002bcb62993c0,
0x000002bcb629a2f0, 0x000002bcb6954b00, 0x000002bcb7101e70, 0x000002bcb7101960,
0x000002bcb7101450, 0x000002bcb7102380, 0x000002bcb71032b0, 0x000002bcb7102890,
0x000002bcb7100f40, 0x000002bcb7100520, 0x000002bcb7102da0, 0x000002bcb7100010,
0x000002bcb71037c0, 0x000002bcb7103cd0, 0x000002bcb7100a30, 0x000002bcb7106550,
0x000002bcb7104c00, 0x000002bcb7105b30, 0x000002bcb7105110, 0x000002bcb7105620,
0x000002bcb7106040, 0x000002bcb7106a60, 0x000002bcb6983890, 0x000002bcb6982960,
0x000002bcb6983380, 0x000002bcb69842b0, 0x000002bcb6983da0, 0x000002bcb69851e0,
0x000002bcb69847c0, 0x000002bcb6984cd0, 0x000002bcb6981a30, 0x000002bcb69856f0,
0x000002bcb6981f40, 0x000002bcb6985c00, 0x000002bcb6982450, 0x000002bcb6986620,
0x000002bcb6988ea0, 0x000002bcb6988480, 0x000002bcb6987f70, 0x000002bcb6986110,
0x000002bcb6988990, 0x000002bcb69893b0, 0x000002bcb6987550, 0x000002bcb6986b30,
0x000002bcb6987040, 0x000002bcb6987a60, 0x000002bcbb1a39c0, 0x000002bcbb1a4e00,
0x000002bcbb1a5820, 0x000002bcbb1a2fa0, 0x000002bcbb1a5310, 0x000002bcbb1a2070,
0x000002bcbb1a5d30, 0x000002bcbb1a43e0, 0x000002bcbb1a3ed0, 0x000002bcbb1a34b0,
0x000002bcbb1a6240, 0x000002bcbb1a2a90, 0x000002bcbb1a80a0, 0x000002bcbb1a6750,
0x000002bcbb1a7b90, 0x000002bcbb1a48f0, 0x000002bcbb1a7170, 0x000002bcbb1a94e0,
0x000002bcbb1a99f0, 0x000002bcbb1a6c60, 0x000002bcbb1a8fd0, 0x000002bcbb1a85b0,
0x000002bcbb1a7680, 0x000002bcbb1a8ac0, 0x000002bcba5ee740, 0x000002bcba5edd20,
0x000002bcba5ebec0, 0x000002bcba5ecdf0, 0x000002bcba5ed300, 0x000002bcba5ee230,
0x000002bcba5ed810, 0x000002bcba5eb4a0, 0x000002bcba5eb9b0, 0x000002bcba5ef160,
0x000002bcba5eec50, 0x000002bcba5efb80, 0x000002bcba5ef670, 0x000002bcba5ec3d0,
0x000002bcba5f0090, 0x000002bcba5f05a0, 0x000002bcba5f2e20, 0x000002bcba5f19e0,
0x000002bcba5f1ef0, 0x000002bcba5f2910, 0x000002bcba27db00, 0x000002bcba280380,
0x000002bcba280890, 0x000002bcb936f710
}

Java Threads: ( => current thread )
  0x000002bcf6724ff0 JavaThread "main" [_thread_blocked, id=24184, stack(0x000000c262b00000,0x000000c262c00000)]
  0x000002bc9693a1f0 JavaThread "Reference Handler" daemon [_thread_blocked, id=11900, stack(0x000000c263200000,0x000000c263300000)]
  0x000002bc9693acc0 JavaThread "Finalizer" daemon [_thread_blocked, id=22356, stack(0x000000c263300000,0x000000c263400000)]
  0x000002bc9694e120 JavaThread "Signal Dispatcher" daemon [_thread_blocked, id=13176, stack(0x000000c263400000,0x000000c263500000)]
  0x000002bc96950a00 JavaThread "Attach Listener" daemon [_thread_blocked, id=24620, stack(0x000000c263500000,0x000000c263600000)]
  0x000002bc969512d0 JavaThread "Service Thread" daemon [_thread_blocked, id=5076, stack(0x000000c263600000,0x000000c263700000)]
  0x000002bc96951ba0 JavaThread "Monitor Deflation Thread" daemon [_thread_blocked, id=25352, stack(0x000000c263700000,0x000000c263800000)]
=>0x000002bc96954860 JavaThread "C2 CompilerThread0" daemon [_thread_in_native, id=24524, stack(0x000000c263800000,0x000000c263900000)]
  0x000002bc96960730 JavaThread "C1 CompilerThread0" daemon [_thread_blocked, id=26620, stack(0x000000c263900000,0x000000c263a00000)]
  0x000002bc96971c50 JavaThread "Sweeper thread" daemon [_thread_blocked, id=24808, stack(0x000000c263a00000,0x000000c263b00000)]
  0x000002bc96b9d870 JavaThread "Common-Cleaner" daemon [_thread_blocked, id=11668, stack(0x000000c263b00000,0x000000c263c00000)]
  0x000002bc96c54310 JavaThread "Notification Thread" daemon [_thread_blocked, id=24272, stack(0x000000c263c00000,0x000000c263d00000)]
  0x000002bcb76f7440 JavaThread "Daemon health stats" [_thread_blocked, id=12868, stack(0x000000c264300000,0x000000c264400000)]
  0x000002bcb778a110 JavaThread "Incoming local TCP Connector on port 56011" [_thread_in_native, id=25024, stack(0x000000c264400000,0x000000c264500000)]
  0x000002bcb799f030 JavaThread "Daemon periodic checks" [_thread_blocked, id=24404, stack(0x000000c264500000,0x000000c264600000)]
  0x000002bcb79d6860 JavaThread "Daemon" [_thread_blocked, id=18252, stack(0x000000c264600000,0x000000c264700000)]
  0x000002bcb79df290 JavaThread "Handler for socket connection from /127.0.0.1:56011 to /127.0.0.1:56012" [_thread_in_native, id=9600, stack(0x000000c264700000,0x000000c264800000)]
  0x000002bcb6955010 JavaThread "Cancel handler" [_thread_blocked, id=25716, stack(0x000000c264800000,0x000000c264900000)]
  0x000002bcb69540e0 JavaThread "Daemon worker" [_thread_blocked, id=25800, stack(0x000000c264900000,0x000000c264a00000)]
  0x000002bcb69545f0 JavaThread "Asynchronous log dispatcher for DefaultDaemonConnection: socket connection from /127.0.0.1:56011 to /127.0.0.1:56012" [_thread_blocked, id=26376, stack(0x000000c264a00000,0x000000c264b00000)]
  0x000002bcb6955520 JavaThread "Stdin handler" [_thread_blocked, id=26232, stack(0x000000c264b00000,0x000000c264c00000)]
  0x000002bcb6957380 JavaThread "Daemon client event forwarder" [_thread_in_vm, id=22736, stack(0x000000c264c00000,0x000000c264d00000)]
  0x000002bcb6956960 JavaThread "Cache worker for journal cache (C:\Users\quoch\.gradle\caches\journal-1)" [_thread_blocked, id=25672, stack(0x000000c264d00000,0x000000c264e00000)]
  0x000002bcb6953bd0 JavaThread "File lock request listener" [_thread_in_native, id=24540, stack(0x000000c264e00000,0x000000c264f00000)]
  0x000002bcb7a4b060 JavaThread "Cache worker for file hash cache (C:\Users\quoch\.gradle\caches\8.10.2\fileHashes)" [_thread_in_Java, id=9864, stack(0x000000c263e00000,0x000000c263f00000)]
  0x000002bcb7a4cec0 JavaThread "Cache worker for file hash cache (D:\FinalPJ\android\.gradle\8.10.2\fileHashes)" [_thread_blocked, id=24156, stack(0x000000c265300000,0x000000c265400000)]
  0x000002bcb7a4d8e0 JavaThread "Cache worker for Build Output Cleanup Cache (D:\FinalPJ\android\.gradle\buildOutputCleanup)" [_thread_blocked, id=2768, stack(0x000000c265400000,0x000000c265500000)]
  0x000002bcb7a4c9b0 JavaThread "File watcher server" daemon [_thread_in_native, id=26572, stack(0x000000c265600000,0x000000c265700000)]
  0x000002bcb7a4ddf0 JavaThread "File watcher consumer" daemon [_thread_blocked, id=25804, stack(0x000000c265700000,0x000000c265800000)]
  0x000002bcb7a4e810 JavaThread "Cache worker for checksums cache (D:\FinalPJ\android\.gradle\8.10.2\checksums)" [_thread_blocked, id=25120, stack(0x000000c265800000,0x000000c265900000)]
  0x000002bcb7a4bf90 JavaThread "Cache worker for file content cache (C:\Users\quoch\.gradle\caches\8.10.2\fileContent)" [_thread_blocked, id=10940, stack(0x000000c265900000,0x000000c265a00000)]
  0x000002bcb7a4c4a0 JavaThread "Cache worker for cache directory md-rule (C:\Users\quoch\.gradle\caches\8.10.2\md-rule)" [_thread_blocked, id=26568, stack(0x000000c265a00000,0x000000c265b00000)]
  0x000002bcb6297a70 JavaThread "Cache worker for cache directory md-supplier (C:\Users\quoch\.gradle\caches\8.10.2\md-supplier)" [_thread_blocked, id=25752, stack(0x000000c265b00000,0x000000c265c00000)]
  0x000002bcb6296120 JavaThread "jar transforms" [_thread_blocked, id=25932, stack(0x000000c265c00000,0x000000c265d00000)]
  0x000002bcb6295c10 JavaThread "Cache worker for Build Output Cleanup Cache (D:\FinalPJ\node_modules\@react-native\gradle-plugin\.gradle\buildOutputCleanup)" [_thread_blocked, id=6880, stack(0x000000c265d00000,0x000000c265e00000)]
  0x000002bcb6297050 JavaThread "Unconstrained build operations" [_thread_blocked, id=26176, stack(0x000000c265e00000,0x000000c265f00000)]
  0x000002bcb6297560 JavaThread "Unconstrained build operations Thread 2" [_thread_blocked, id=26416, stack(0x000000c265f00000,0x000000c266000000)]
  0x000002bcb6297f80 JavaThread "Unconstrained build operations Thread 3" [_thread_blocked, id=15108, stack(0x000000c266000000,0x000000c266100000)]
  0x000002bcb62947d0 JavaThread "Unconstrained build operations Thread 4" [_thread_blocked, id=26352, stack(0x000000c266100000,0x000000c266200000)]
  0x000002bcb6298eb0 JavaThread "Unconstrained build operations Thread 5" [_thread_blocked, id=25964, stack(0x000000c266200000,0x000000c266300000)]
  0x000002bcb6299de0 JavaThread "Unconstrained build operations Thread 6" [_thread_blocked, id=26192, stack(0x000000c266300000,0x000000c266400000)]
  0x000002bcb6298490 JavaThread "Unconstrained build operations Thread 7" [_thread_blocked, id=18228, stack(0x000000c266400000,0x000000c266500000)]
  0x000002bcb629b730 JavaThread "Unconstrained build operations Thread 8" [_thread_blocked, id=26288, stack(0x000000c266500000,0x000000c266600000)]
  0x000002bcb629b220 JavaThread "Unconstrained build operations Thread 9" [_thread_blocked, id=6332, stack(0x000000c266600000,0x000000c266700000)]
  0x000002bcb629ad10 JavaThread "Unconstrained build operations Thread 10" [_thread_blocked, id=18380, stack(0x000000c266700000,0x000000c266800000)]
  0x000002bcb629bc40 JavaThread "Unconstrained build operations Thread 11" [_thread_blocked, id=26016, stack(0x000000c266800000,0x000000c266900000)]
  0x000002bcb62989a0 JavaThread "Unconstrained build operations Thread 12" [_thread_blocked, id=25900, stack(0x000000c266900000,0x000000c266a00000)]
  0x000002bcb62993c0 JavaThread "Unconstrained build operations Thread 13" [_thread_blocked, id=25628, stack(0x000000c266a00000,0x000000c266b00000)]
  0x000002bcb629a2f0 JavaThread "Unconstrained build operations Thread 14" [_thread_blocked, id=26276, stack(0x000000c266b00000,0x000000c266c00000)]
  0x000002bcb6954b00 JavaThread "Unconstrained build operations Thread 15" [_thread_blocked, id=21116, stack(0x000000c266c00000,0x000000c266d00000)]
  0x000002bcb7101e70 JavaThread "Unconstrained build operations Thread 16" [_thread_blocked, id=14692, stack(0x000000c266d00000,0x000000c266e00000)]
  0x000002bcb7101960 JavaThread "Unconstrained build operations Thread 17" [_thread_blocked, id=22684, stack(0x000000c266e00000,0x000000c266f00000)]
  0x000002bcb7101450 JavaThread "Unconstrained build operations Thread 18" [_thread_blocked, id=12788, stack(0x000000c266f00000,0x000000c267000000)]
  0x000002bcb7102380 JavaThread "Unconstrained build operations Thread 19" [_thread_blocked, id=25156, stack(0x000000c267000000,0x000000c267100000)]
  0x000002bcb71032b0 JavaThread "Unconstrained build operations Thread 20" [_thread_blocked, id=26060, stack(0x000000c267100000,0x000000c267200000)]
  0x000002bcb7102890 JavaThread "Unconstrained build operations Thread 21" [_thread_blocked, id=3448, stack(0x000000c267200000,0x000000c267300000)]
  0x000002bcb7100f40 JavaThread "Unconstrained build operations Thread 22" [_thread_blocked, id=24268, stack(0x000000c267300000,0x000000c267400000)]
  0x000002bcb7100520 JavaThread "Unconstrained build operations Thread 23" [_thread_blocked, id=26000, stack(0x000000c267400000,0x000000c267500000)]
  0x000002bcb7102da0 JavaThread "Unconstrained build operations Thread 24" [_thread_blocked, id=8656, stack(0x000000c267500000,0x000000c267600000)]
  0x000002bcb7100010 JavaThread "Unconstrained build operations Thread 25" [_thread_blocked, id=11800, stack(0x000000c267600000,0x000000c267700000)]
  0x000002bcb71037c0 JavaThread "Unconstrained build operations Thread 26" [_thread_blocked, id=24708, stack(0x000000c267700000,0x000000c267800000)]
  0x000002bcb7103cd0 JavaThread "Unconstrained build operations Thread 27" [_thread_blocked, id=25784, stack(0x000000c267800000,0x000000c267900000)]
  0x000002bcb7100a30 JavaThread "Memory manager" [_thread_blocked, id=25984, stack(0x000000c267900000,0x000000c267a00000)]
  0x000002bcb7106550 JavaThread "build event listener" [_thread_blocked, id=26320, stack(0x000000c267a00000,0x000000c267b00000)]
  0x000002bcb7104c00 JavaThread "ForkJoinPool.commonPool-worker-1" daemon [_thread_blocked, id=12928, stack(0x000000c267b00000,0x000000c267c00000)]
  0x000002bcb7105b30 JavaThread "ForkJoinPool.commonPool-worker-2" daemon [_thread_blocked, id=2364, stack(0x000000c267c00000,0x000000c267d00000)]
  0x000002bcb7105110 JavaThread "ForkJoinPool.commonPool-worker-3" daemon [_thread_blocked, id=19280, stack(0x000000c267d00000,0x000000c267e00000)]
  0x000002bcb7105620 JavaThread "ForkJoinPool.commonPool-worker-4" daemon [_thread_blocked, id=24120, stack(0x000000c267e00000,0x000000c267f00000)]
  0x000002bcb7106040 JavaThread "ForkJoinPool.commonPool-worker-5" daemon [_thread_blocked, id=6840, stack(0x000000c267f00000,0x000000c268000000)]
  0x000002bcb7106a60 JavaThread "ForkJoinPool.commonPool-worker-6" daemon [_thread_blocked, id=24084, stack(0x000000c268000000,0x000000c268100000)]
  0x000002bcb6983890 JavaThread "ForkJoinPool.commonPool-worker-7" daemon [_thread_blocked, id=15832, stack(0x000000c268100000,0x000000c268200000)]
  0x000002bcb6982960 JavaThread "included builds" [_thread_blocked, id=5780, stack(0x000000c268200000,0x000000c268300000)]
  0x000002bcb6983380 JavaThread "Execution worker" [_thread_blocked, id=26196, stack(0x000000c268300000,0x000000c268400000)]
  0x000002bcb69842b0 JavaThread "Execution worker Thread 2" [_thread_blocked, id=10684, stack(0x000000c268400000,0x000000c268500000)]
  0x000002bcb6983da0 JavaThread "Execution worker Thread 3" [_thread_blocked, id=6148, stack(0x000000c268500000,0x000000c268600000)]
  0x000002bcb69851e0 JavaThread "Execution worker Thread 4" [_thread_blocked, id=26020, stack(0x000000c268600000,0x000000c268700000)]
  0x000002bcb69847c0 JavaThread "Execution worker Thread 5" [_thread_blocked, id=26208, stack(0x000000c268700000,0x000000c268800000)]
  0x000002bcb6984cd0 JavaThread "Execution worker Thread 6" [_thread_blocked, id=25400, stack(0x000000c268800000,0x000000c268900000)]
  0x000002bcb6981a30 JavaThread "Execution worker Thread 7" [_thread_blocked, id=26612, stack(0x000000c268900000,0x000000c268a00000)]
  0x000002bcb69856f0 JavaThread "Cache worker for execution history cache (D:\FinalPJ\node_modules\@react-native\gradle-plugin\.gradle\8.10.2\executionHistory)" [_thread_blocked, id=25004, stack(0x000000c268a00000,0x000000c268b00000)]
  0x000002bcb6981f40 JavaThread "Unconstrained build operations Thread 28" [_thread_blocked, id=26224, stack(0x000000c268b00000,0x000000c268c00000)]
  0x000002bcb6985c00 JavaThread "Unconstrained build operations Thread 29" [_thread_blocked, id=26024, stack(0x000000c268c00000,0x000000c268d00000)]
  0x000002bcb6982450 JavaThread "Unconstrained build operations Thread 30" [_thread_blocked, id=20928, stack(0x000000c268d00000,0x000000c268e00000)]
  0x000002bcb6986620 JavaThread "Unconstrained build operations Thread 31" [_thread_blocked, id=24740, stack(0x000000c268e00000,0x000000c268f00000)]
  0x000002bcb6988ea0 JavaThread "Unconstrained build operations Thread 32" [_thread_blocked, id=2608, stack(0x000000c268f00000,0x000000c269000000)]
  0x000002bcb6988480 JavaThread "Unconstrained build operations Thread 33" [_thread_blocked, id=16400, stack(0x000000c269000000,0x000000c269100000)]
  0x000002bcb6987f70 JavaThread "Unconstrained build operations Thread 34" [_thread_blocked, id=24876, stack(0x000000c269100000,0x000000c269200000)]
  0x000002bcb6986110 JavaThread "Unconstrained build operations Thread 35" [_thread_blocked, id=23136, stack(0x000000c269200000,0x000000c269300000)]
  0x000002bcb6988990 JavaThread "Unconstrained build operations Thread 36" [_thread_blocked, id=25232, stack(0x000000c269300000,0x000000c269400000)]
  0x000002bcb69893b0 JavaThread "Unconstrained build operations Thread 37" [_thread_blocked, id=24912, stack(0x000000c269400000,0x000000c269500000)]
  0x000002bcb6987550 JavaThread "Unconstrained build operations Thread 38" [_thread_blocked, id=24292, stack(0x000000c269500000,0x000000c269600000)]
  0x000002bcb6986b30 JavaThread "Unconstrained build operations Thread 39" [_thread_blocked, id=12364, stack(0x000000c269600000,0x000000c269700000)]
  0x000002bcb6987040 JavaThread "Unconstrained build operations Thread 40" [_thread_blocked, id=19720, stack(0x000000c269700000,0x000000c269800000)]
  0x000002bcb6987a60 JavaThread "Unconstrained build operations Thread 41" [_thread_blocked, id=26440, stack(0x000000c269800000,0x000000c269900000)]
  0x000002bcbb1a39c0 JavaThread "Unconstrained build operations Thread 42" [_thread_blocked, id=26064, stack(0x000000c269900000,0x000000c269a00000)]
  0x000002bcbb1a4e00 JavaThread "Unconstrained build operations Thread 43" [_thread_blocked, id=26116, stack(0x000000c269a00000,0x000000c269b00000)]
  0x000002bcbb1a5820 JavaThread "Unconstrained build operations Thread 44" [_thread_blocked, id=25760, stack(0x000000c269b00000,0x000000c269c00000)]
  0x000002bcbb1a2fa0 JavaThread "Unconstrained build operations Thread 45" [_thread_blocked, id=26420, stack(0x000000c269c00000,0x000000c269d00000)]
  0x000002bcbb1a5310 JavaThread "Unconstrained build operations Thread 46" [_thread_blocked, id=25660, stack(0x000000c269d00000,0x000000c269e00000)]
  0x000002bcbb1a2070 JavaThread "Unconstrained build operations Thread 47" [_thread_blocked, id=24592, stack(0x000000c269e00000,0x000000c269f00000)]
  0x000002bcbb1a5d30 JavaThread "Unconstrained build operations Thread 48" [_thread_blocked, id=25652, stack(0x000000c269f00000,0x000000c26a000000)]
  0x000002bcbb1a43e0 JavaThread "Unconstrained build operations Thread 49" [_thread_blocked, id=11352, stack(0x000000c26a000000,0x000000c26a100000)]
  0x000002bcbb1a3ed0 JavaThread "Unconstrained build operations Thread 50" [_thread_blocked, id=1864, stack(0x000000c26a100000,0x000000c26a200000)]
  0x000002bcbb1a34b0 JavaThread "Unconstrained build operations Thread 51" [_thread_blocked, id=25148, stack(0x000000c26a200000,0x000000c26a300000)]
  0x000002bcbb1a6240 JavaThread "Unconstrained build operations Thread 52" [_thread_blocked, id=21000, stack(0x000000c26a300000,0x000000c26a400000)]
  0x000002bcbb1a2a90 JavaThread "Unconstrained build operations Thread 53" [_thread_blocked, id=21256, stack(0x000000c26a400000,0x000000c26a500000)]
  0x000002bcbb1a80a0 JavaThread "Unconstrained build operations Thread 54" [_thread_blocked, id=26500, stack(0x000000c26a500000,0x000000c26a600000)]
  0x000002bcbb1a6750 JavaThread "Unconstrained build operations Thread 55" [_thread_blocked, id=25708, stack(0x000000c26a600000,0x000000c26a700000)]
  0x000002bcbb1a7b90 JavaThread "Unconstrained build operations Thread 56" [_thread_blocked, id=22104, stack(0x000000c26a700000,0x000000c26a800000)]
  0x000002bcbb1a48f0 JavaThread "Unconstrained build operations Thread 57" [_thread_blocked, id=6536, stack(0x000000c26a800000,0x000000c26a900000)]
  0x000002bcbb1a7170 JavaThread "Unconstrained build operations Thread 58" [_thread_in_native, id=24600, stack(0x000000c26a900000,0x000000c26aa00000)]
  0x000002bcbb1a94e0 JavaThread "Unconstrained build operations Thread 59" [_thread_blocked, id=26100, stack(0x000000c26aa00000,0x000000c26ab00000)]
  0x000002bcbb1a99f0 JavaThread "Unconstrained build operations Thread 60" [_thread_blocked, id=25728, stack(0x000000c26ab00000,0x000000c26ac00000)]
  0x000002bcbb1a6c60 JavaThread "Unconstrained build operations Thread 61" [_thread_blocked, id=24596, stack(0x000000c26ac00000,0x000000c26ad00000)]
  0x000002bcbb1a8fd0 JavaThread "Unconstrained build operations Thread 62" [_thread_blocked, id=23124, stack(0x000000c26ad00000,0x000000c26ae00000)]
  0x000002bcbb1a85b0 JavaThread "Unconstrained build operations Thread 63" [_thread_blocked, id=7496, stack(0x000000c26ae00000,0x000000c26af00000)]
  0x000002bcbb1a7680 JavaThread "Unconstrained build operations Thread 64" [_thread_blocked, id=21384, stack(0x000000c26af00000,0x000000c26b000000)]
  0x000002bcbb1a8ac0 JavaThread "Unconstrained build operations Thread 65" [_thread_blocked, id=8804, stack(0x000000c26b000000,0x000000c26b100000)]
  0x000002bcba5ee740 JavaThread "Unconstrained build operations Thread 66" [_thread_blocked, id=7112, stack(0x000000c26b100000,0x000000c26b200000)]
  0x000002bcba5edd20 JavaThread "Unconstrained build operations Thread 67" [_thread_blocked, id=22344, stack(0x000000c26b200000,0x000000c26b300000)]
  0x000002bcba5ebec0 JavaThread "Unconstrained build operations Thread 68" [_thread_blocked, id=21884, stack(0x000000c26b300000,0x000000c26b400000)]
  0x000002bcba5ecdf0 JavaThread "Unconstrained build operations Thread 69" [_thread_blocked, id=4296, stack(0x000000c26b400000,0x000000c26b500000)]
  0x000002bcba5ed300 JavaThread "Unconstrained build operations Thread 70" [_thread_blocked, id=14016, stack(0x000000c26b500000,0x000000c26b600000)]
  0x000002bcba5ee230 JavaThread "Unconstrained build operations Thread 71" [_thread_blocked, id=22932, stack(0x000000c26b600000,0x000000c26b700000)]
  0x000002bcba5ed810 JavaThread "Unconstrained build operations Thread 72" [_thread_blocked, id=25460, stack(0x000000c26b700000,0x000000c26b800000)]
  0x000002bcba5eb4a0 JavaThread "jar transforms Thread 2" [_thread_blocked, id=25980, stack(0x000000c26b800000,0x000000c26b900000)]
  0x000002bcba5eb9b0 JavaThread "jar transforms Thread 3" [_thread_blocked, id=4956, stack(0x000000c26b900000,0x000000c26ba00000)]
  0x000002bcba5ef160 JavaThread "Unconstrained build operations Thread 73" [_thread_blocked, id=24464, stack(0x000000c26ba00000,0x000000c26bb00000)]
  0x000002bcba5eec50 JavaThread "Unconstrained build operations Thread 74" [_thread_blocked, id=8960, stack(0x000000c26bb00000,0x000000c26bc00000)]
  0x000002bcba5efb80 JavaThread "Unconstrained build operations Thread 75" [_thread_blocked, id=19032, stack(0x000000c26bc00000,0x000000c26bd00000)]
  0x000002bcba5ef670 JavaThread "Unconstrained build operations Thread 76" [_thread_blocked, id=12140, stack(0x000000c26bd00000,0x000000c26be00000)]
  0x000002bcba5ec3d0 JavaThread "Unconstrained build operations Thread 77" [_thread_blocked, id=24256, stack(0x000000c26be00000,0x000000c26bf00000)]
  0x000002bcba5f0090 JavaThread "Unconstrained build operations Thread 78" [_thread_blocked, id=22364, stack(0x000000c26bf00000,0x000000c26c000000)]
  0x000002bcba5f05a0 JavaThread "Unconstrained build operations Thread 79" [_thread_blocked, id=24544, stack(0x000000c26c000000,0x000000c26c100000)]
  0x000002bcba5f2e20 JavaThread "Unconstrained build operations Thread 80" [_thread_blocked, id=8892, stack(0x000000c26c100000,0x000000c26c200000)]
  0x000002bcba5f19e0 JavaThread "jar transforms Thread 4" [_thread_blocked, id=24908, stack(0x000000c26c200000,0x000000c26c300000)]
  0x000002bcba5f1ef0 JavaThread "jar transforms Thread 5" [_thread_blocked, id=26380, stack(0x000000c26c300000,0x000000c26c400000)]
  0x000002bcba5f2910 JavaThread "jar transforms Thread 6" [_thread_blocked, id=21528, stack(0x000000c26c400000,0x000000c26c500000)]
  0x000002bcba27db00 JavaThread "build event listener" [_thread_blocked, id=24500, stack(0x000000c26c500000,0x000000c26c600000)]
  0x000002bcba280380 JavaThread "jar transforms Thread 7" [_thread_blocked, id=8196, stack(0x000000c26c600000,0x000000c26c700000)]
  0x000002bcba280890 JavaThread "jar transforms Thread 8" [_thread_blocked, id=18136, stack(0x000000c26c700000,0x000000c26c800000)]
  0x000002bcb936f710 JavaThread "C2 CompilerThread1" daemon [_thread_in_native, id=19840, stack(0x000000c265200000,0x000000c265300000)]

Other Threads:
  0x000002bc96929860 VMThread "VM Thread" [stack: 0x000000c263100000,0x000000c263200000] [id=22500]
  0x000002bcf679ecb0 WatcherThread [stack: 0x000000c263d00000,0x000000c263e00000] [id=24612]
  0x000002bcf6782d60 GCTaskThread "GC Thread#0" [stack: 0x000000c262c00000,0x000000c262d00000] [id=25776]
  0x000002bcb6774570 GCTaskThread "GC Thread#1" [stack: 0x000000c263f00000,0x000000c264000000] [id=25012]
  0x000002bcb65a8e20 GCTaskThread "GC Thread#2" [stack: 0x000000c264000000,0x000000c264100000] [id=2656]
  0x000002bcb6b43cc0 GCTaskThread "GC Thread#3" [stack: 0x000000c264100000,0x000000c264200000] [id=25436]
  0x000002bcb6c6d420 GCTaskThread "GC Thread#4" [stack: 0x000000c264200000,0x000000c264300000] [id=19892]
  0x000002bcb7d62060 GCTaskThread "GC Thread#5" [stack: 0x000000c264f00000,0x000000c265000000] [id=2160]
  0x000002bcb7db1340 GCTaskThread "GC Thread#6" [stack: 0x000000c265000000,0x000000c265100000] [id=17944]
  0x000002bcb78f8900 GCTaskThread "GC Thread#7" [stack: 0x000000c265100000,0x000000c265200000] [id=25680]
  0x000002bcf6794890 ConcurrentGCThread "G1 Main Marker" [stack: 0x000000c262d00000,0x000000c262e00000] [id=24820]
  0x000002bcf6795950 ConcurrentGCThread "G1 Conc#0" [stack: 0x000000c262e00000,0x000000c262f00000] [id=22856]
  0x000002bcb7ad8050 ConcurrentGCThread "G1 Conc#1" [stack: 0x000000c265500000,0x000000c265600000] [id=25740]
  0x000002bcf67ed610 ConcurrentGCThread "G1 Refine#0" [stack: 0x000000c262f00000,0x000000c263000000] [id=24736]
  0x000002bcf67edf50 ConcurrentGCThread "G1 Service" [stack: 0x000000c263000000,0x000000c263100000] [id=24244]

Threads with active compile tasks:
C2 CompilerThread0    36786 14667       4       org.gradle.cache.internal.btree.FreeListBlockStore$FreeListBlock::alloc (240 bytes)
C2 CompilerThread1    36787 14650   !   4       org.gradle.cache.internal.DefaultFileLockManager$DefaultFileLock::doWriteAction (66 bytes)

VM state: not at safepoint (normal execution)

VM Mutex/Monitor currently owned by a thread: None

Heap address: 0x0000000080000000, size: 2048 MB, Compressed Oops mode: 32-bit

CDS archive(s) mapped at: [0x000002bc97000000-0x000002bc97bd0000-0x000002bc97bd0000), size 12386304, SharedBaseAddress: 0x000002bc97000000, ArchiveRelocationMode: 1.
Compressed class space mapped at: 0x000002bc98000000-0x000002bcb2000000, reserved size: 436207616
Narrow klass base: 0x000002bc97000000, Narrow klass shift: 0, Narrow klass range: 0x100000000

GC Precious Log:
 CPUs: 8 total, 8 available
 Memory: 7886M
 Large Page Support: Disabled
 NUMA Support: Disabled
 Compressed Oops: Enabled (32-bit)
 Heap Region Size: 1M
 Heap Min Capacity: 8M
 Heap Initial Capacity: 124M
 Heap Max Capacity: 2G
 Pre-touch: Disabled
 Parallel Workers: 8
 Concurrent Workers: 2
 Concurrent Refinement Workers: 8
 Periodic GC: Disabled

Heap:
 garbage-first heap   total 265216K, used 204470K [0x0000000080000000, 0x0000000100000000)
  region size 1024K, 35 young (35840K), 2 survivors (2048K)
 Metaspace       used 106756K, committed 107840K, reserved 557056K
  class space    used 14989K, committed 15488K, reserved 425984K

Heap Regions: E=young(eden), S=young(survivor), O=old, HS=humongous(starts), HC=humongous(continues), CS=collection set, F=free, OA=open archive, CA=closed archive, TAMS=top-at-mark-start (previous, next)
|   0|0x0000000080000000, 0x0000000080100000, 0x0000000080100000|100%| O|  |TAMS 0x0000000080100000, 0x0000000080000000| Untracked 
|   1|0x0000000080100000, 0x0000000080200000, 0x0000000080200000|100%| O|  |TAMS 0x0000000080200000, 0x0000000080100000| Untracked 
|   2|0x0000000080200000, 0x0000000080300000, 0x0000000080300000|100%|HS|  |TAMS 0x0000000080300000, 0x0000000080200000| Complete 
|   3|0x0000000080300000, 0x0000000080400000, 0x0000000080400000|100%|HC|  |TAMS 0x0000000080400000, 0x0000000080300000| Complete 
|   4|0x0000000080400000, 0x0000000080500000, 0x0000000080500000|100%|HC|  |TAMS 0x0000000080500000, 0x0000000080400000| Complete 
|   5|0x0000000080500000, 0x0000000080600000, 0x0000000080600000|100%|HC|  |TAMS 0x0000000080600000, 0x0000000080500000| Complete 
|   6|0x0000000080600000, 0x0000000080700000, 0x0000000080700000|100%| O|  |TAMS 0x0000000080700000, 0x0000000080600000| Untracked 
|   7|0x0000000080700000, 0x0000000080800000, 0x0000000080800000|100%| O|  |TAMS 0x0000000080800000, 0x0000000080700000| Untracked 
|   8|0x0000000080800000, 0x0000000080900000, 0x0000000080900000|100%| O|  |TAMS 0x0000000080900000, 0x0000000080800000| Untracked 
|   9|0x0000000080900000, 0x0000000080a00000, 0x0000000080a00000|100%|HS|  |TAMS 0x0000000080a00000, 0x0000000080900000| Complete 
|  10|0x0000000080a00000, 0x0000000080b00000, 0x0000000080b00000|100%| O|  |TAMS 0x0000000080b00000, 0x0000000080a00000| Untracked 
|  11|0x0000000080b00000, 0x0000000080c00000, 0x0000000080c00000|100%| O|  |TAMS 0x0000000080c00000, 0x0000000080b00000| Untracked 
|  12|0x0000000080c00000, 0x0000000080d00000, 0x0000000080d00000|100%| O|  |TAMS 0x0000000080d00000, 0x0000000080c00000| Untracked 
|  13|0x0000000080d00000, 0x0000000080e00000, 0x0000000080e00000|100%| O|  |TAMS 0x0000000080e00000, 0x0000000080d00000| Untracked 
|  14|0x0000000080e00000, 0x0000000080f00000, 0x0000000080f00000|100%| O|  |TAMS 0x0000000080f00000, 0x0000000080e00000| Untracked 
|  15|0x0000000080f00000, 0x0000000081000000, 0x0000000081000000|100%| O|  |TAMS 0x0000000081000000, 0x0000000080f00000| Untracked 
|  16|0x0000000081000000, 0x0000000081100000, 0x0000000081100000|100%| O|  |TAMS 0x0000000081100000, 0x0000000081000000| Untracked 
|  17|0x0000000081100000, 0x0000000081200000, 0x0000000081200000|100%| O|  |TAMS 0x0000000081200000, 0x0000000081100000| Untracked 
|  18|0x0000000081200000, 0x0000000081300000, 0x0000000081300000|100%| O|  |TAMS 0x0000000081300000, 0x0000000081200000| Untracked 
|  19|0x0000000081300000, 0x0000000081400000, 0x0000000081400000|100%| O|  |TAMS 0x0000000081400000, 0x0000000081300000| Untracked 
|  20|0x0000000081400000, 0x0000000081500000, 0x0000000081500000|100%| O|  |TAMS 0x0000000081500000, 0x0000000081400000| Untracked 
|  21|0x0000000081500000, 0x0000000081600000, 0x0000000081600000|100%| O|  |TAMS 0x0000000081600000, 0x0000000081500000| Untracked 
|  22|0x0000000081600000, 0x0000000081700000, 0x0000000081700000|100%| O|  |TAMS 0x0000000081700000, 0x0000000081600000| Untracked 
|  23|0x0000000081700000, 0x0000000081800000, 0x0000000081800000|100%| O|  |TAMS 0x0000000081800000, 0x0000000081700000| Untracked 
|  24|0x0000000081800000, 0x0000000081900000, 0x0000000081900000|100%| O|  |TAMS 0x0000000081900000, 0x0000000081800000| Untracked 
|  25|0x0000000081900000, 0x0000000081a00000, 0x0000000081a00000|100%| O|  |TAMS 0x0000000081900000, 0x0000000081900000| Untracked 
|  26|0x0000000081a00000, 0x0000000081b00000, 0x0000000081b00000|100%| O|  |TAMS 0x0000000081b00000, 0x0000000081a00000| Untracked 
|  27|0x0000000081b00000, 0x0000000081c00000, 0x0000000081c00000|100%| O|  |TAMS 0x0000000081c00000, 0x0000000081b00000| Untracked 
|  28|0x0000000081c00000, 0x0000000081d00000, 0x0000000081d00000|100%| O|  |TAMS 0x0000000081d00000, 0x0000000081c00000| Untracked 
|  29|0x0000000081d00000, 0x0000000081e00000, 0x0000000081e00000|100%| O|  |TAMS 0x0000000081e00000, 0x0000000081d00000| Untracked 
|  30|0x0000000081e00000, 0x0000000081f00000, 0x0000000081f00000|100%| O|  |TAMS 0x0000000081f00000, 0x0000000081e00000| Untracked 
|  31|0x0000000081f00000, 0x0000000082000000, 0x0000000082000000|100%| O|  |TAMS 0x0000000082000000, 0x0000000081f00000| Untracked 
|  32|0x0000000082000000, 0x0000000082100000, 0x0000000082100000|100%| O|  |TAMS 0x0000000082100000, 0x0000000082000000| Untracked 
|  33|0x0000000082100000, 0x0000000082200000, 0x0000000082200000|100%| O|  |TAMS 0x0000000082200000, 0x0000000082100000| Untracked 
|  34|0x0000000082200000, 0x0000000082300000, 0x0000000082300000|100%| O|  |TAMS 0x0000000082300000, 0x0000000082200000| Untracked 
|  35|0x0000000082300000, 0x0000000082400000, 0x0000000082400000|100%| O|  |TAMS 0x0000000082400000, 0x0000000082300000| Untracked 
|  36|0x0000000082400000, 0x0000000082500000, 0x0000000082500000|100%| O|  |TAMS 0x0000000082500000, 0x0000000082400000| Untracked 
|  37|0x0000000082500000, 0x0000000082600000, 0x0000000082600000|100%| O|  |TAMS 0x0000000082600000, 0x0000000082500000| Untracked 
|  38|0x0000000082600000, 0x0000000082700000, 0x0000000082700000|100%| O|  |TAMS 0x0000000082700000, 0x0000000082600000| Untracked 
|  39|0x0000000082700000, 0x0000000082800000, 0x0000000082800000|100%| O|  |TAMS 0x0000000082800000, 0x0000000082700000| Untracked 
|  40|0x0000000082800000, 0x0000000082900000, 0x0000000082900000|100%| O|  |TAMS 0x0000000082900000, 0x0000000082800000| Untracked 
|  41|0x0000000082900000, 0x0000000082a00000, 0x0000000082a00000|100%| O|  |TAMS 0x0000000082a00000, 0x0000000082900000| Untracked 
|  42|0x0000000082a00000, 0x0000000082b00000, 0x0000000082b00000|100%| O|  |TAMS 0x0000000082b00000, 0x0000000082a00000| Untracked 
|  43|0x0000000082b00000, 0x0000000082c00000, 0x0000000082c00000|100%| O|  |TAMS 0x0000000082b00000, 0x0000000082b00000| Untracked 
|  44|0x0000000082c00000, 0x0000000082d00000, 0x0000000082d00000|100%| O|  |TAMS 0x0000000082d00000, 0x0000000082c00000| Untracked 
|  45|0x0000000082d00000, 0x0000000082e00000, 0x0000000082e00000|100%| O|  |TAMS 0x0000000082e00000, 0x0000000082d00000| Untracked 
|  46|0x0000000082e00000, 0x0000000082f00000, 0x0000000082f00000|100%|HS|  |TAMS 0x0000000082f00000, 0x0000000082e00000| Complete 
|  47|0x0000000082f00000, 0x0000000083000000, 0x0000000083000000|100%|HC|  |TAMS 0x0000000083000000, 0x0000000082f00000| Complete 
|  48|0x0000000083000000, 0x0000000083100000, 0x0000000083100000|100%|HS|  |TAMS 0x0000000083100000, 0x0000000083000000| Complete 
|  49|0x0000000083100000, 0x0000000083200000, 0x0000000083200000|100%|HC|  |TAMS 0x0000000083200000, 0x0000000083100000| Complete 
|  50|0x0000000083200000, 0x0000000083300000, 0x0000000083300000|100%|HS|  |TAMS 0x0000000083300000, 0x0000000083200000| Complete 
|  51|0x0000000083300000, 0x0000000083400000, 0x0000000083400000|100%|HC|  |TAMS 0x0000000083400000, 0x0000000083300000| Complete 
|  52|0x0000000083400000, 0x0000000083500000, 0x0000000083500000|100%|HC|  |TAMS 0x0000000083500000, 0x0000000083400000| Complete 
|  53|0x0000000083500000, 0x0000000083600000, 0x0000000083600000|100%|HC|  |TAMS 0x0000000083600000, 0x0000000083500000| Complete 
|  54|0x0000000083600000, 0x0000000083700000, 0x0000000083700000|100%|HS|  |TAMS 0x0000000083700000, 0x0000000083600000| Complete 
|  55|0x0000000083700000, 0x0000000083800000, 0x0000000083800000|100%|HC|  |TAMS 0x0000000083800000, 0x0000000083700000| Complete 
|  56|0x0000000083800000, 0x0000000083900000, 0x0000000083900000|100%|HC|  |TAMS 0x0000000083900000, 0x0000000083800000| Complete 
|  57|0x0000000083900000, 0x0000000083a00000, 0x0000000083a00000|100%|HC|  |TAMS 0x0000000083a00000, 0x0000000083900000| Complete 
|  58|0x0000000083a00000, 0x0000000083b00000, 0x0000000083b00000|100%| O|  |TAMS 0x0000000083b00000, 0x0000000083a00000| Untracked 
|  59|0x0000000083b00000, 0x0000000083c00000, 0x0000000083c00000|100%| O|  |TAMS 0x0000000083c00000, 0x0000000083b00000| Untracked 
|  60|0x0000000083c00000, 0x0000000083d00000, 0x0000000083d00000|100%| O|  |TAMS 0x0000000083d00000, 0x0000000083c00000| Untracked 
|  61|0x0000000083d00000, 0x0000000083e00000, 0x0000000083e00000|100%| O|  |TAMS 0x0000000083d88800, 0x0000000083d00000| Untracked 
|  62|0x0000000083e00000, 0x0000000083f00000, 0x0000000083f00000|100%| O|  |TAMS 0x0000000083f00000, 0x0000000083e00000| Untracked 
|  63|0x0000000083f00000, 0x0000000084000000, 0x0000000084000000|100%| O|  |TAMS 0x0000000084000000, 0x0000000083f00000| Untracked 
|  64|0x0000000084000000, 0x0000000084100000, 0x0000000084100000|100%| O|  |TAMS 0x0000000084100000, 0x0000000084000000| Untracked 
|  65|0x0000000084100000, 0x0000000084200000, 0x0000000084200000|100%| O|  |TAMS 0x0000000084200000, 0x0000000084100000| Untracked 
|  66|0x0000000084200000, 0x0000000084300000, 0x0000000084300000|100%| O|  |TAMS 0x0000000084200000, 0x0000000084200000| Untracked 
|  67|0x0000000084300000, 0x0000000084400000, 0x0000000084400000|100%| O|  |TAMS 0x0000000084300000, 0x0000000084300000| Untracked 
|  68|0x0000000084400000, 0x0000000084500000, 0x0000000084500000|100%| O|  |TAMS 0x0000000084400000, 0x0000000084400000| Untracked 
|  69|0x0000000084500000, 0x0000000084600000, 0x0000000084600000|100%| O|  |TAMS 0x0000000084500000, 0x0000000084500000| Untracked 
|  70|0x0000000084600000, 0x0000000084700000, 0x0000000084700000|100%| O|  |TAMS 0x0000000084600000, 0x0000000084600000| Untracked 
|  71|0x0000000084700000, 0x0000000084800000, 0x0000000084800000|100%| O|  |TAMS 0x0000000084700000, 0x0000000084700000| Untracked 
|  72|0x0000000084800000, 0x0000000084900000, 0x0000000084900000|100%| O|  |TAMS 0x0000000084800000, 0x0000000084800000| Untracked 
|  73|0x0000000084900000, 0x0000000084a00000, 0x0000000084a00000|100%| O|  |TAMS 0x0000000084900000, 0x0000000084900000| Untracked 
|  74|0x0000000084a00000, 0x0000000084b00000, 0x0000000084b00000|100%| O|  |TAMS 0x0000000084a00000, 0x0000000084a00000| Untracked 
|  75|0x0000000084b00000, 0x0000000084c00000, 0x0000000084c00000|100%| O|  |TAMS 0x0000000084b00000, 0x0000000084b00000| Untracked 
|  76|0x0000000084c00000, 0x0000000084d00000, 0x0000000084d00000|100%| O|  |TAMS 0x0000000084c00000, 0x0000000084c00000| Untracked 
|  77|0x0000000084d00000, 0x0000000084e00000, 0x0000000084e00000|100%| O|  |TAMS 0x0000000084d00000, 0x0000000084d00000| Untracked 
|  78|0x0000000084e00000, 0x0000000084f00000, 0x0000000084f00000|100%| O|  |TAMS 0x0000000084e00000, 0x0000000084e00000| Untracked 
|  79|0x0000000084f00000, 0x0000000085000000, 0x0000000085000000|100%|HS|  |TAMS 0x0000000084f00000, 0x0000000084f00000| Complete 
|  80|0x0000000085000000, 0x0000000085100000, 0x0000000085100000|100%|HS|  |TAMS 0x0000000085000000, 0x0000000085000000| Complete 
|  81|0x0000000085100000, 0x0000000085200000, 0x0000000085200000|100%|HS|  |TAMS 0x0000000085100000, 0x0000000085100000| Complete 
|  82|0x0000000085200000, 0x0000000085300000, 0x0000000085300000|100%|HS|  |TAMS 0x0000000085200000, 0x0000000085200000| Complete 
|  83|0x0000000085300000, 0x0000000085400000, 0x0000000085400000|100%| O|  |TAMS 0x0000000085300000, 0x0000000085300000| Untracked 
|  84|0x0000000085400000, 0x0000000085500000, 0x0000000085500000|100%|HS|  |TAMS 0x0000000085400000, 0x0000000085400000| Complete 
|  85|0x0000000085500000, 0x0000000085600000, 0x0000000085600000|100%|HS|  |TAMS 0x0000000085500000, 0x0000000085500000| Complete 
|  86|0x0000000085600000, 0x0000000085700000, 0x0000000085700000|100%| O|  |TAMS 0x0000000085600000, 0x0000000085600000| Untracked 
|  87|0x0000000085700000, 0x0000000085800000, 0x0000000085800000|100%|HS|  |TAMS 0x0000000085700000, 0x0000000085700000| Complete 
|  88|0x0000000085800000, 0x0000000085900000, 0x0000000085900000|100%|HC|  |TAMS 0x0000000085800000, 0x0000000085800000| Complete 
|  89|0x0000000085900000, 0x0000000085a00000, 0x0000000085a00000|100%| O|  |TAMS 0x0000000085900000, 0x0000000085900000| Untracked 
|  90|0x0000000085a00000, 0x0000000085b00000, 0x0000000085b00000|100%|HS|  |TAMS 0x0000000085a00000, 0x0000000085a00000| Complete 
|  91|0x0000000085b00000, 0x0000000085c00000, 0x0000000085c00000|100%| O|  |TAMS 0x0000000085b00000, 0x0000000085b00000| Untracked 
|  92|0x0000000085c00000, 0x0000000085d00000, 0x0000000085d00000|100%| O|  |TAMS 0x0000000085c00000, 0x0000000085c00000| Untracked 
|  93|0x0000000085d00000, 0x0000000085e00000, 0x0000000085e00000|100%| O|  |TAMS 0x0000000085d00000, 0x0000000085d00000| Untracked 
|  94|0x0000000085e00000, 0x0000000085f00000, 0x0000000085f00000|100%| O|  |TAMS 0x0000000085e00000, 0x0000000085e00000| Untracked 
|  95|0x0000000085f00000, 0x0000000086000000, 0x0000000086000000|100%| O|  |TAMS 0x0000000085f00000, 0x0000000085f00000| Untracked 
|  96|0x0000000086000000, 0x0000000086100000, 0x0000000086100000|100%| O|  |TAMS 0x0000000086000000, 0x0000000086000000| Untracked 
|  97|0x0000000086100000, 0x0000000086200000, 0x0000000086200000|100%| O|  |TAMS 0x0000000086100000, 0x0000000086100000| Untracked 
|  98|0x0000000086200000, 0x0000000086300000, 0x0000000086300000|100%| O|  |TAMS 0x0000000086200000, 0x0000000086200000| Untracked 
|  99|0x0000000086300000, 0x0000000086400000, 0x0000000086400000|100%| O|  |TAMS 0x0000000086300000, 0x0000000086300000| Untracked 
| 100|0x0000000086400000, 0x0000000086500000, 0x0000000086500000|100%| O|  |TAMS 0x0000000086400000, 0x0000000086400000| Untracked 
| 101|0x0000000086500000, 0x0000000086600000, 0x0000000086600000|100%| O|  |TAMS 0x0000000086500000, 0x0000000086500000| Untracked 
| 102|0x0000000086600000, 0x0000000086700000, 0x0000000086700000|100%| O|  |TAMS 0x0000000086600000, 0x0000000086600000| Untracked 
| 103|0x0000000086700000, 0x0000000086800000, 0x0000000086800000|100%| O|  |TAMS 0x0000000086700000, 0x0000000086700000| Untracked 
| 104|0x0000000086800000, 0x0000000086900000, 0x0000000086900000|100%| O|  |TAMS 0x0000000086800000, 0x0000000086800000| Untracked 
| 105|0x0000000086900000, 0x0000000086a00000, 0x0000000086a00000|100%| O|  |TAMS 0x0000000086900000, 0x0000000086900000| Untracked 
| 106|0x0000000086a00000, 0x0000000086b00000, 0x0000000086b00000|100%| O|  |TAMS 0x0000000086a00000, 0x0000000086a00000| Untracked 
| 107|0x0000000086b00000, 0x0000000086c00000, 0x0000000086c00000|100%| O|  |TAMS 0x0000000086b00000, 0x0000000086b00000| Untracked 
| 108|0x0000000086c00000, 0x0000000086d00000, 0x0000000086d00000|100%| O|  |TAMS 0x0000000086c00000, 0x0000000086c00000| Untracked 
| 109|0x0000000086d00000, 0x0000000086e00000, 0x0000000086e00000|100%| O|  |TAMS 0x0000000086d00000, 0x0000000086d00000| Untracked 
| 110|0x0000000086e00000, 0x0000000086f00000, 0x0000000086f00000|100%| O|  |TAMS 0x0000000086e00000, 0x0000000086e00000| Untracked 
| 111|0x0000000086f00000, 0x0000000087000000, 0x0000000087000000|100%| O|  |TAMS 0x0000000086f00000, 0x0000000086f00000| Untracked 
| 112|0x0000000087000000, 0x0000000087100000, 0x0000000087100000|100%| O|  |TAMS 0x0000000087000000, 0x0000000087000000| Untracked 
| 113|0x0000000087100000, 0x0000000087200000, 0x0000000087200000|100%| O|  |TAMS 0x0000000087100000, 0x0000000087100000| Untracked 
| 114|0x0000000087200000, 0x0000000087300000, 0x0000000087300000|100%| O|  |TAMS 0x0000000087200000, 0x0000000087200000| Untracked 
| 115|0x0000000087300000, 0x0000000087400000, 0x0000000087400000|100%| O|  |TAMS 0x0000000087300000, 0x0000000087300000| Untracked 
| 116|0x0000000087400000, 0x0000000087500000, 0x0000000087500000|100%| O|  |TAMS 0x0000000087400000, 0x0000000087400000| Untracked 
| 117|0x0000000087500000, 0x0000000087600000, 0x0000000087600000|100%| O|  |TAMS 0x0000000087500000, 0x0000000087500000| Untracked 
| 118|0x0000000087600000, 0x0000000087700000, 0x0000000087700000|100%| O|  |TAMS 0x0000000087600000, 0x0000000087600000| Untracked 
| 119|0x0000000087700000, 0x0000000087800000, 0x0000000087800000|100%|HS|  |TAMS 0x0000000087700000, 0x0000000087700000| Complete 
| 120|0x0000000087800000, 0x0000000087900000, 0x0000000087900000|100%|HS|  |TAMS 0x0000000087800000, 0x0000000087800000| Complete 
| 121|0x0000000087900000, 0x0000000087a00000, 0x0000000087a00000|100%| O|  |TAMS 0x0000000087900000, 0x0000000087900000| Untracked 
| 122|0x0000000087a00000, 0x0000000087b00000, 0x0000000087b00000|100%|HS|  |TAMS 0x0000000087a00000, 0x0000000087a00000| Complete 
| 123|0x0000000087b00000, 0x0000000087c00000, 0x0000000087c00000|100%|HC|  |TAMS 0x0000000087b00000, 0x0000000087b00000| Complete 
| 124|0x0000000087c00000, 0x0000000087d00000, 0x0000000087d00000|100%| O|  |TAMS 0x0000000087c00000, 0x0000000087c00000| Untracked 
| 125|0x0000000087d00000, 0x0000000087e00000, 0x0000000087e00000|100%| O|  |TAMS 0x0000000087d00000, 0x0000000087d00000| Untracked 
| 126|0x0000000087e00000, 0x0000000087f00000, 0x0000000087f00000|100%| O|  |TAMS 0x0000000087e00000, 0x0000000087e00000| Untracked 
| 127|0x0000000087f00000, 0x0000000088000000, 0x0000000088000000|100%| O|  |TAMS 0x0000000087f00000, 0x0000000087f00000| Untracked 
| 128|0x0000000088000000, 0x0000000088100000, 0x0000000088100000|100%| O|  |TAMS 0x0000000088000000, 0x0000000088000000| Untracked 
| 129|0x0000000088100000, 0x0000000088200000, 0x0000000088200000|100%| O|  |TAMS 0x0000000088100000, 0x0000000088100000| Untracked 
| 130|0x0000000088200000, 0x0000000088300000, 0x0000000088300000|100%| O|  |TAMS 0x0000000088200000, 0x0000000088200000| Untracked 
| 131|0x0000000088300000, 0x0000000088400000, 0x0000000088400000|100%| O|  |TAMS 0x0000000088300000, 0x0000000088300000| Untracked 
| 132|0x0000000088400000, 0x0000000088500000, 0x0000000088500000|100%| O|  |TAMS 0x0000000088400000, 0x0000000088400000| Untracked 
| 133|0x0000000088500000, 0x0000000088600000, 0x0000000088600000|100%| O|  |TAMS 0x0000000088500000, 0x0000000088500000| Untracked 
| 134|0x0000000088600000, 0x0000000088700000, 0x0000000088700000|100%| O|  |TAMS 0x0000000088600000, 0x0000000088600000| Untracked 
| 135|0x0000000088700000, 0x0000000088800000, 0x0000000088800000|100%| O|  |TAMS 0x0000000088700000, 0x0000000088700000| Untracked 
| 136|0x0000000088800000, 0x0000000088900000, 0x0000000088900000|100%| O|  |TAMS 0x0000000088800000, 0x0000000088800000| Untracked 
| 137|0x0000000088900000, 0x0000000088a00000, 0x0000000088a00000|100%| O|  |TAMS 0x0000000088900000, 0x0000000088900000| Untracked 
| 138|0x0000000088a00000, 0x0000000088b00000, 0x0000000088b00000|100%| O|  |TAMS 0x0000000088a00000, 0x0000000088a00000| Untracked 
| 139|0x0000000088b00000, 0x0000000088c00000, 0x0000000088c00000|100%| O|  |TAMS 0x0000000088b00000, 0x0000000088b00000| Untracked 
| 140|0x0000000088c00000, 0x0000000088d00000, 0x0000000088d00000|100%| O|  |TAMS 0x0000000088c00000, 0x0000000088c00000| Untracked 
| 141|0x0000000088d00000, 0x0000000088e00000, 0x0000000088e00000|100%| O|  |TAMS 0x0000000088d00000, 0x0000000088d00000| Untracked 
| 142|0x0000000088e00000, 0x0000000088f00000, 0x0000000088f00000|100%| O|  |TAMS 0x0000000088e00000, 0x0000000088e00000| Untracked 
| 143|0x0000000088f00000, 0x0000000089000000, 0x0000000089000000|100%| O|  |TAMS 0x0000000088f00000, 0x0000000088f00000| Untracked 
| 144|0x0000000089000000, 0x0000000089100000, 0x0000000089100000|100%| O|  |TAMS 0x0000000089000000, 0x0000000089000000| Untracked 
| 145|0x0000000089100000, 0x0000000089200000, 0x0000000089200000|100%| O|  |TAMS 0x0000000089100000, 0x0000000089100000| Untracked 
| 146|0x0000000089200000, 0x0000000089300000, 0x0000000089300000|100%| O|  |TAMS 0x0000000089200000, 0x0000000089200000| Untracked 
| 147|0x0000000089300000, 0x0000000089400000, 0x0000000089400000|100%| O|  |TAMS 0x0000000089300000, 0x0000000089300000| Untracked 
| 148|0x0000000089400000, 0x0000000089500000, 0x0000000089500000|100%| O|  |TAMS 0x0000000089400000, 0x0000000089400000| Untracked 
| 149|0x0000000089500000, 0x0000000089600000, 0x0000000089600000|100%| O|  |TAMS 0x0000000089500000, 0x0000000089500000| Untracked 
| 150|0x0000000089600000, 0x0000000089700000, 0x0000000089700000|100%| O|  |TAMS 0x0000000089600000, 0x0000000089600000| Untracked 
| 151|0x0000000089700000, 0x0000000089800000, 0x0000000089800000|100%| O|  |TAMS 0x0000000089700000, 0x0000000089700000| Untracked 
| 152|0x0000000089800000, 0x0000000089900000, 0x0000000089900000|100%| O|  |TAMS 0x0000000089800000, 0x0000000089800000| Untracked 
| 153|0x0000000089900000, 0x0000000089a00000, 0x0000000089a00000|100%| O|  |TAMS 0x0000000089900000, 0x0000000089900000| Untracked 
| 154|0x0000000089a00000, 0x0000000089b00000, 0x0000000089b00000|100%| O|  |TAMS 0x0000000089a00000, 0x0000000089a00000| Untracked 
| 155|0x0000000089b00000, 0x0000000089c00000, 0x0000000089c00000|100%| O|  |TAMS 0x0000000089b00000, 0x0000000089b00000| Untracked 
| 156|0x0000000089c00000, 0x0000000089d00000, 0x0000000089d00000|100%| O|  |TAMS 0x0000000089c00000, 0x0000000089c00000| Untracked 
| 157|0x0000000089d00000, 0x0000000089e00000, 0x0000000089e00000|100%| O|  |TAMS 0x0000000089d00000, 0x0000000089d00000| Untracked 
| 158|0x0000000089e00000, 0x0000000089f00000, 0x0000000089f00000|100%| O|  |TAMS 0x0000000089e00000, 0x0000000089e00000| Untracked 
| 159|0x0000000089f00000, 0x000000008a000000, 0x000000008a000000|100%| O|  |TAMS 0x0000000089f00000, 0x0000000089f00000| Untracked 
| 160|0x000000008a000000, 0x000000008a100000, 0x000000008a100000|100%| O|  |TAMS 0x000000008a000000, 0x000000008a000000| Untracked 
| 161|0x000000008a100000, 0x000000008a200000, 0x000000008a200000|100%| O|  |TAMS 0x000000008a100000, 0x000000008a100000| Untracked 
| 162|0x000000008a200000, 0x000000008a300000, 0x000000008a300000|100%| O|  |TAMS 0x000000008a200000, 0x000000008a200000| Untracked 
| 163|0x000000008a300000, 0x000000008a400000, 0x000000008a400000|100%| O|  |TAMS 0x000000008a300000, 0x000000008a300000| Untracked 
| 164|0x000000008a400000, 0x000000008a500000, 0x000000008a500000|100%| O|  |TAMS 0x000000008a400000, 0x000000008a400000| Untracked 
| 165|0x000000008a500000, 0x000000008a600000, 0x000000008a600000|100%| O|  |TAMS 0x000000008a500000, 0x000000008a500000| Untracked 
| 166|0x000000008a600000, 0x000000008a700000, 0x000000008a700000|100%| O|  |TAMS 0x000000008a600000, 0x000000008a600000| Untracked 
| 167|0x000000008a700000, 0x000000008a700000, 0x000000008a800000|  0%| F|  |TAMS 0x000000008a700000, 0x000000008a700000| Untracked 
| 168|0x000000008a800000, 0x000000008a800000, 0x000000008a900000|  0%| F|  |TAMS 0x000000008a800000, 0x000000008a800000| Untracked 
| 169|0x000000008a900000, 0x000000008a900000, 0x000000008aa00000|  0%| F|  |TAMS 0x000000008a900000, 0x000000008a900000| Untracked 
| 170|0x000000008aa00000, 0x000000008aa00000, 0x000000008ab00000|  0%| F|  |TAMS 0x000000008aa00000, 0x000000008aa00000| Untracked 
| 171|0x000000008ab00000, 0x000000008ab00000, 0x000000008ac00000|  0%| F|  |TAMS 0x000000008ab00000, 0x000000008ab00000| Untracked 
| 172|0x000000008ac00000, 0x000000008ac00000, 0x000000008ad00000|  0%| F|  |TAMS 0x000000008ac00000, 0x000000008ac00000| Untracked 
| 173|0x000000008ad00000, 0x000000008ad00000, 0x000000008ae00000|  0%| F|  |TAMS 0x000000008ad00000, 0x000000008ad00000| Untracked 
| 174|0x000000008ae00000, 0x000000008ae00000, 0x000000008af00000|  0%| F|  |TAMS 0x000000008ae00000, 0x000000008ae00000| Untracked 
| 175|0x000000008af00000, 0x000000008af00000, 0x000000008b000000|  0%| F|  |TAMS 0x000000008af00000, 0x000000008af00000| Untracked 
| 176|0x000000008b000000, 0x000000008b000000, 0x000000008b100000|  0%| F|  |TAMS 0x000000008b000000, 0x000000008b000000| Untracked 
| 177|0x000000008b100000, 0x000000008b100000, 0x000000008b200000|  0%| F|  |TAMS 0x000000008b100000, 0x000000008b100000| Untracked 
| 178|0x000000008b200000, 0x000000008b200000, 0x000000008b300000|  0%| F|  |TAMS 0x000000008b200000, 0x000000008b200000| Untracked 
| 179|0x000000008b300000, 0x000000008b300000, 0x000000008b400000|  0%| F|  |TAMS 0x000000008b300000, 0x000000008b300000| Untracked 
| 180|0x000000008b400000, 0x000000008b400000, 0x000000008b500000|  0%| F|  |TAMS 0x000000008b400000, 0x000000008b400000| Untracked 
| 181|0x000000008b500000, 0x000000008b500000, 0x000000008b600000|  0%| F|  |TAMS 0x000000008b500000, 0x000000008b500000| Untracked 
| 182|0x000000008b600000, 0x000000008b600000, 0x000000008b700000|  0%| F|  |TAMS 0x000000008b600000, 0x000000008b600000| Untracked 
| 183|0x000000008b700000, 0x000000008b700000, 0x000000008b800000|  0%| F|  |TAMS 0x000000008b700000, 0x000000008b700000| Untracked 
| 184|0x000000008b800000, 0x000000008b800000, 0x000000008b900000|  0%| F|  |TAMS 0x000000008b800000, 0x000000008b800000| Untracked 
| 185|0x000000008b900000, 0x000000008b900000, 0x000000008ba00000|  0%| F|  |TAMS 0x000000008b900000, 0x000000008b900000| Untracked 
| 186|0x000000008ba00000, 0x000000008ba00000, 0x000000008bb00000|  0%| F|  |TAMS 0x000000008ba00000, 0x000000008ba00000| Untracked 
| 187|0x000000008bb00000, 0x000000008bb00000, 0x000000008bc00000|  0%| F|  |TAMS 0x000000008bb00000, 0x000000008bb00000| Untracked 
| 188|0x000000008bc00000, 0x000000008bc00000, 0x000000008bd00000|  0%| F|  |TAMS 0x000000008bc00000, 0x000000008bc00000| Untracked 
| 189|0x000000008bd00000, 0x000000008bd00000, 0x000000008be00000|  0%| F|  |TAMS 0x000000008bd00000, 0x000000008bd00000| Untracked 
| 190|0x000000008be00000, 0x000000008be00000, 0x000000008bf00000|  0%| F|  |TAMS 0x000000008be00000, 0x000000008be00000| Untracked 
| 191|0x000000008bf00000, 0x000000008bf00000, 0x000000008c000000|  0%| F|  |TAMS 0x000000008bf00000, 0x000000008bf00000| Untracked 
| 192|0x000000008c000000, 0x000000008c000000, 0x000000008c100000|  0%| F|  |TAMS 0x000000008c000000, 0x000000008c000000| Untracked 
| 193|0x000000008c100000, 0x000000008c1ad910, 0x000000008c200000| 67%| S|CS|TAMS 0x000000008c100000, 0x000000008c100000| Complete 
| 194|0x000000008c200000, 0x000000008c300000, 0x000000008c300000|100%| S|CS|TAMS 0x000000008c200000, 0x000000008c200000| Complete 
| 195|0x000000008c300000, 0x000000008c300000, 0x000000008c400000|  0%| F|  |TAMS 0x000000008c300000, 0x000000008c300000| Untracked 
| 196|0x000000008c400000, 0x000000008c400000, 0x000000008c500000|  0%| F|  |TAMS 0x000000008c400000, 0x000000008c400000| Untracked 
| 197|0x000000008c500000, 0x000000008c500000, 0x000000008c600000|  0%| F|  |TAMS 0x000000008c500000, 0x000000008c500000| Untracked 
| 198|0x000000008c600000, 0x000000008c600000, 0x000000008c700000|  0%| F|  |TAMS 0x000000008c600000, 0x000000008c600000| Untracked 
| 199|0x000000008c700000, 0x000000008c700000, 0x000000008c800000|  0%| F|  |TAMS 0x000000008c700000, 0x000000008c700000| Untracked 
| 200|0x000000008c800000, 0x000000008c800000, 0x000000008c900000|  0%| F|  |TAMS 0x000000008c800000, 0x000000008c800000| Untracked 
| 201|0x000000008c900000, 0x000000008c900000, 0x000000008ca00000|  0%| F|  |TAMS 0x000000008c900000, 0x000000008c900000| Untracked 
| 202|0x000000008ca00000, 0x000000008ca00000, 0x000000008cb00000|  0%| F|  |TAMS 0x000000008ca00000, 0x000000008ca00000| Untracked 
| 203|0x000000008cb00000, 0x000000008cb00000, 0x000000008cc00000|  0%| F|  |TAMS 0x000000008cb00000, 0x000000008cb00000| Untracked 
| 204|0x000000008cc00000, 0x000000008cc00000, 0x000000008cd00000|  0%| F|  |TAMS 0x000000008cc00000, 0x000000008cc00000| Untracked 
| 205|0x000000008cd00000, 0x000000008cd00000, 0x000000008ce00000|  0%| F|  |TAMS 0x000000008cd00000, 0x000000008cd00000| Untracked 
| 206|0x000000008ce00000, 0x000000008ce00000, 0x000000008cf00000|  0%| F|  |TAMS 0x000000008ce00000, 0x000000008ce00000| Untracked 
| 207|0x000000008cf00000, 0x000000008cf00000, 0x000000008d000000|  0%| F|  |TAMS 0x000000008cf00000, 0x000000008cf00000| Untracked 
| 208|0x000000008d000000, 0x000000008d000000, 0x000000008d100000|  0%| F|  |TAMS 0x000000008d000000, 0x000000008d000000| Untracked 
| 209|0x000000008d100000, 0x000000008d100000, 0x000000008d200000|  0%| F|  |TAMS 0x000000008d100000, 0x000000008d100000| Untracked 
| 210|0x000000008d200000, 0x000000008d200000, 0x000000008d300000|  0%| F|  |TAMS 0x000000008d200000, 0x000000008d200000| Untracked 
| 211|0x000000008d300000, 0x000000008d300000, 0x000000008d400000|  0%| F|  |TAMS 0x000000008d300000, 0x000000008d300000| Untracked 
| 212|0x000000008d400000, 0x000000008d400000, 0x000000008d500000|  0%| F|  |TAMS 0x000000008d400000, 0x000000008d400000| Untracked 
| 213|0x000000008d500000, 0x000000008d500000, 0x000000008d600000|  0%| F|  |TAMS 0x000000008d500000, 0x000000008d500000| Untracked 
| 214|0x000000008d600000, 0x000000008d600000, 0x000000008d700000|  0%| F|  |TAMS 0x000000008d600000, 0x000000008d600000| Untracked 
| 215|0x000000008d700000, 0x000000008d700000, 0x000000008d800000|  0%| F|  |TAMS 0x000000008d700000, 0x000000008d700000| Untracked 
| 216|0x000000008d800000, 0x000000008d800000, 0x000000008d900000|  0%| F|  |TAMS 0x000000008d800000, 0x000000008d800000| Untracked 
| 217|0x000000008d900000, 0x000000008d900000, 0x000000008da00000|  0%| F|  |TAMS 0x000000008d900000, 0x000000008d900000| Untracked 
| 218|0x000000008da00000, 0x000000008da00000, 0x000000008db00000|  0%| F|  |TAMS 0x000000008da00000, 0x000000008da00000| Untracked 
| 219|0x000000008db00000, 0x000000008db00000, 0x000000008dc00000|  0%| F|  |TAMS 0x000000008db00000, 0x000000008db00000| Untracked 
| 220|0x000000008dc00000, 0x000000008dc00000, 0x000000008dd00000|  0%| F|  |TAMS 0x000000008dc00000, 0x000000008dc00000| Untracked 
| 221|0x000000008dd00000, 0x000000008dd00000, 0x000000008de00000|  0%| F|  |TAMS 0x000000008dd00000, 0x000000008dd00000| Untracked 
| 222|0x000000008de00000, 0x000000008de00000, 0x000000008df00000|  0%| F|  |TAMS 0x000000008de00000, 0x000000008de00000| Untracked 
| 223|0x000000008df00000, 0x000000008df00000, 0x000000008e000000|  0%| F|  |TAMS 0x000000008df00000, 0x000000008df00000| Untracked 
| 224|0x000000008e000000, 0x000000008e000000, 0x000000008e100000|  0%| F|  |TAMS 0x000000008e000000, 0x000000008e000000| Untracked 
| 225|0x000000008e100000, 0x000000008e100000, 0x000000008e200000|  0%| F|  |TAMS 0x000000008e100000, 0x000000008e100000| Untracked 
| 226|0x000000008e200000, 0x000000008e2aedf0, 0x000000008e300000| 68%| E|  |TAMS 0x000000008e200000, 0x000000008e200000| Complete 
| 227|0x000000008e300000, 0x000000008e400000, 0x000000008e400000|100%| E|CS|TAMS 0x000000008e300000, 0x000000008e300000| Complete 
| 228|0x000000008e400000, 0x000000008e500000, 0x000000008e500000|100%| E|CS|TAMS 0x000000008e400000, 0x000000008e400000| Complete 
| 229|0x000000008e500000, 0x000000008e600000, 0x000000008e600000|100%| E|CS|TAMS 0x000000008e500000, 0x000000008e500000| Complete 
| 230|0x000000008e600000, 0x000000008e700000, 0x000000008e700000|100%| E|CS|TAMS 0x000000008e600000, 0x000000008e600000| Complete 
| 231|0x000000008e700000, 0x000000008e800000, 0x000000008e800000|100%| E|CS|TAMS 0x000000008e700000, 0x000000008e700000| Complete 
| 232|0x000000008e800000, 0x000000008e900000, 0x000000008e900000|100%| E|CS|TAMS 0x000000008e800000, 0x000000008e800000| Complete 
| 233|0x000000008e900000, 0x000000008ea00000, 0x000000008ea00000|100%| E|CS|TAMS 0x000000008e900000, 0x000000008e900000| Complete 
| 234|0x000000008ea00000, 0x000000008eb00000, 0x000000008eb00000|100%| E|CS|TAMS 0x000000008ea00000, 0x000000008ea00000| Complete 
| 235|0x000000008eb00000, 0x000000008ec00000, 0x000000008ec00000|100%| E|CS|TAMS 0x000000008eb00000, 0x000000008eb00000| Complete 
| 236|0x000000008ec00000, 0x000000008ed00000, 0x000000008ed00000|100%| E|CS|TAMS 0x000000008ec00000, 0x000000008ec00000| Complete 
| 237|0x000000008ed00000, 0x000000008ee00000, 0x000000008ee00000|100%| E|CS|TAMS 0x000000008ed00000, 0x000000008ed00000| Complete 
| 238|0x000000008ee00000, 0x000000008ef00000, 0x000000008ef00000|100%| E|CS|TAMS 0x000000008ee00000, 0x000000008ee00000| Complete 
| 239|0x000000008ef00000, 0x000000008f000000, 0x000000008f000000|100%| E|CS|TAMS 0x000000008ef00000, 0x000000008ef00000| Complete 
| 240|0x000000008f000000, 0x000000008f100000, 0x000000008f100000|100%| E|CS|TAMS 0x000000008f000000, 0x000000008f000000| Complete 
| 241|0x000000008f100000, 0x000000008f200000, 0x000000008f200000|100%| E|  |TAMS 0x000000008f100000, 0x000000008f100000| Complete 
| 242|0x000000008f200000, 0x000000008f300000, 0x000000008f300000|100%| E|CS|TAMS 0x000000008f200000, 0x000000008f200000| Complete 
| 243|0x000000008f300000, 0x000000008f400000, 0x000000008f400000|100%| E|CS|TAMS 0x000000008f300000, 0x000000008f300000| Complete 
| 244|0x000000008f400000, 0x000000008f500000, 0x000000008f500000|100%| E|CS|TAMS 0x000000008f400000, 0x000000008f400000| Complete 
| 245|0x000000008f500000, 0x000000008f600000, 0x000000008f600000|100%| E|CS|TAMS 0x000000008f500000, 0x000000008f500000| Complete 
| 246|0x000000008f600000, 0x000000008f700000, 0x000000008f700000|100%| E|CS|TAMS 0x000000008f600000, 0x000000008f600000| Complete 
| 247|0x000000008f700000, 0x000000008f800000, 0x000000008f800000|100%| E|CS|TAMS 0x000000008f700000, 0x000000008f700000| Complete 
| 248|0x000000008f800000, 0x000000008f900000, 0x000000008f900000|100%| E|CS|TAMS 0x000000008f800000, 0x000000008f800000| Complete 
| 249|0x000000008f900000, 0x000000008fa00000, 0x000000008fa00000|100%| E|CS|TAMS 0x000000008f900000, 0x000000008f900000| Complete 
| 250|0x000000008fa00000, 0x000000008fb00000, 0x000000008fb00000|100%| E|CS|TAMS 0x000000008fa00000, 0x000000008fa00000| Complete 
| 251|0x000000008fb00000, 0x000000008fc00000, 0x000000008fc00000|100%| E|CS|TAMS 0x000000008fb00000, 0x000000008fb00000| Complete 
| 252|0x000000008fc00000, 0x000000008fd00000, 0x000000008fd00000|100%| E|CS|TAMS 0x000000008fc00000, 0x000000008fc00000| Complete 
| 253|0x000000008fd00000, 0x000000008fe00000, 0x000000008fe00000|100%| E|CS|TAMS 0x000000008fd00000, 0x000000008fd00000| Complete 
| 254|0x000000008fe00000, 0x000000008ff00000, 0x000000008ff00000|100%| E|CS|TAMS 0x000000008fe00000, 0x000000008fe00000| Complete 
| 255|0x000000008ff00000, 0x0000000090000000, 0x0000000090000000|100%| E|CS|TAMS 0x000000008ff00000, 0x000000008ff00000| Complete 
| 256|0x0000000090000000, 0x0000000090100000, 0x0000000090100000|100%| E|CS|TAMS 0x0000000090000000, 0x0000000090000000| Complete 
| 257|0x0000000090100000, 0x0000000090200000, 0x0000000090200000|100%| E|CS|TAMS 0x0000000090100000, 0x0000000090100000| Complete 
| 258|0x0000000090200000, 0x0000000090300000, 0x0000000090300000|100%| E|CS|TAMS 0x0000000090200000, 0x0000000090200000| Complete 

Card table byte_map: [0x000002bc8f730000,0x000002bc8fb30000] _byte_map_base: 0x000002bc8f330000

Marking Bits (Prev, Next): (CMBitMap*) 0x000002bcf6783290, (CMBitMap*) 0x000002bcf67832d0
 Prev Bits: [0x000002bc8ff30000, 0x000002bc91f30000)
 Next Bits: [0x000002bc91f30000, 0x000002bc93f30000)

Polling page: 0x000002bcf6800000

Metaspace:

Usage:
  Non-class:     89.62 MB used.
      Class:     14.64 MB used.
       Both:    104.25 MB used.

Virtual space:
  Non-class space:      128.00 MB reserved,      90.19 MB ( 70%) committed,  2 nodes.
      Class space:      416.00 MB reserved,      15.12 MB (  4%) committed,  1 nodes.
             Both:      544.00 MB reserved,     105.31 MB ( 19%) committed. 

Chunk freelists:
   Non-Class:  5.56 MB
       Class:  923.00 KB
        Both:  6.46 MB

MaxMetaspaceSize: 512.00 MB
CompressedClassSpaceSize: 416.00 MB
Initial GC threshold: 21.00 MB
Current GC threshold: 107.12 MB
CDS: on
MetaspaceReclaimPolicy: balanced
 - commit_granule_bytes: 65536.
 - commit_granule_words: 8192.
 - virtual_space_node_default_size: 8388608.
 - enlarge_chunks_in_place: 1.
 - new_chunks_are_fully_committed: 0.
 - uncommit_free_chunks: 1.
 - use_allocation_guard: 0.
 - handle_deallocations: 1.


Internal statistics:

num_allocs_failed_limit: 6.
num_arena_births: 1442.
num_arena_deaths: 0.
num_vsnodes_births: 3.
num_vsnodes_deaths: 0.
num_space_committed: 1685.
num_space_uncommitted: 0.
num_chunks_returned_to_freelist: 6.
num_chunks_taken_from_freelist: 6285.
num_chunk_merges: 6.
num_chunk_splits: 4038.
num_chunks_enlarged: 2558.
num_inconsistent_stats: 0.

CodeHeap 'non-profiled nmethods': size=120000Kb used=8794Kb max_used=8794Kb free=111205Kb
 bounds [0x000002bc87ad0000, 0x000002bc88370000, 0x000002bc8f000000]
CodeHeap 'profiled nmethods': size=120000Kb used=23998Kb max_used=23998Kb free=96001Kb
 bounds [0x000002bc80000000, 0x000002bc81780000, 0x000002bc87530000]
CodeHeap 'non-nmethods': size=5760Kb used=2454Kb max_used=2500Kb free=3305Kb
 bounds [0x000002bc87530000, 0x000002bc877b0000, 0x000002bc87ad0000]
 total_blobs=13316 nmethods=12331 adapters=897
 compilation: enabled
              stopped_count=0, restarted_count=0
 full_count=0

Compilation events (20 events):
Event: 36.452 Thread 0x000002bc96960730 nmethod 14659 0x000002bc8176da10 code [0x000002bc8176dba0, 0x000002bc8176dd58]
Event: 36.455 Thread 0x000002bc96960730 14660       3       org.gradle.api.internal.artifacts.transform.TransformExecutionResult$Builder$ProducedOutputOnlyResult::resolveForWorkspace (54 bytes)
Event: 36.457 Thread 0x000002bc96960730 nmethod 14660 0x000002bc8176de10 code [0x000002bc8176e160, 0x000002bc8176f8f8]
Event: 36.457 Thread 0x000002bc96960730 14661       3       org.gradle.api.internal.artifacts.transform.TransformExecutionResult$Builder$ProducedOutputOnlyResult$$Lambda$964/0x000002bc9861ad38::<init> (10 bytes)
Event: 36.458 Thread 0x000002bc96960730 nmethod 14661 0x000002bc8176ff90 code [0x000002bc81770120, 0x000002bc817702d8]
Event: 36.476 Thread 0x000002bc96954860 14662       4       org.gradle.internal.hash.HashCode$HashCode128::toByteArray (26 bytes)
Event: 36.478 Thread 0x000002bc96954860 nmethod 14662 0x000002bc88365590 code [0x000002bc88365720, 0x000002bc88365938]
Event: 36.480 Thread 0x000002bc96954860 14663       4       java.util.stream.Collectors$$Lambda$69/0x000002bc980730a0::get (8 bytes)
Event: 36.481 Thread 0x000002bc96954860 nmethod 14663 0x000002bc88365a10 code [0x000002bc88365ba0, 0x000002bc88365c78]
Event: 36.483 Thread 0x000002bc96954860 14664       4       java.util.stream.Collectors::toList (26 bytes)
Event: 36.484 Thread 0x000002bc96954860 nmethod 14664 0x000002bc88365d10 code [0x000002bc88365ea0, 0x000002bc88365f78]
Event: 36.489 Thread 0x000002bc96954860 14665  s    4       java.io.BufferedOutputStream::flush (12 bytes)
Event: 36.491 Thread 0x000002bc96954860 nmethod 14665 0x000002bc88366090 code [0x000002bc88366220, 0x000002bc883665a8]
Event: 36.499 Thread 0x000002bc96954860 14666       4       org.gradle.api.internal.file.AbstractOpaqueFileCollection::visitContents (11 bytes)
Event: 36.500 Thread 0x000002bc96954860 nmethod 14666 0x000002bc88366790 code [0x000002bc88366900, 0x000002bc883669b8]
Event: 36.500 Thread 0x000002bc96954860 14667       4       org.gradle.cache.internal.btree.FreeListBlockStore$FreeListBlock::alloc (240 bytes)
Event: 36.607 Thread 0x000002bc96960730 14676       3       org.gradle.api.internal.artifacts.transform.TransformExecutionResult$Builder$MixedInputAndProducedOutputResult::resolveForWorkspace (37 bytes)
Event: 36.608 Thread 0x000002bc96960730 nmethod 14676 0x000002bc81770390 code [0x000002bc81770640, 0x000002bc81771718]
Event: 36.609 Thread 0x000002bc96960730 14677       3       org.gradle.api.internal.artifacts.transform.TransformExecutionResult$Builder$MixedInputAndProducedOutputResult$$Lambda$929/0x000002bc986161f0::<init> (10 bytes)
Event: 36.609 Thread 0x000002bc96960730 nmethod 14677 0x000002bc81771c10 code [0x000002bc81771da0, 0x000002bc81771f58]

GC Heap History (20 events):
Event: 32.479 GC heap before
{Heap before GC invocations=42 (full 0):
 garbage-first heap   total 215040K, used 186525K [0x0000000080000000, 0x0000000100000000)
  region size 1024K, 60 young (61440K), 6 survivors (6144K)
 Metaspace       used 99948K, committed 100928K, reserved 557056K
  class space    used 13996K, committed 14464K, reserved 425984K
}
Event: 32.492 GC heap after
{Heap after GC invocations=43 (full 0):
 garbage-first heap   total 215040K, used 140936K [0x0000000080000000, 0x0000000100000000)
  region size 1024K, 8 young (8192K), 8 survivors (8192K)
 Metaspace       used 99948K, committed 100928K, reserved 557056K
  class space    used 13996K, committed 14464K, reserved 425984K
}
Event: 33.220 GC heap before
{Heap before GC invocations=43 (full 0):
 garbage-first heap   total 215040K, used 181896K [0x0000000080000000, 0x0000000100000000)
  region size 1024K, 48 young (49152K), 8 survivors (8192K)
 Metaspace       used 100856K, committed 101952K, reserved 557056K
  class space    used 14145K, committed 14656K, reserved 425984K
}
Event: 33.229 GC heap after
{Heap after GC invocations=44 (full 0):
 garbage-first heap   total 215040K, used 147054K [0x0000000080000000, 0x0000000100000000)
  region size 1024K, 5 young (5120K), 5 survivors (5120K)
 Metaspace       used 100856K, committed 101952K, reserved 557056K
  class space    used 14145K, committed 14656K, reserved 425984K
}
Event: 33.849 GC heap before
{Heap before GC invocations=44 (full 0):
 garbage-first heap   total 215040K, used 182894K [0x0000000080000000, 0x0000000100000000)
  region size 1024K, 40 young (40960K), 5 survivors (5120K)
 Metaspace       used 102504K, committed 103552K, reserved 557056K
  class space    used 14442K, committed 14912K, reserved 425984K
}
Event: 33.856 GC heap after
{Heap after GC invocations=45 (full 0):
 garbage-first heap   total 215040K, used 149706K [0x0000000080000000, 0x0000000100000000)
  region size 1024K, 3 young (3072K), 3 survivors (3072K)
 Metaspace       used 102504K, committed 103552K, reserved 557056K
  class space    used 14442K, committed 14912K, reserved 425984K
}
Event: 34.332 GC heap before
{Heap before GC invocations=45 (full 0):
 garbage-first heap   total 215040K, used 183498K [0x0000000080000000, 0x0000000100000000)
  region size 1024K, 36 young (36864K), 3 survivors (3072K)
 Metaspace       used 104166K, committed 105280K, reserved 557056K
  class space    used 14682K, committed 15168K, reserved 425984K
}
Event: 34.339 GC heap after
{Heap after GC invocations=46 (full 0):
 garbage-first heap   total 215040K, used 151378K [0x0000000080000000, 0x0000000100000000)
  region size 1024K, 5 young (5120K), 5 survivors (5120K)
 Metaspace       used 104166K, committed 105280K, reserved 557056K
  class space    used 14682K, committed 15168K, reserved 425984K
}
Event: 34.864 GC heap before
{Heap before GC invocations=46 (full 0):
 garbage-first heap   total 215040K, used 184146K [0x0000000080000000, 0x0000000100000000)
  region size 1024K, 37 young (37888K), 5 survivors (5120K)
 Metaspace       used 106100K, committed 107200K, reserved 557056K
  class space    used 14920K, committed 15424K, reserved 425984K
}
Event: 34.871 GC heap after
{Heap after GC invocations=47 (full 0):
 garbage-first heap   total 215040K, used 153343K [0x0000000080000000, 0x0000000100000000)
  region size 1024K, 4 young (4096K), 4 survivors (4096K)
 Metaspace       used 106100K, committed 107200K, reserved 557056K
  class space    used 14920K, committed 15424K, reserved 425984K
}
Event: 35.272 GC heap before
{Heap before GC invocations=47 (full 0):
 garbage-first heap   total 215040K, used 186111K [0x0000000080000000, 0x0000000100000000)
  region size 1024K, 36 young (36864K), 4 survivors (4096K)
 Metaspace       used 106559K, committed 107712K, reserved 557056K
  class space    used 14978K, committed 15488K, reserved 425984K
}
Event: 35.280 GC heap after
{Heap after GC invocations=48 (full 0):
 garbage-first heap   total 215040K, used 158064K [0x0000000080000000, 0x0000000100000000)
  region size 1024K, 5 young (5120K), 5 survivors (5120K)
 Metaspace       used 106559K, committed 107712K, reserved 557056K
  class space    used 14978K, committed 15488K, reserved 425984K
}
Event: 35.526 GC heap before
{Heap before GC invocations=48 (full 0):
 garbage-first heap   total 215040K, used 184688K [0x0000000080000000, 0x0000000100000000)
  region size 1024K, 31 young (31744K), 5 survivors (5120K)
 Metaspace       used 106586K, committed 107712K, reserved 557056K
  class space    used 14979K, committed 15488K, reserved 425984K
}
Event: 35.538 GC heap after
{Heap after GC invocations=49 (full 0):
 garbage-first heap   total 215040K, used 163352K [0x0000000080000000, 0x0000000100000000)
  region size 1024K, 4 young (4096K), 4 survivors (4096K)
 Metaspace       used 106586K, committed 107712K, reserved 557056K
  class space    used 14979K, committed 15488K, reserved 425984K
}
Event: 35.712 GC heap before
{Heap before GC invocations=49 (full 0):
 garbage-first heap   total 215040K, used 184856K [0x0000000080000000, 0x0000000100000000)
  region size 1024K, 25 young (25600K), 4 survivors (4096K)
 Metaspace       used 106605K, committed 107712K, reserved 557056K
  class space    used 14979K, committed 15488K, reserved 425984K
}
Event: 35.721 GC heap after
{Heap after GC invocations=50 (full 0):
 garbage-first heap   total 215040K, used 167816K [0x0000000080000000, 0x0000000100000000)
  region size 1024K, 4 young (4096K), 4 survivors (4096K)
 Metaspace       used 106605K, committed 107712K, reserved 557056K
  class space    used 14979K, committed 15488K, reserved 425984K
}
Event: 36.028 GC heap before
{Heap before GC invocations=50 (full 0):
 garbage-first heap   total 215040K, used 185224K [0x0000000080000000, 0x0000000100000000)
  region size 1024K, 21 young (21504K), 4 survivors (4096K)
 Metaspace       used 106750K, committed 107840K, reserved 557056K
  class space    used 14989K, committed 15488K, reserved 425984K
}
Event: 36.036 GC heap after
{Heap after GC invocations=51 (full 0):
 garbage-first heap   total 215040K, used 170952K [0x0000000080000000, 0x0000000100000000)
  region size 1024K, 3 young (3072K), 3 survivors (3072K)
 Metaspace       used 106750K, committed 107840K, reserved 557056K
  class space    used 14989K, committed 15488K, reserved 425984K
}
Event: 36.270 GC heap before
{Heap before GC invocations=51 (full 0):
 garbage-first heap   total 215040K, used 185288K [0x0000000080000000, 0x0000000100000000)
  region size 1024K, 18 young (18432K), 3 survivors (3072K)
 Metaspace       used 106756K, committed 107840K, reserved 557056K
  class space    used 14989K, committed 15488K, reserved 425984K
}
Event: 36.278 GC heap after
{Heap after GC invocations=52 (full 0):
 garbage-first heap   total 265216K, used 172726K [0x0000000080000000, 0x0000000100000000)
  region size 1024K, 2 young (2048K), 2 survivors (2048K)
 Metaspace       used 106756K, committed 107840K, reserved 557056K
  class space    used 14989K, committed 15488K, reserved 425984K
}

Deoptimization events (20 events):
Event: 36.074 Thread 0x000002bcb69540e0 DEOPT PACKING pc=0x000002bc882f2050 sp=0x000000c2649f8640
Event: 36.074 Thread 0x000002bcb69540e0 DEOPT UNPACKING pc=0x000002bc87585ba3 sp=0x000000c2649f85e0 mode 2
Event: 36.119 Thread 0x000002bcbb1a80a0 DEOPT PACKING pc=0x000002bc8094bd60 sp=0x000000c26a5fca40
Event: 36.119 Thread 0x000002bcbb1a80a0 DEOPT UNPACKING pc=0x000002bc875866e3 sp=0x000000c26a5fbf48 mode 0
Event: 36.149 Thread 0x000002bcbb1a6240 DEOPT PACKING pc=0x000002bc8094bd60 sp=0x000000c26a3fcb30
Event: 36.149 Thread 0x000002bcbb1a6240 DEOPT UNPACKING pc=0x000002bc875866e3 sp=0x000000c26a3fc038 mode 0
Event: 36.185 Thread 0x000002bcbb1a2fa0 DEOPT PACKING pc=0x000002bc8094bd60 sp=0x000000c269cfcad0
Event: 36.186 Thread 0x000002bcbb1a2fa0 DEOPT UNPACKING pc=0x000002bc875866e3 sp=0x000000c269cfbfd8 mode 0
Event: 36.215 Thread 0x000002bcbb1a80a0 DEOPT PACKING pc=0x000002bc8094bd60 sp=0x000000c26a5fcd60
Event: 36.217 Thread 0x000002bcbb1a80a0 DEOPT UNPACKING pc=0x000002bc875866e3 sp=0x000000c26a5fc268 mode 0
Event: 36.257 Thread 0x000002bcbb1a6750 DEOPT PACKING pc=0x000002bc8094bd60 sp=0x000000c26a6fd090
Event: 36.257 Thread 0x000002bcbb1a6750 DEOPT UNPACKING pc=0x000002bc875866e3 sp=0x000000c26a6fc598 mode 0
Event: 36.299 Thread 0x000002bcbb1a2a90 DEOPT PACKING pc=0x000002bc8094bd60 sp=0x000000c26a4fcf10
Event: 36.299 Thread 0x000002bcbb1a2a90 DEOPT UNPACKING pc=0x000002bc875866e3 sp=0x000000c26a4fc418 mode 0
Event: 36.328 Thread 0x000002bcbb1a80a0 DEOPT PACKING pc=0x000002bc8094bd60 sp=0x000000c26a5fc9f0
Event: 36.328 Thread 0x000002bcbb1a80a0 DEOPT UNPACKING pc=0x000002bc875866e3 sp=0x000000c26a5fbef8 mode 0
Event: 36.355 Thread 0x000002bcbb1a7170 DEOPT PACKING pc=0x000002bc8094bd60 sp=0x000000c26a9fcf90
Event: 36.355 Thread 0x000002bcbb1a7170 DEOPT UNPACKING pc=0x000002bc875866e3 sp=0x000000c26a9fc498 mode 0
Event: 36.393 Thread 0x000002bcbb1a6750 DEOPT PACKING pc=0x000002bc8094bd60 sp=0x000000c26a6fcfe0
Event: 36.393 Thread 0x000002bcbb1a6750 DEOPT UNPACKING pc=0x000002bc875866e3 sp=0x000000c26a6fc4e8 mode 0

Classes unloaded (0 events):
No events

Classes redefined (0 events):
No events

Internal exceptions (20 events):
Event: 35.804 Thread 0x000002bcb69540e0 Exception <a 'java/lang/ClassNotFoundException'{0x000000008c8a6980}: com/android/build/gradle/internal/tasks/ValidateSigningTaskCustomizer> (0x000000008c8a6980) 
thrown [s\open\src\hotspot\share\classfile\systemDictionary.cpp, line 256]
Event: 35.805 Thread 0x000002bcb69540e0 Exception <a 'java/lang/ClassNotFoundException'{0x000000008c8c8c40}: com/android/build/gradle/internal/tasks/ValidateSigningTask_DecoratedCustomizer> (0x000000008c8c8c40) 
thrown [s\open\src\hotspot\share\classfile\systemDictionary.cpp, line 256]
Event: 35.809 Thread 0x000002bcb69540e0 Exception <a 'java/lang/ClassNotFoundException'{0x000000008c757a98}: com/android/build/gradle/tasks/VerifyLibraryResourcesTask_DecoratedBeanInfo> (0x000000008c757a98) 
thrown [s\open\src\hotspot\share\classfile\systemDictionary.cpp, line 256]
Event: 35.809 Thread 0x000002bcb69540e0 Exception <a 'java/lang/ClassNotFoundException'{0x000000008c7666d8}: com/android/build/gradle/tasks/VerifyLibraryResourcesTaskBeanInfo> (0x000000008c7666d8) 
thrown [s\open\src\hotspot\share\classfile\systemDictionary.cpp, line 256]
Event: 35.810 Thread 0x000002bcb69540e0 Exception <a 'java/lang/ClassNotFoundException'{0x000000008c775060}: com/android/build/gradle/tasks/VerifyLibraryResourcesTaskCustomizer> (0x000000008c775060) 
thrown [s\open\src\hotspot\share\classfile\systemDictionary.cpp, line 256]
Event: 35.811 Thread 0x000002bcb69540e0 Exception <a 'java/lang/ClassNotFoundException'{0x000000008c79e980}: com/android/build/gradle/tasks/VerifyLibraryResourcesTask_DecoratedCustomizer> (0x000000008c79e980) 
thrown [s\open\src\hotspot\share\classfile\systemDictionary.cpp, line 256]
Event: 35.817 Thread 0x000002bcb69540e0 Exception <a 'java/lang/ClassNotFoundException'{0x000000008c638650}: com/android/build/gradle/internal/tasks/AarMetadataTask_DecoratedBeanInfo> (0x000000008c638650) 
thrown [s\open\src\hotspot\share\classfile\systemDictionary.cpp, line 256]
Event: 35.818 Thread 0x000002bcb69540e0 Exception <a 'java/lang/ClassNotFoundException'{0x000000008c647340}: com/android/build/gradle/internal/tasks/AarMetadataTaskBeanInfo> (0x000000008c647340) 
thrown [s\open\src\hotspot\share\classfile\systemDictionary.cpp, line 256]
Event: 35.819 Thread 0x000002bcb69540e0 Exception <a 'java/lang/ClassNotFoundException'{0x000000008c655fe8}: com/android/build/gradle/internal/tasks/AarMetadataTaskCustomizer> (0x000000008c655fe8) 
thrown [s\open\src\hotspot\share\classfile\systemDictionary.cpp, line 256]
Event: 35.820 Thread 0x000002bcb69540e0 Exception <a 'java/lang/ClassNotFoundException'{0x000000008c6827b8}: com/android/build/gradle/internal/tasks/AarMetadataTask_DecoratedCustomizer> (0x000000008c6827b8) 
thrown [s\open\src\hotspot\share\classfile\systemDictionary.cpp, line 256]
Event: 35.825 Thread 0x000002bcb69540e0 Exception <a 'java/lang/ClassNotFoundException'{0x000000008c520020}: com/android/build/gradle/internal/tasks/SigningConfigVersionsWriterTask_DecoratedBeanInfo> (0x000000008c520020) 
thrown [s\open\src\hotspot\share\classfile\systemDictionary.cpp, line 256]
Event: 35.825 Thread 0x000002bcb69540e0 Exception <a 'java/lang/ClassNotFoundException'{0x000000008c52efb8}: com/android/build/gradle/internal/tasks/SigningConfigVersionsWriterTaskBeanInfo> (0x000000008c52efb8) 
thrown [s\open\src\hotspot\share\classfile\systemDictionary.cpp, line 256]
Event: 35.826 Thread 0x000002bcb69540e0 Exception <a 'java/lang/ClassNotFoundException'{0x000000008c53dcc8}: com/android/build/gradle/internal/tasks/SigningConfigVersionsWriterTaskCustomizer> (0x000000008c53dcc8) 
thrown [s\open\src\hotspot\share\classfile\systemDictionary.cpp, line 256]
Event: 35.829 Thread 0x000002bcb69540e0 Exception <a 'java/lang/ClassNotFoundException'{0x000000008c567870}: com/android/build/gradle/internal/tasks/SigningConfigVersionsWriterTask_DecoratedCustomizer> (0x000000008c567870) 
thrown [s\open\src\hotspot\share\classfile\systemDictionary.cpp, line 256]
Event: 35.834 Thread 0x000002bcb69540e0 Exception <a 'java/lang/ClassNotFoundException'{0x000000008c5fe3e0}: com/android/build/gradle/internal/tasks/LintModelMetadataTask_DecoratedBeanInfo> (0x000000008c5fe3e0) 
thrown [s\open\src\hotspot\share\classfile\systemDictionary.cpp, line 256]
Event: 35.835 Thread 0x000002bcb69540e0 Exception <a 'java/lang/ClassNotFoundException'{0x000000008c40d678}: com/android/build/gradle/internal/tasks/LintModelMetadataTaskBeanInfo> (0x000000008c40d678) 
thrown [s\open\src\hotspot\share\classfile\systemDictionary.cpp, line 256]
Event: 35.835 Thread 0x000002bcb69540e0 Exception <a 'java/lang/ClassNotFoundException'{0x000000008c41c1d8}: com/android/build/gradle/internal/tasks/LintModelMetadataTaskCustomizer> (0x000000008c41c1d8) 
thrown [s\open\src\hotspot\share\classfile\systemDictionary.cpp, line 256]
Event: 35.837 Thread 0x000002bcb69540e0 Exception <a 'java/lang/ClassNotFoundException'{0x000000008c43ff38}: com/android/build/gradle/internal/tasks/LintModelMetadataTask_DecoratedCustomizer> (0x000000008c43ff38) 
thrown [s\open\src\hotspot\share\classfile\systemDictionary.cpp, line 256]
Event: 35.914 Thread 0x000002bcb69540e0 Exception <a 'java/lang/ClassNotFoundException'{0x000000008c352370}: build_botfd7phd0qgkplrq6zgc6pfnBeanInfo> (0x000000008c352370) 
thrown [s\open\src\hotspot\share\classfile\systemDictionary.cpp, line 256]
Event: 35.914 Thread 0x000002bcb69540e0 Exception <a 'java/lang/ClassNotFoundException'{0x000000008c359510}: build_botfd7phd0qgkplrq6zgc6pfnCustomizer> (0x000000008c359510) 
thrown [s\open\src\hotspot\share\classfile\systemDictionary.cpp, line 256]

VM Operations (20 events):
Event: 33.849 Executing VM operation: G1CollectForAllocation
Event: 33.856 Executing VM operation: G1CollectForAllocation done
Event: 34.148 Executing VM operation: HandshakeAllThreads
Event: 34.148 Executing VM operation: HandshakeAllThreads done
Event: 34.332 Executing VM operation: G1CollectForAllocation
Event: 34.339 Executing VM operation: G1CollectForAllocation done
Event: 34.812 Executing VM operation: ICBufferFull
Event: 34.813 Executing VM operation: ICBufferFull done
Event: 34.864 Executing VM operation: G1CollectForAllocation
Event: 34.871 Executing VM operation: G1CollectForAllocation done
Event: 35.272 Executing VM operation: G1CollectForAllocation
Event: 35.280 Executing VM operation: G1CollectForAllocation done
Event: 35.526 Executing VM operation: G1CollectForAllocation
Event: 35.539 Executing VM operation: G1CollectForAllocation done
Event: 35.712 Executing VM operation: G1CollectForAllocation
Event: 35.721 Executing VM operation: G1CollectForAllocation done
Event: 36.027 Executing VM operation: G1CollectForAllocation
Event: 36.037 Executing VM operation: G1CollectForAllocation done
Event: 36.269 Executing VM operation: G1CollectForAllocation
Event: 36.278 Executing VM operation: G1CollectForAllocation done

Events (20 events):
Event: 33.298 Thread 0x000002bc96971c50 flushing nmethod 0x000002bc81632390
Event: 33.298 Thread 0x000002bc96971c50 flushing nmethod 0x000002bc81638f10
Event: 33.558 loading class java/io/SerialCallbackContext
Event: 33.559 loading class java/io/SerialCallbackContext done
Event: 33.631 loading class java/util/AbstractList$RandomAccessSubList
Event: 33.632 loading class java/util/AbstractList$SubList
Event: 33.632 loading class java/util/AbstractList$SubList done
Event: 33.632 loading class java/util/AbstractList$RandomAccessSubList done
Event: 33.632 loading class java/util/AbstractList$SubList$1
Event: 33.632 loading class java/util/AbstractList$SubList$1 done
Event: 34.144 loading class java/io/NotSerializableException
Event: 34.144 loading class java/io/NotSerializableException done
Event: 34.967 loading class java/security/cert/CertificateEncodingException
Event: 34.969 loading class java/security/cert/CertificateEncodingException done
Event: 35.183 loading class java/beans/ParameterDescriptor
Event: 35.184 loading class java/beans/ParameterDescriptor done
Event: 35.738 loading class java/security/NoSuchProviderException
Event: 35.738 loading class java/security/NoSuchProviderException done
Event: 35.738 loading class java/security/SignatureException
Event: 35.738 loading class java/security/SignatureException done


Dynamic libraries:
0x00007ff60c970000 - 0x00007ff60c980000 	C:\Program Files\Java\jdk-17\bin\java.exe
0x00007ffe061c0000 - 0x00007ffe06423000 	C:\WINDOWS\SYSTEM32\ntdll.dll
0x00007ffe05600000 - 0x00007ffe056c8000 	C:\WINDOWS\System32\KERNEL32.DLL
0x00007ffe03930000 - 0x00007ffe03ce2000 	C:\WINDOWS\System32\KERNELBASE.dll
0x00007ffe03590000 - 0x00007ffe036db000 	C:\WINDOWS\System32\ucrtbase.dll
0x00007ffd36430000 - 0x00007ffd3644b000 	C:\Program Files\Java\jdk-17\bin\VCRUNTIME140.dll
0x00007ffd36450000 - 0x00007ffd36469000 	C:\Program Files\Java\jdk-17\bin\jli.dll
0x00007ffe05ac0000 - 0x00007ffe05b74000 	C:\WINDOWS\System32\ADVAPI32.dll
0x00007ffe06020000 - 0x00007ffe060c9000 	C:\WINDOWS\System32\msvcrt.dll
0x00007ffe05a10000 - 0x00007ffe05ab6000 	C:\WINDOWS\System32\sechost.dll
0x00007ffe04c60000 - 0x00007ffe04d76000 	C:\WINDOWS\System32\RPCRT4.dll
0x00007ffe057c0000 - 0x00007ffe05988000 	C:\WINDOWS\System32\USER32.dll
0x00007ffe036e0000 - 0x00007ffe03707000 	C:\WINDOWS\System32\win32u.dll
0x00007ffe060d0000 - 0x00007ffe060fa000 	C:\WINDOWS\System32\GDI32.dll
0x00007ffe03da0000 - 0x00007ffe03ecb000 	C:\WINDOWS\System32\gdi32full.dll
0x00007ffe03cf0000 - 0x00007ffe03d93000 	C:\WINDOWS\System32\msvcp_win.dll
0x00007ffdeb5a0000 - 0x00007ffdeb830000 	C:\WINDOWS\WinSxS\amd64_microsoft.windows.common-controls_6595b64144ccf1df_6.0.26100.2454_none_3e0b68a2e331ad60\COMCTL32.dll
0x00007ffdf8e70000 - 0x00007ffdf8e7b000 	C:\WINDOWS\SYSTEM32\VERSION.dll
0x00007ffe04580000 - 0x00007ffe045af000 	C:\WINDOWS\System32\IMM32.DLL
0x00007ffdcaa30000 - 0x00007ffdcaa3c000 	C:\Program Files\Java\jdk-17\bin\vcruntime140_1.dll
0x00007ffd35100000 - 0x00007ffd3518e000 	C:\Program Files\Java\jdk-17\bin\msvcp140.dll
0x00007ffd34520000 - 0x00007ffd35100000 	C:\Program Files\Java\jdk-17\bin\server\jvm.dll
0x00007ffe057b0000 - 0x00007ffe057b8000 	C:\WINDOWS\System32\PSAPI.DLL
0x00007ffd36420000 - 0x00007ffd3642a000 	C:\WINDOWS\SYSTEM32\WSOCK32.dll
0x00007ffdee6b0000 - 0x00007ffdee6e6000 	C:\WINDOWS\SYSTEM32\WINMM.dll
0x00007ffe044e0000 - 0x00007ffe04554000 	C:\WINDOWS\System32\WS2_32.dll
0x00007ffe02390000 - 0x00007ffe023aa000 	C:\WINDOWS\SYSTEM32\kernel.appcore.dll
0x00007ffd34510000 - 0x00007ffd3451a000 	C:\Program Files\Java\jdk-17\bin\jimage.dll
0x00007ffe00db0000 - 0x00007ffe00ff1000 	C:\WINDOWS\SYSTEM32\DBGHELP.DLL
0x00007ffe04700000 - 0x00007ffe04a7e000 	C:\WINDOWS\System32\combase.dll
0x00007ffe045c0000 - 0x00007ffe04696000 	C:\WINDOWS\System32\OLEAUT32.dll
0x00007ffdd0160000 - 0x00007ffdd0199000 	C:\WINDOWS\SYSTEM32\dbgcore.DLL
0x00007ffe03890000 - 0x00007ffe03929000 	C:\WINDOWS\System32\bcryptPrimitives.dll
0x00007ffd33a30000 - 0x00007ffd33a3e000 	C:\Program Files\Java\jdk-17\bin\instrument.dll
0x00007ffd344e0000 - 0x00007ffd34505000 	C:\Program Files\Java\jdk-17\bin\java.dll
0x00007ffd34400000 - 0x00007ffd344d7000 	C:\Program Files\Java\jdk-17\bin\jsvml.dll
0x00007ffe04ef0000 - 0x00007ffe055f0000 	C:\WINDOWS\System32\SHELL32.dll
0x00007ffe01260000 - 0x00007ffe01a91000 	C:\WINDOWS\SYSTEM32\windows.storage.dll
0x00007ffe04310000 - 0x00007ffe043ea000 	C:\WINDOWS\System32\SHCORE.dll
0x00007ffe04060000 - 0x00007ffe040bd000 	C:\WINDOWS\System32\shlwapi.dll
0x00007ffe034a0000 - 0x00007ffe034ce000 	C:\WINDOWS\SYSTEM32\profapi.dll
0x00007ffd34140000 - 0x00007ffd34158000 	C:\Program Files\Java\jdk-17\bin\zip.dll
0x00007ffd343e0000 - 0x00007ffd343f9000 	C:\Program Files\Java\jdk-17\bin\net.dll
0x00007ffdfc320000 - 0x00007ffdfc446000 	C:\WINDOWS\SYSTEM32\WINHTTP.dll
0x00007ffe02880000 - 0x00007ffe028e8000 	C:\WINDOWS\system32\mswsock.dll
0x00007ffd343c0000 - 0x00007ffd343d6000 	C:\Program Files\Java\jdk-17\bin\nio.dll
0x00007ffd34130000 - 0x00007ffd34140000 	C:\Program Files\Java\jdk-17\bin\verify.dll
0x00007ffd34100000 - 0x00007ffd34127000 	C:\Users\quoch\.gradle\native\c067742578af261105cb4f569cf0c3c89f3d7b1fecec35dd04571415982c5e48\windows-amd64\native-platform.dll
0x00007ffd33f80000 - 0x00007ffd340c4000 	C:\Users\quoch\.gradle\native\100fb08df4bc3b14c8652ba06237920a3bd2aa13389f12d3474272988ae205f9\windows-amd64\native-platform-file-events.dll
0x00007ffd340e0000 - 0x00007ffd340ea000 	C:\Program Files\Java\jdk-17\bin\management.dll
0x00007ffd340d0000 - 0x00007ffd340db000 	C:\Program Files\Java\jdk-17\bin\management_ext.dll
0x00007ffe02b80000 - 0x00007ffe02b9c000 	C:\WINDOWS\SYSTEM32\CRYPTSP.dll
0x00007ffe022f0000 - 0x00007ffe02328000 	C:\WINDOWS\system32\rsaenh.dll
0x00007ffe02920000 - 0x00007ffe0294b000 	C:\WINDOWS\SYSTEM32\USERENV.dll
0x00007ffe02ec0000 - 0x00007ffe02ee6000 	C:\WINDOWS\SYSTEM32\bcrypt.dll
0x00007ffe02ba0000 - 0x00007ffe02bac000 	C:\WINDOWS\SYSTEM32\CRYPTBASE.dll
0x00007ffe01db0000 - 0x00007ffe01de2000 	C:\WINDOWS\SYSTEM32\IPHLPAPI.DLL
0x00007ffe04020000 - 0x00007ffe0402a000 	C:\WINDOWS\System32\NSI.dll
0x00007ffdff980000 - 0x00007ffdff99e000 	C:\WINDOWS\SYSTEM32\dhcpcsvc6.DLL
0x00007ffdff950000 - 0x00007ffdff975000 	C:\WINDOWS\SYSTEM32\dhcpcsvc.DLL
0x00007ffe01df0000 - 0x00007ffe01f15000 	C:\WINDOWS\SYSTEM32\DNSAPI.dll
0x00007ffd33f70000 - 0x00007ffd33f7e000 	C:\Program Files\Java\jdk-17\bin\sunmscapi.dll
0x00007ffe03710000 - 0x00007ffe03886000 	C:\WINDOWS\System32\CRYPT32.dll
0x00007ffe02e80000 - 0x00007ffe02eb0000 	C:\WINDOWS\SYSTEM32\ncrypt.dll
0x00007ffe02e30000 - 0x00007ffe02e6f000 	C:\WINDOWS\SYSTEM32\NTASN1.dll
0x00007ffdccd80000 - 0x00007ffdccd88000 	C:\WINDOWS\system32\wshunix.dll
0x00007ffdfd080000 - 0x00007ffdfd098000 	C:\WINDOWS\system32\napinsp.dll
0x00007ffdf98e0000 - 0x00007ffdf98f2000 	C:\WINDOWS\System32\winrnr.dll
0x00007ffdbe420000 - 0x00007ffdbe442000 	C:\WINDOWS\system32\nlansp_c.dll
0x00007ffdc8720000 - 0x00007ffdc8736000 	C:\WINDOWS\system32\wshbth.dll
0x00007ffdf9fc0000 - 0x00007ffdf9fcb000 	C:\Windows\System32\rasadhlp.dll
0x00007ffdffaa0000 - 0x00007ffdffb25000 	C:\WINDOWS\System32\fwpuclnt.dll

dbghelp: loaded successfully - version: 4.0.5 - missing functions: none
symbol engine: initialized successfully - sym options: 0x614 - pdb path: .;C:\Program Files\Java\jdk-17\bin;C:\WINDOWS\SYSTEM32;C:\WINDOWS\WinSxS\amd64_microsoft.windows.common-controls_6595b64144ccf1df_6.0.26100.2454_none_3e0b68a2e331ad60;C:\Program Files\Java\jdk-17\bin\server;C:\Users\quoch\.gradle\native\c067742578af261105cb4f569cf0c3c89f3d7b1fecec35dd04571415982c5e48\windows-amd64;C:\Users\quoch\.gradle\native\100fb08df4bc3b14c8652ba06237920a3bd2aa13389f12d3474272988ae205f9\windows-amd64

VM Arguments:
jvm_args: -XX:MaxMetaspaceSize=512m --add-opens=java.base/java.util=ALL-UNNAMED --add-opens=java.base/java.lang=ALL-UNNAMED --add-opens=java.base/java.lang.invoke=ALL-UNNAMED --add-opens=java.prefs/java.util.prefs=ALL-UNNAMED --add-exports=jdk.compiler/com.sun.tools.javac.api=ALL-UNNAMED --add-exports=jdk.compiler/com.sun.tools.javac.util=ALL-UNNAMED --add-opens=java.base/java.nio.charset=ALL-UNNAMED --add-opens=java.base/java.net=ALL-UNNAMED --add-opens=java.base/java.util.concurrent.atomic=ALL-UNNAMED -Xmx2048m -Dfile.encoding=windows-1252 -Duser.country=US -Duser.language=en -Duser.variant -javaagent:C:\Users\quoch\.gradle\wrapper\dists\gradle-8.10.2-all\7iv73wktx1xtkvlq19urqw1wm\gradle-8.10.2\lib\agents\gradle-instrumentation-agent-8.10.2.jar 
java_command: org.gradle.launcher.daemon.bootstrap.GradleDaemon 8.10.2
java_class_path (initial): C:\Users\quoch\.gradle\wrapper\dists\gradle-8.10.2-all\7iv73wktx1xtkvlq19urqw1wm\gradle-8.10.2\lib\gradle-daemon-main-8.10.2.jar
Launcher Type: SUN_STANDARD

[Global flags]
     intx CICompilerCount                          = 4                                         {product} {ergonomic}
   size_t CompressedClassSpaceSize                 = 436207616                                 {product} {ergonomic}
     uint ConcGCThreads                            = 2                                         {product} {ergonomic}
     uint G1ConcRefinementThreads                  = 8                                         {product} {ergonomic}
   size_t G1HeapRegionSize                         = 1048576                                   {product} {ergonomic}
    uintx GCDrainStackTargetSize                   = 64                                        {product} {ergonomic}
   size_t InitialHeapSize                          = 130023424                                 {product} {ergonomic}
   size_t MarkStackSize                            = 4194304                                   {product} {ergonomic}
   size_t MaxHeapSize                              = 2147483648                                {product} {command line}
   size_t MaxMetaspaceSize                         = 536870912                                 {product} {command line}
   size_t MaxNewSize                               = 1287651328                                {product} {ergonomic}
   size_t MinHeapDeltaBytes                        = 1048576                                   {product} {ergonomic}
   size_t MinHeapSize                              = 8388608                                   {product} {ergonomic}
    uintx NonNMethodCodeHeapSize                   = 5839372                                {pd product} {ergonomic}
    uintx NonProfiledCodeHeapSize                  = 122909434                              {pd product} {ergonomic}
    uintx ProfiledCodeHeapSize                     = 122909434                              {pd product} {ergonomic}
    uintx ReservedCodeCacheSize                    = 251658240                              {pd product} {ergonomic}
     bool SegmentedCodeCache                       = true                                      {product} {ergonomic}
   size_t SoftMaxHeapSize                          = 2147483648                             {manageable} {ergonomic}
     bool UseCompressedClassPointers               = true                           {product lp64_product} {ergonomic}
     bool UseCompressedOops                        = true                           {product lp64_product} {ergonomic}
     bool UseG1GC                                  = true                                      {product} {ergonomic}
     bool UseLargePagesIndividualAllocation        = false                                  {pd product} {ergonomic}

Logging:
Log output configuration:
 #0: stdout all=warning uptime,level,tags
 #1: stderr all=off uptime,level,tags

Environment Variables:
JAVA_HOME=C:\Program Files\Java\jdk-17
CLASSPATH=D:\FinalPJ\android\\gradle\wrapper\gradle-wrapper.jar
PATH=D:\FinalPJ\node_modules\.bin;D:\FinalPJ\node_modules\.bin;D:\node_modules\.bin;C:\Users\quoch\AppData\Roaming\npm\node_modules\npm\node_modules\@npmcli\run-script\lib\node-gyp-bin;D:\FinalPJ\node_modules\.bin;D:\node_modules\.bin;C:\Users\quoch\AppData\Roaming\npm\node_modules\npm\node_modules\@npmcli\run-script\lib\node-gyp-bin;C:\Program Files\Common Files\Oracle\Java\javapath;C:\WINDOWS\system32;C:\WINDOWS;C:\WINDOWS\System32\Wbem;C:\WINDOWS\System32\WindowsPowerShell\v1.0\;C:\WINDOWS\System32\OpenSSH\;C:\Program Files\Git\cmd;C:\Program Files\nodejs\;C:\Users\quoch\AppData\Local\Android\Sdk\platform-tools;C:\Users\quoch\AppData\Local\Android\Sdk\tools;C:\Users\quoch\AppData\Local\jdk-11.0.2\bin;C:\Users\quoch\AppData\Local\Microsoft\WindowsApps;C:\Users\quoch\AppData\Local\Programs\Microsoft VS Code\bin;C:\Users\quoch\AppData\Roaming\npm
USERNAME=quoch
LANG=en_US.UTF-8
OS=Windows_NT
PROCESSOR_IDENTIFIER=Intel64 Family 6 Model 140 Stepping 1, GenuineIntel



---------------  S Y S T E M  ---------------

OS:
 Windows 11 , 64 bit Build 26100 (10.0.26100.2454)
OS uptime: 0 days 1:50 hours
Hyper-V role detected

CPU: total 8 (initial active 8) (4 cores per cpu, 2 threads per core) family 6 model 140 stepping 1 microcode 0xa6, cx8, cmov, fxsr, ht, mmx, 3dnowpref, sse, sse2, sse3, ssse3, sse4.1, sse4.2, popcnt, lzcnt, tsc, tscinvbit, avx, avx2, aes, erms, clmul, bmi1, bmi2, adx, avx512f, avx512dq, avx512cd, avx512bw, avx512vl, sha, fma, vzeroupper, avx512_vpopcntdq, avx512_vpclmulqdq, avx512_vaes, avx512_vnni, clflush, clflushopt, clwb, avx512_vbmi2, avx512_vbmi, hv

Memory: 4k page, system-wide physical 7886M (315M free)
TotalPageFile size 24421M (AvailPageFile size 3M)
current process WorkingSet (physical memory assigned to process): 401M, peak: 412M
current process commit charge ("private bytes"): 607M, peak: 611M

vm_info: Java HotSpot(TM) 64-Bit Server VM (17.0.11+7-LTS-207) for windows-amd64 JRE (17.0.11+7-LTS-207), built on Mar 11 2024 19:01:50 by "mach5one" with MS VC++ 17.6 (VS2022)

END.
